2025-10-20 21:55:00,600 (92879/MainThread) pgcli.main INFO - Default pager found in PAGER environment variable: "less"
2025-10-20 21:55:00,600 (92879/MainThread) pgcli.main WARNING - import keyring failed: ModuleNotFoundError("No module named 'keyring'").
2025-10-20 22:01:38,586 (92879/MainThread) pgcli.pgexecute ERROR - sql: 'SELECT "date", "amount", "status" FROM "Transaction" JOIN "Order" ON "Order".id = "Transaction".order_id WHERE "Order".car_id = 1', error: AmbiguousColumn('column reference "status" is ambiguous\nLINE 1: SELECT "date", "amount", "status" FROM "Transaction" JOIN "O...\n                                 ^')
2025-10-20 22:01:38,586 (92879/MainThread) pgcli.pgexecute ERROR - traceback: 'Traceback (most recent call last):\n  File "/usr/lib/python3.13/site-packages/pgcli/pgexecute.py", line 406, in run\n    yield self.execute_normal_sql(sql) + (sql, True, False)\n          ~~~~~~~~~~~~~~~~~~~~~~~^^^^^\n  File "/usr/lib/python3.13/site-packages/pgcli/pgexecute.py", line 460, in execute_normal_sql\n    cur.execute(split_sql)\n    ~~~~~~~~~~~^^^^^^^^^^^\n  File "/usr/lib/python3.13/site-packages/pgcli/pgexecute.py", line 91, in execute\n    super().execute(*args, **kwargs)\n    ~~~~~~~~~~~~~~~^^^^^^^^^^^^^^^^^\n  File "/usr/lib/python3.13/site-packages/psycopg/cursor.py", line 97, in execute\n    raise ex.with_traceback(None)\npsycopg.errors.AmbiguousColumn: column reference "status" is ambiguous\nLINE 1: SELECT "date", "amount", "status" FROM "Transaction" JOIN "O...\n                                 ^\n'
2025-10-20 22:02:00,736 (92879/MainThread) pgcli.pgexecute ERROR - sql: 'SELECT "date", "amount", "status" FROM "Transaction" JOIN "Order" ON "Order".id = "TT WHERE "Order".car_id = 1', error: SyntaxError('unterminated quoted identifier at or near "".car_id = 1"\nLINE 1: ...ion" JOIN "Order" ON "Order".id = "TT WHERE "Order".car_id =...\n                                                             ^')
2025-10-20 22:02:00,737 (92879/MainThread) pgcli.pgexecute ERROR - traceback: 'Traceback (most recent call last):\n  File "/usr/lib/python3.13/site-packages/pgcli/pgexecute.py", line 406, in run\n    yield self.execute_normal_sql(sql) + (sql, True, False)\n          ~~~~~~~~~~~~~~~~~~~~~~~^^^^^\n  File "/usr/lib/python3.13/site-packages/pgcli/pgexecute.py", line 460, in execute_normal_sql\n    cur.execute(split_sql)\n    ~~~~~~~~~~~^^^^^^^^^^^\n  File "/usr/lib/python3.13/site-packages/pgcli/pgexecute.py", line 91, in execute\n    super().execute(*args, **kwargs)\n    ~~~~~~~~~~~~~~~^^^^^^^^^^^^^^^^^\n  File "/usr/lib/python3.13/site-packages/psycopg/cursor.py", line 97, in execute\n    raise ex.with_traceback(None)\npsycopg.errors.SyntaxError: unterminated quoted identifier at or near "".car_id = 1"\nLINE 1: ...ion" JOIN "Order" ON "Order".id = "TT WHERE "Order".car_id =...\n                                                             ^\n'
2025-10-20 22:19:35,787 (92879/MainThread) pgcli.pgexecute ERROR - sql: 'SELECT SUM("Service".price) as total_service_sum FROM "Car_at_work" JOIN "Detail_needed" ON "Detail_needed".car_at_work_id = "Car_at_work".id WHERE "Car_at_work".order_id = 2', error: UndefinedTable('missing FROM-clause entry for table "Service"\nLINE 1: SELECT SUM("Service".price) as total_service_sum FROM "Car_a...\n                   ^')
2025-10-20 22:19:35,788 (92879/MainThread) pgcli.pgexecute ERROR - traceback: 'Traceback (most recent call last):\n  File "/usr/lib/python3.13/site-packages/pgcli/pgexecute.py", line 406, in run\n    yield self.execute_normal_sql(sql) + (sql, True, False)\n          ~~~~~~~~~~~~~~~~~~~~~~~^^^^^\n  File "/usr/lib/python3.13/site-packages/pgcli/pgexecute.py", line 460, in execute_normal_sql\n    cur.execute(split_sql)\n    ~~~~~~~~~~~^^^^^^^^^^^\n  File "/usr/lib/python3.13/site-packages/pgcli/pgexecute.py", line 91, in execute\n    super().execute(*args, **kwargs)\n    ~~~~~~~~~~~~~~~^^^^^^^^^^^^^^^^^\n  File "/usr/lib/python3.13/site-packages/psycopg/cursor.py", line 97, in execute\n    raise ex.with_traceback(None)\npsycopg.errors.UndefinedTable: missing FROM-clause entry for table "Service"\nLINE 1: SELECT SUM("Service".price) as total_service_sum FROM "Car_a...\n                   ^\n'
2025-10-20 22:42:06,178 (92879/MainThread) pgcli.pgexecute ERROR - sql: 'SELECT\n   SUM("Detail".price) as total_details_sum\nFROM ("Car_at_work"\n   JOIN "Detail_needed" ON "Detail_needed".car_at_work_id = "Car_at_work".id)', error: UndefinedTable('missing FROM-clause entry for table "Detail"\nLINE 2:    SUM("Detail".price) as total_details_sum\n               ^')
2025-10-20 22:42:06,179 (92879/MainThread) pgcli.pgexecute ERROR - traceback: 'Traceback (most recent call last):\n  File "/usr/lib/python3.13/site-packages/pgcli/pgexecute.py", line 406, in run\n    yield self.execute_normal_sql(sql) + (sql, True, False)\n          ~~~~~~~~~~~~~~~~~~~~~~~^^^^^\n  File "/usr/lib/python3.13/site-packages/pgcli/pgexecute.py", line 460, in execute_normal_sql\n    cur.execute(split_sql)\n    ~~~~~~~~~~~^^^^^^^^^^^\n  File "/usr/lib/python3.13/site-packages/pgcli/pgexecute.py", line 91, in execute\n    super().execute(*args, **kwargs)\n    ~~~~~~~~~~~~~~~^^^^^^^^^^^^^^^^^\n  File "/usr/lib/python3.13/site-packages/psycopg/cursor.py", line 97, in execute\n    raise ex.with_traceback(None)\npsycopg.errors.UndefinedTable: missing FROM-clause entry for table "Detail"\nLINE 2:    SUM("Detail".price) as total_details_sum\n               ^\n'
2025-10-20 22:53:46,811 (92879/MainThread) pgcli.pgexecute ERROR - sql: 'SELECT\n   SUM("Detail".price * "Detail_needed".number) as total_details_sum\nFROM (SELECT "Detail".price, "Detail_needed".number FROM "Detail" JOIN "Detail_needed" ON "Detail_needed".detail_id = "Detail".id FROM "Car_at_work" WHERE "Car_at_work".id = "Detail_needed".ca\nWHERE "Car_at_work".order_id = 1)', error: SyntaxError('syntax error at or near "FROM"\nLINE 3: ...eeded" ON "Detail_needed".detail_id = "Detail".id FROM "Car_...\n                                                             ^')
2025-10-20 22:53:46,813 (92879/MainThread) pgcli.pgexecute ERROR - traceback: 'Traceback (most recent call last):\n  File "/usr/lib/python3.13/site-packages/pgcli/pgexecute.py", line 406, in run\n    yield self.execute_normal_sql(sql) + (sql, True, False)\n          ~~~~~~~~~~~~~~~~~~~~~~~^^^^^\n  File "/usr/lib/python3.13/site-packages/pgcli/pgexecute.py", line 460, in execute_normal_sql\n    cur.execute(split_sql)\n    ~~~~~~~~~~~^^^^^^^^^^^\n  File "/usr/lib/python3.13/site-packages/pgcli/pgexecute.py", line 91, in execute\n    super().execute(*args, **kwargs)\n    ~~~~~~~~~~~~~~~^^^^^^^^^^^^^^^^^\n  File "/usr/lib/python3.13/site-packages/psycopg/cursor.py", line 97, in execute\n    raise ex.with_traceback(None)\npsycopg.errors.SyntaxError: syntax error at or near "FROM"\nLINE 3: ...eeded" ON "Detail_needed".detail_id = "Detail".id FROM "Car_...\n                                                             ^\n'
2025-10-20 22:54:45,416 (92879/MainThread) pgcli.pgexecute ERROR - sql: 'SELECT\n   SUM("Detail".price * "Detail_needed".number) as total_details_sum\nFROM (SELECT "Detail".price, "Detail_needed".number FROM "Detail" JOIN "Detail_needed" ON "Detail_needed".detail_id = "Detail".id IN (FROM "Car_at_work" WHERE "Car_at_work".id = "Detail_needed".car_at_work_id WHERE "Car_at_work".order_id = 1)', error: SyntaxError('syntax error at or near "FROM"\nLINE 3: ...d" ON "Detail_needed".detail_id = "Detail".id IN (FROM "Car_...\n                                                             ^')
2025-10-20 22:54:45,417 (92879/MainThread) pgcli.pgexecute ERROR - traceback: 'Traceback (most recent call last):\n  File "/usr/lib/python3.13/site-packages/pgcli/pgexecute.py", line 406, in run\n    yield self.execute_normal_sql(sql) + (sql, True, False)\n          ~~~~~~~~~~~~~~~~~~~~~~~^^^^^\n  File "/usr/lib/python3.13/site-packages/pgcli/pgexecute.py", line 460, in execute_normal_sql\n    cur.execute(split_sql)\n    ~~~~~~~~~~~^^^^^^^^^^^\n  File "/usr/lib/python3.13/site-packages/pgcli/pgexecute.py", line 91, in execute\n    super().execute(*args, **kwargs)\n    ~~~~~~~~~~~~~~~^^^^^^^^^^^^^^^^^\n  File "/usr/lib/python3.13/site-packages/psycopg/cursor.py", line 97, in execute\n    raise ex.with_traceback(None)\npsycopg.errors.SyntaxError: syntax error at or near "FROM"\nLINE 3: ...d" ON "Detail_needed".detail_id = "Detail".id IN (FROM "Car_...\n                                                             ^\n'
2025-10-20 22:59:32,413 (92879/MainThread) pgcli.pgexecute ERROR - sql: 'SELECT\n   "Detail".price as price  "Detail_needed".number as num\nFROM "Detail"\nJOIN "Detail_needed" ON "Detail_needed".detail_id = "Detail".id\nJOIN "Car_at_work" ON "Car_at_work".id = "Detail_needed".car_at_work_id\nWHERE "Car_at_work".order_id = 1', error: SyntaxError('syntax error at or near ""Detail_needed""\nLINE 2:    "Detail".price as price  "Detail_needed".number as num\n                                    ^')
2025-10-20 22:59:32,414 (92879/MainThread) pgcli.pgexecute ERROR - traceback: 'Traceback (most recent call last):\n  File "/usr/lib/python3.13/site-packages/pgcli/pgexecute.py", line 406, in run\n    yield self.execute_normal_sql(sql) + (sql, True, False)\n          ~~~~~~~~~~~~~~~~~~~~~~~^^^^^\n  File "/usr/lib/python3.13/site-packages/pgcli/pgexecute.py", line 460, in execute_normal_sql\n    cur.execute(split_sql)\n    ~~~~~~~~~~~^^^^^^^^^^^\n  File "/usr/lib/python3.13/site-packages/pgcli/pgexecute.py", line 91, in execute\n    super().execute(*args, **kwargs)\n    ~~~~~~~~~~~~~~~^^^^^^^^^^^^^^^^^\n  File "/usr/lib/python3.13/site-packages/psycopg/cursor.py", line 97, in execute\n    raise ex.with_traceback(None)\npsycopg.errors.SyntaxError: syntax error at or near ""Detail_needed""\nLINE 2:    "Detail".price as price  "Detail_needed".number as num\n                                    ^\n'
2025-10-20 22:59:44,520 (92879/MainThread) pgcli.pgexecute ERROR - sql: 'SELECT\n   "Detail".price as price "Detail_needed".number as num\nFROM "Detail"\nJOIN "Detail_needed" ON "Detail_needed".detail_id = "Detail".id\nJOIN "Car_at_work" ON "Car_at_work".id = "Detail_needed".car_at_work_id\nWHERE "Car_at_work".order_id = 1', error: SyntaxError('syntax error at or near ""Detail_needed""\nLINE 2:    "Detail".price as price "Detail_needed".number as num\n                                   ^')
2025-10-20 22:59:44,520 (92879/MainThread) pgcli.pgexecute ERROR - traceback: 'Traceback (most recent call last):\n  File "/usr/lib/python3.13/site-packages/pgcli/pgexecute.py", line 406, in run\n    yield self.execute_normal_sql(sql) + (sql, True, False)\n          ~~~~~~~~~~~~~~~~~~~~~~~^^^^^\n  File "/usr/lib/python3.13/site-packages/pgcli/pgexecute.py", line 460, in execute_normal_sql\n    cur.execute(split_sql)\n    ~~~~~~~~~~~^^^^^^^^^^^\n  File "/usr/lib/python3.13/site-packages/pgcli/pgexecute.py", line 91, in execute\n    super().execute(*args, **kwargs)\n    ~~~~~~~~~~~~~~~^^^^^^^^^^^^^^^^^\n  File "/usr/lib/python3.13/site-packages/psycopg/cursor.py", line 97, in execute\n    raise ex.with_traceback(None)\npsycopg.errors.SyntaxError: syntax error at or near ""Detail_needed""\nLINE 2:    "Detail".price as price "Detail_needed".number as num\n                                   ^\n'
2025-10-20 23:00:11,069 (92879/MainThread) pgcli.pgexecute ERROR - sql: 'SELECT\n   "Detail".price as price\n   "Detail_needed".number as num\n   price * num as total\nFROM "Detail"\nJOIN "Detail_needed" ON "Detail_needed".detail_id = "Detail".id\nJOIN "Car_at_work" ON "Car_at_work".id = "Detail_needed".car_at_work_id\nWHERE "Car_at_work".order_id = 1', error: SyntaxError('syntax error at or near ""Detail_needed""\nLINE 3:    "Detail_needed".number as num\n           ^')
2025-10-20 23:00:11,069 (92879/MainThread) pgcli.pgexecute ERROR - traceback: 'Traceback (most recent call last):\n  File "/usr/lib/python3.13/site-packages/pgcli/pgexecute.py", line 406, in run\n    yield self.execute_normal_sql(sql) + (sql, True, False)\n          ~~~~~~~~~~~~~~~~~~~~~~~^^^^^\n  File "/usr/lib/python3.13/site-packages/pgcli/pgexecute.py", line 460, in execute_normal_sql\n    cur.execute(split_sql)\n    ~~~~~~~~~~~^^^^^^^^^^^\n  File "/usr/lib/python3.13/site-packages/pgcli/pgexecute.py", line 91, in execute\n    super().execute(*args, **kwargs)\n    ~~~~~~~~~~~~~~~^^^^^^^^^^^^^^^^^\n  File "/usr/lib/python3.13/site-packages/psycopg/cursor.py", line 97, in execute\n    raise ex.with_traceback(None)\npsycopg.errors.SyntaxError: syntax error at or near ""Detail_needed""\nLINE 3:    "Detail_needed".number as num\n           ^\n'
2025-10-20 23:00:20,945 (92879/MainThread) pgcli.pgexecute ERROR - sql: 'SELECT\n   "Detail".price as price,\n   "Detail_needed".number as num,\n   price * num as total\nFROM "Detail"\nJOIN "Detail_needed" ON "Detail_needed".detail_id = "Detail".id\nJOIN "Car_at_work" ON "Car_at_work".id = "Detail_needed".car_at_work_id\nWHERE "Car_at_work".order_id = 1', error: UndefinedColumn('column "num" does not exist\nLINE 4:    price * num as total\n                   ^')
2025-10-20 23:00:20,945 (92879/MainThread) pgcli.pgexecute ERROR - traceback: 'Traceback (most recent call last):\n  File "/usr/lib/python3.13/site-packages/pgcli/pgexecute.py", line 406, in run\n    yield self.execute_normal_sql(sql) + (sql, True, False)\n          ~~~~~~~~~~~~~~~~~~~~~~~^^^^^\n  File "/usr/lib/python3.13/site-packages/pgcli/pgexecute.py", line 460, in execute_normal_sql\n    cur.execute(split_sql)\n    ~~~~~~~~~~~^^^^^^^^^^^\n  File "/usr/lib/python3.13/site-packages/pgcli/pgexecute.py", line 91, in execute\n    super().execute(*args, **kwargs)\n    ~~~~~~~~~~~~~~~^^^^^^^^^^^^^^^^^\n  File "/usr/lib/python3.13/site-packages/psycopg/cursor.py", line 97, in execute\n    raise ex.with_traceback(None)\npsycopg.errors.UndefinedColumn: column "num" does not exist\nLINE 4:    price * num as total\n                   ^\n'
2025-10-21 00:03:02,210 (92879/MainThread) pgcli.pgexecute ERROR - sql: 'SELECT\n\t"Service".name as service,\n\t"Service".price as price,\n\t"Detail".name as detail,\n\t"Detail".price as price,\n\t"Detail_needed".number as num,\n\t"Detail".price * "Detail_needed".number as total_details_price,\n\t"Detail".price * "Detail_needed".number + "Service".price as total_price_for_services,\n\tSUM("Detail".price * "Detail_needed".number + "Service".price) as total\nFROM "Detail"\nJOIN "Detail_needed" ON "Detail_needed".detail_id = "Detail".id\nJOIN "Car_at_work" ON "Car_at_work".id = "Detail_needed".car_at_work_id\nJOIN "Service" ON "Car_at_work".service_id = "Service".id\nWHERE "Car_at_work".order_id = 1\nGROUP BY total', error: GroupingError('aggregate functions are not allowed in GROUP BY\nLINE 9:  SUM("Detail".price * "Detail_needed".number + "Service".pri...\n         ^')
2025-10-21 00:03:02,211 (92879/MainThread) pgcli.pgexecute ERROR - traceback: 'Traceback (most recent call last):\n  File "/usr/lib/python3.13/site-packages/pgcli/pgexecute.py", line 406, in run\n    yield self.execute_normal_sql(sql) + (sql, True, False)\n          ~~~~~~~~~~~~~~~~~~~~~~~^^^^^\n  File "/usr/lib/python3.13/site-packages/pgcli/pgexecute.py", line 460, in execute_normal_sql\n    cur.execute(split_sql)\n    ~~~~~~~~~~~^^^^^^^^^^^\n  File "/usr/lib/python3.13/site-packages/pgcli/pgexecute.py", line 91, in execute\n    super().execute(*args, **kwargs)\n    ~~~~~~~~~~~~~~~^^^^^^^^^^^^^^^^^\n  File "/usr/lib/python3.13/site-packages/psycopg/cursor.py", line 97, in execute\n    raise ex.with_traceback(None)\npsycopg.errors.GroupingError: aggregate functions are not allowed in GROUP BY\nLINE 9:  SUM("Detail".price * "Detail_needed".number + "Service".pri...\n         ^\n'
2025-10-21 00:03:13,653 (92879/MainThread) pgcli.pgexecute ERROR - sql: 'SELECT\n\t"Service".name as service,\n\t"Service".price as price,\n\t"Detail".name as detail,\n\t"Detail".price as price,\n\t"Detail_needed".number as num,\n\t"Detail".price * "Detail_needed".number as total_details_price,\n\t"Detail".price * "Detail_needed".number + "Service".price as total_price_for_services,\n\tSUM("Detail".price * "Detail_needed".number + "Service".price) as total\nFROM "Detail"\nJOIN "Detail_needed" ON "Detail_needed".detail_id = "Detail".id\nJOIN "Car_at_work" ON "Car_at_work".id = "Detail_needed".car_at_work_id\nJOIN "Service" ON "Car_at_work".service_id = "Service".id\nWHERE "Car_at_work".order_id = 1', error: GroupingError('column "Service.name" must appear in the GROUP BY clause or be used in an aggregate function\nLINE 2:  "Service".name as service,\n         ^')
2025-10-21 00:03:13,654 (92879/MainThread) pgcli.pgexecute ERROR - traceback: 'Traceback (most recent call last):\n  File "/usr/lib/python3.13/site-packages/pgcli/pgexecute.py", line 406, in run\n    yield self.execute_normal_sql(sql) + (sql, True, False)\n          ~~~~~~~~~~~~~~~~~~~~~~~^^^^^\n  File "/usr/lib/python3.13/site-packages/pgcli/pgexecute.py", line 460, in execute_normal_sql\n    cur.execute(split_sql)\n    ~~~~~~~~~~~^^^^^^^^^^^\n  File "/usr/lib/python3.13/site-packages/pgcli/pgexecute.py", line 91, in execute\n    super().execute(*args, **kwargs)\n    ~~~~~~~~~~~~~~~^^^^^^^^^^^^^^^^^\n  File "/usr/lib/python3.13/site-packages/psycopg/cursor.py", line 97, in execute\n    raise ex.with_traceback(None)\npsycopg.errors.GroupingError: column "Service.name" must appear in the GROUP BY clause or be used in an aggregate function\nLINE 2:  "Service".name as service,\n         ^\n'
2025-10-21 00:08:13,730 (92879/MainThread) pgcli.pgexecute ERROR - sql: 'SELECT\n\t"Service".name as service,\n\t"Service".price as price,\n\t"Detail".name as detail,\n\t"Detail".price as price,\n\t"Detail_needed".number as num,\n\t"Detail".price * "Detail_needed".number as total_details_price,\n\t"Detail".price * "Detail_needed".number + "Service".price as total\nFROM "Detail"\nJOIN "Detail_needed" ON "Detail_needed".detail_id = "Detail".id\nJOIN "Car_at_work" ON "Car_at_work".id = "Detail_needed".car_at_work_id\nJOIN "Service" ON "Car_at_work".service_id = "Service".id\nWHERE "Car_at_work".order_id = 1\nGROUP BY total', error: GroupingError('column "Service.name" must appear in the GROUP BY clause or be used in an aggregate function\nLINE 2:  "Service".name as service,\n         ^')
2025-10-21 00:08:13,730 (92879/MainThread) pgcli.pgexecute ERROR - traceback: 'Traceback (most recent call last):\n  File "/usr/lib/python3.13/site-packages/pgcli/pgexecute.py", line 406, in run\n    yield self.execute_normal_sql(sql) + (sql, True, False)\n          ~~~~~~~~~~~~~~~~~~~~~~~^^^^^\n  File "/usr/lib/python3.13/site-packages/pgcli/pgexecute.py", line 460, in execute_normal_sql\n    cur.execute(split_sql)\n    ~~~~~~~~~~~^^^^^^^^^^^\n  File "/usr/lib/python3.13/site-packages/pgcli/pgexecute.py", line 91, in execute\n    super().execute(*args, **kwargs)\n    ~~~~~~~~~~~~~~~^^^^^^^^^^^^^^^^^\n  File "/usr/lib/python3.13/site-packages/psycopg/cursor.py", line 97, in execute\n    raise ex.with_traceback(None)\npsycopg.errors.GroupingError: column "Service.name" must appear in the GROUP BY clause or be used in an aggregate function\nLINE 2:  "Service".name as service,\n         ^\n'
2025-10-21 00:18:48,330 (343024/MainThread) pgcli.main INFO - Default pager found in PAGER environment variable: "less"
2025-10-21 00:18:48,330 (343024/MainThread) pgcli.main WARNING - import keyring failed: ModuleNotFoundError("No module named 'keyring'").
2025-10-21 00:19:03,057 (343024/MainThread) pgcli.pgexecute ERROR - sql: 'SELECT\n  "Service".name AS service,\n  "Service".price AS service_price,\n  "Detail".name AS detail,\n  "Detail".price AS detail_price,\n  "Detail_needed".number AS num,\n  SUM("Detail".price * "Detail_needed".number) AS total_details_price,\n  SUM("Detail".price * "Detail_needed".number) + "Service".price AS total_price\nFROM "Detail"\nJOIN "Detail_needed" ON "Detail_needed".detail_id = "Detail".id\nJOIN "Car_at_work" ON "Car_at_work".id = "Detail_needed".car_at_work_id\nJOIN "Service" ON "Car_at_work".service_id = "Service".id\nWHERE "Car_at_work".order_id = 1', error: GroupingError('column "Service.name" must appear in the GROUP BY clause or be used in an aggregate function\nLINE 2:   "Service".name AS service,\n          ^')
2025-10-21 00:19:03,060 (343024/MainThread) pgcli.pgexecute ERROR - traceback: 'Traceback (most recent call last):\n  File "/usr/lib/python3.13/site-packages/pgcli/pgexecute.py", line 406, in run\n    yield self.execute_normal_sql(sql) + (sql, True, False)\n          ~~~~~~~~~~~~~~~~~~~~~~~^^^^^\n  File "/usr/lib/python3.13/site-packages/pgcli/pgexecute.py", line 460, in execute_normal_sql\n    cur.execute(split_sql)\n    ~~~~~~~~~~~^^^^^^^^^^^\n  File "/usr/lib/python3.13/site-packages/pgcli/pgexecute.py", line 91, in execute\n    super().execute(*args, **kwargs)\n    ~~~~~~~~~~~~~~~^^^^^^^^^^^^^^^^^\n  File "/usr/lib/python3.13/site-packages/psycopg/cursor.py", line 97, in execute\n    raise ex.with_traceback(None)\npsycopg.errors.GroupingError: column "Service.name" must appear in the GROUP BY clause or be used in an aggregate function\nLINE 2:   "Service".name AS service,\n          ^\n'
2025-10-21 00:47:40,023 (343024/MainThread) pgcli.pgexecute ERROR - sql: 'INSERT INTO "Detail_needed" (detail_id, car_at_work_id, number)\nVALUES\n\t(5, 1, 4),\n\t(5, 1, 4),\n\t(2, 2, 0)', error: UniqueViolation('duplicate key value violates unique constraint "Detail_needed_pkey"\nDETAIL:  Key (detail_id, car_at_work_id)=(5, 1) already exists.')
2025-10-21 00:47:40,025 (343024/MainThread) pgcli.pgexecute ERROR - traceback: 'Traceback (most recent call last):\n  File "/usr/lib/python3.13/site-packages/pgcli/pgexecute.py", line 406, in run\n    yield self.execute_normal_sql(sql) + (sql, True, False)\n          ~~~~~~~~~~~~~~~~~~~~~~~^^^^^\n  File "/usr/lib/python3.13/site-packages/pgcli/pgexecute.py", line 460, in execute_normal_sql\n    cur.execute(split_sql)\n    ~~~~~~~~~~~^^^^^^^^^^^\n  File "/usr/lib/python3.13/site-packages/pgcli/pgexecute.py", line 91, in execute\n    super().execute(*args, **kwargs)\n    ~~~~~~~~~~~~~~~^^^^^^^^^^^^^^^^^\n  File "/usr/lib/python3.13/site-packages/psycopg/cursor.py", line 97, in execute\n    raise ex.with_traceback(None)\npsycopg.errors.UniqueViolation: duplicate key value violates unique constraint "Detail_needed_pkey"\nDETAIL:  Key (detail_id, car_at_work_id)=(5, 1) already exists.\n'
2025-10-21 00:48:06,044 (343024/MainThread) pgcli.pgexecute ERROR - sql: 'INSERT INTO "Employee_info" (employee_id, full_name, inn, passport, phone, email, address)\nVALUES\n\t(1, \'Петр Петров\', \'123456789012\', \'45 12 345678\', \'+7 (916) 555-55-55\', \'p.petrov@gmail.com\', \'ул. Гагарина, д. 10\'),\n\t(2, \'Иван Петров\', \'123456789112\', \'45 12 349978\', \'+7 (918) 555-55-55\', \'i.petrov@gmail.com\', \'ул. Шелковичная, д. 10\'),\n\t(3, \'Светлана Сергеева\', \'987654321098\', \'46 98 765432\', \'+7 (925) 555-55-55\', \'s.sergeeva@gmail.com\', \'ул. Ленина, д. 25\'),\n\t(4, \'Петр Иванов\', \'123456789019\', \'45 12 345612\', \'+7 (919) 555-55-55\', \'p.ivanov@gmail.com\', \'ул. Московская, д. 10\'),\n\t(5, \'Сергей Петров\', \'123456749012\', \'45 12 322678\', \'+7 (920) 555-55-55\', \'s.petrov@gmail.com\', \'ул. Белоглинская, д. 10\')', error: UniqueViolation('duplicate key value violates unique constraint "Employee_info_pkey"\nDETAIL:  Key (employee_id)=(1) already exists.')
2025-10-21 00:48:06,045 (343024/MainThread) pgcli.pgexecute ERROR - traceback: 'Traceback (most recent call last):\n  File "/usr/lib/python3.13/site-packages/pgcli/pgexecute.py", line 406, in run\n    yield self.execute_normal_sql(sql) + (sql, True, False)\n          ~~~~~~~~~~~~~~~~~~~~~~~^^^^^\n  File "/usr/lib/python3.13/site-packages/pgcli/pgexecute.py", line 460, in execute_normal_sql\n    cur.execute(split_sql)\n    ~~~~~~~~~~~^^^^^^^^^^^\n  File "/usr/lib/python3.13/site-packages/pgcli/pgexecute.py", line 91, in execute\n    super().execute(*args, **kwargs)\n    ~~~~~~~~~~~~~~~^^^^^^^^^^^^^^^^^\n  File "/usr/lib/python3.13/site-packages/psycopg/cursor.py", line 97, in execute\n    raise ex.with_traceback(None)\npsycopg.errors.UniqueViolation: duplicate key value violates unique constraint "Employee_info_pkey"\nDETAIL:  Key (employee_id)=(1) already exists.\n'
2025-10-22 20:33:33,388 (91014/MainThread) pgcli.main INFO - Default pager found in PAGER environment variable: "less"
2025-10-22 20:33:33,389 (91014/MainThread) pgcli.main WARNING - import keyring failed: ModuleNotFoundError("No module named 'keyring'").
2025-10-22 20:36:37,351 (91014/MainThread) pgcli.pgexecute ERROR - sql: 'SELECT\n\t"Car".id as car_id,\n\t"Car".model,\n\t"Car".registration_number as reg_number,\n\t"Client".full_name as owner,\n\t"Client".phone,\n\t"Client".email\nFROM "Car"\nJOIN "Client" ON "Car".owner = "Client".id', error: UndefinedTable('relation "Car" does not exist\nLINE 8: FROM "Car"\n             ^')
2025-10-22 20:36:37,355 (91014/MainThread) pgcli.pgexecute ERROR - traceback: 'Traceback (most recent call last):\n  File "/usr/lib/python3.13/site-packages/pgcli/pgexecute.py", line 406, in run\n    yield self.execute_normal_sql(sql) + (sql, True, False)\n          ~~~~~~~~~~~~~~~~~~~~~~~^^^^^\n  File "/usr/lib/python3.13/site-packages/pgcli/pgexecute.py", line 460, in execute_normal_sql\n    cur.execute(split_sql)\n    ~~~~~~~~~~~^^^^^^^^^^^\n  File "/usr/lib/python3.13/site-packages/pgcli/pgexecute.py", line 91, in execute\n    super().execute(*args, **kwargs)\n    ~~~~~~~~~~~~~~~^^^^^^^^^^^^^^^^^\n  File "/usr/lib/python3.13/site-packages/psycopg/cursor.py", line 97, in execute\n    raise ex.with_traceback(None)\npsycopg.errors.UndefinedTable: relation "Car" does not exist\nLINE 8: FROM "Car"\n             ^\n'
2025-10-22 20:37:13,062 (97379/MainThread) pgcli.main INFO - Default pager found in PAGER environment variable: "less"
2025-10-22 20:37:13,062 (97379/MainThread) pgcli.main WARNING - import keyring failed: ModuleNotFoundError("No module named 'keyring'").
2025-10-22 21:13:40,814 (97379/MainThread) pgcli.pgexecute ERROR - sql: 'SELECT\n\t"Service".id as service_id,\n\t"Service".name as service,\n\t"Service".price as price,\n\t"Car_at_work".id as car_id,\n\t"Car_at_work".order_id as order_id,\n\t"Car_at_work".status as status\nFROM "Service"\nCROSS JOIN LATERAL "Car_at_work"', error: SyntaxError('syntax error at end of input\nLINE 9: CROSS JOIN LATERAL "Car_at_work"\n                                        ^')
2025-10-22 21:13:40,815 (97379/MainThread) pgcli.pgexecute ERROR - traceback: 'Traceback (most recent call last):\n  File "/usr/lib/python3.13/site-packages/pgcli/pgexecute.py", line 406, in run\n    yield self.execute_normal_sql(sql) + (sql, True, False)\n          ~~~~~~~~~~~~~~~~~~~~~~~^^^^^\n  File "/usr/lib/python3.13/site-packages/pgcli/pgexecute.py", line 460, in execute_normal_sql\n    cur.execute(split_sql)\n    ~~~~~~~~~~~^^^^^^^^^^^\n  File "/usr/lib/python3.13/site-packages/pgcli/pgexecute.py", line 91, in execute\n    super().execute(*args, **kwargs)\n    ~~~~~~~~~~~~~~~^^^^^^^^^^^^^^^^^\n  File "/usr/lib/python3.13/site-packages/psycopg/cursor.py", line 97, in execute\n    raise ex.with_traceback(None)\npsycopg.errors.SyntaxError: syntax error at end of input\nLINE 9: CROSS JOIN LATERAL "Car_at_work"\n                                        ^\n'
2025-10-22 21:15:41,898 (97379/MainThread) pgcli.pgexecute ERROR - sql: 'SELECT\n\t"Service".id as service_id,\n\t"Service".name as service,\n\t"Service".price as price,\n\t"Car_at_work".id as car_id,\n\t"Car_at_work".order_id as order_id,\n\t"Car_at_work".status as status\nFROM "Service"\nCROSS JOIN LATERAL "Car_at_work"', error: SyntaxError('syntax error at end of input\nLINE 9: CROSS JOIN LATERAL "Car_at_work"\n                                        ^')
2025-10-22 21:15:41,899 (97379/MainThread) pgcli.pgexecute ERROR - traceback: 'Traceback (most recent call last):\n  File "/usr/lib/python3.13/site-packages/pgcli/pgexecute.py", line 406, in run\n    yield self.execute_normal_sql(sql) + (sql, True, False)\n          ~~~~~~~~~~~~~~~~~~~~~~~^^^^^\n  File "/usr/lib/python3.13/site-packages/pgcli/pgexecute.py", line 460, in execute_normal_sql\n    cur.execute(split_sql)\n    ~~~~~~~~~~~^^^^^^^^^^^\n  File "/usr/lib/python3.13/site-packages/pgcli/pgexecute.py", line 91, in execute\n    super().execute(*args, **kwargs)\n    ~~~~~~~~~~~~~~~^^^^^^^^^^^^^^^^^\n  File "/usr/lib/python3.13/site-packages/psycopg/cursor.py", line 97, in execute\n    raise ex.with_traceback(None)\npsycopg.errors.SyntaxError: syntax error at end of input\nLINE 9: CROSS JOIN LATERAL "Car_at_work"\n                                        ^\n'
2025-10-22 21:17:25,755 (97379/MainThread) pgcli.pgexecute ERROR - sql: 'SELECT\n\t"Service".id as service_id,\n\t"Service".name as service,\n\t"Service".price as price,\n\t"Car_at_work".id as car_id,\n\t"Car_at_work".order_id as order_id,\n\t"Car_at_work".status as status\nFROM "Service"\nLEFT JOIN "Car_at_work" ON "Car_at_work".service_id = "Service".id\nGROUP BY\n\t"Service".id,\n\t"Service".name,\n\t"Service".price', error: GroupingError('column "Car_at_work.id" must appear in the GROUP BY clause or be used in an aggregate function\nLINE 5:  "Car_at_work".id as car_id,\n         ^')
2025-10-22 21:17:25,756 (97379/MainThread) pgcli.pgexecute ERROR - traceback: 'Traceback (most recent call last):\n  File "/usr/lib/python3.13/site-packages/pgcli/pgexecute.py", line 406, in run\n    yield self.execute_normal_sql(sql) + (sql, True, False)\n          ~~~~~~~~~~~~~~~~~~~~~~~^^^^^\n  File "/usr/lib/python3.13/site-packages/pgcli/pgexecute.py", line 460, in execute_normal_sql\n    cur.execute(split_sql)\n    ~~~~~~~~~~~^^^^^^^^^^^\n  File "/usr/lib/python3.13/site-packages/pgcli/pgexecute.py", line 91, in execute\n    super().execute(*args, **kwargs)\n    ~~~~~~~~~~~~~~~^^^^^^^^^^^^^^^^^\n  File "/usr/lib/python3.13/site-packages/psycopg/cursor.py", line 97, in execute\n    raise ex.with_traceback(None)\npsycopg.errors.GroupingError: column "Car_at_work.id" must appear in the GROUP BY clause or be used in an aggregate function\nLINE 5:  "Car_at_work".id as car_id,\n         ^\n'
2025-10-22 21:23:11,671 (97379/MainThread) pgcli.pgexecute ERROR - sql: 'SELECT\n\t"Service".id as service_id,\n\t"Service".name as service,\n\t"Service".price as price,\n\t"Car_at_work".id as car_id,\n\t"Car_at_work".order_id as order_id,\n\t"Car_at_work".status as status\nFROM "Service"\nOUTER JOIN "Car_at_work" ON "Car_at_work".service_id = "Service".id\nGROUP BY\n\t"Service".id,\n\t"Service".name,\n\t"Service".price,\n\t"Car_at_work".id,\n\t"Car_at_work".order_id,\n\t"Car_at_work".status', error: SyntaxError('syntax error at or near "OUTER"\nLINE 9: OUTER JOIN "Car_at_work" ON "Car_at_work".service_id = "Serv...\n        ^')
2025-10-22 21:23:11,672 (97379/MainThread) pgcli.pgexecute ERROR - traceback: 'Traceback (most recent call last):\n  File "/usr/lib/python3.13/site-packages/pgcli/pgexecute.py", line 406, in run\n    yield self.execute_normal_sql(sql) + (sql, True, False)\n          ~~~~~~~~~~~~~~~~~~~~~~~^^^^^\n  File "/usr/lib/python3.13/site-packages/pgcli/pgexecute.py", line 460, in execute_normal_sql\n    cur.execute(split_sql)\n    ~~~~~~~~~~~^^^^^^^^^^^\n  File "/usr/lib/python3.13/site-packages/pgcli/pgexecute.py", line 91, in execute\n    super().execute(*args, **kwargs)\n    ~~~~~~~~~~~~~~~^^^^^^^^^^^^^^^^^\n  File "/usr/lib/python3.13/site-packages/psycopg/cursor.py", line 97, in execute\n    raise ex.with_traceback(None)\npsycopg.errors.SyntaxError: syntax error at or near "OUTER"\nLINE 9: OUTER JOIN "Car_at_work" ON "Car_at_work".service_id = "Serv...\n        ^\n'
2025-10-22 21:25:41,834 (97379/MainThread) pgcli.pgexecute ERROR - sql: '-- CROSS JOIN LATERAL\nSELECT\n\t"Service".id as service_id,\n\t"Service".name as service,\n\t"Service".price as price,\n\t"Car_at_work".id as car_id,\n\t"Car_at_work".order_id as order_id,\n\t"Car_at_work".status as status\nFROM "Service"\nCROSS JOIN LATERAL (SELECT * FROM "Car_at_work" WHERE "Car_at_work".service_id = "Service".id)\nGROUP BY\n\t"Service".id,\n\t"Service".name,\n\t"Service".price,\n\t"Car_at_work".id,\n\t"Car_at_work".order_id,\n\t"Car_at_work".status', error: UndefinedTable('missing FROM-clause entry for table "Car_at_work"\nLINE 6:  "Car_at_work".id as car_id,\n         ^')
2025-10-22 21:25:41,835 (97379/MainThread) pgcli.pgexecute ERROR - traceback: 'Traceback (most recent call last):\n  File "/usr/lib/python3.13/site-packages/pgcli/pgexecute.py", line 406, in run\n    yield self.execute_normal_sql(sql) + (sql, True, False)\n          ~~~~~~~~~~~~~~~~~~~~~~~^^^^^\n  File "/usr/lib/python3.13/site-packages/pgcli/pgexecute.py", line 460, in execute_normal_sql\n    cur.execute(split_sql)\n    ~~~~~~~~~~~^^^^^^^^^^^\n  File "/usr/lib/python3.13/site-packages/pgcli/pgexecute.py", line 91, in execute\n    super().execute(*args, **kwargs)\n    ~~~~~~~~~~~~~~~^^^^^^^^^^^^^^^^^\n  File "/usr/lib/python3.13/site-packages/psycopg/cursor.py", line 97, in execute\n    raise ex.with_traceback(None)\npsycopg.errors.UndefinedTable: missing FROM-clause entry for table "Car_at_work"\nLINE 6:  "Car_at_work".id as car_id,\n         ^\n'
2025-10-22 21:26:19,751 (97379/MainThread) pgcli.pgexecute ERROR - sql: '-- CROSS JOIN LATERAL\nSELECT\n\t"Service".id as service_id,\n\t"Service".name as service,\n\t"Service".price as price,\n\t"Car_at_work".id as car_id,\n\t"Car_at_work".order_id as order_id,\n\t"Car_at_work".status as status\nFROM "Service"\nCROSS JOIN LATERAL (SELECT * FROM "Car_at_work" WHERE "Car_at_work".service_id = "Service".id)', error: UndefinedTable('missing FROM-clause entry for table "Car_at_work"\nLINE 6:  "Car_at_work".id as car_id,\n         ^')
2025-10-22 21:26:19,752 (97379/MainThread) pgcli.pgexecute ERROR - traceback: 'Traceback (most recent call last):\n  File "/usr/lib/python3.13/site-packages/pgcli/pgexecute.py", line 406, in run\n    yield self.execute_normal_sql(sql) + (sql, True, False)\n          ~~~~~~~~~~~~~~~~~~~~~~~^^^^^\n  File "/usr/lib/python3.13/site-packages/pgcli/pgexecute.py", line 460, in execute_normal_sql\n    cur.execute(split_sql)\n    ~~~~~~~~~~~^^^^^^^^^^^\n  File "/usr/lib/python3.13/site-packages/pgcli/pgexecute.py", line 91, in execute\n    super().execute(*args, **kwargs)\n    ~~~~~~~~~~~~~~~^^^^^^^^^^^^^^^^^\n  File "/usr/lib/python3.13/site-packages/psycopg/cursor.py", line 97, in execute\n    raise ex.with_traceback(None)\npsycopg.errors.UndefinedTable: missing FROM-clause entry for table "Car_at_work"\nLINE 6:  "Car_at_work".id as car_id,\n         ^\n'
2025-10-22 22:10:24,622 (97379/MainThread) pgcli.pgexecute ERROR - sql: 'SELECT\n\t"Service".id as service_id,\n\t"Service".name as service,\n\t"Service".price as price,\n\t"Car_at_work".id as car_id,\n\t"Car_at_work".order_id as order_id,\n\t"Car_at_work".status as status\nFROM "Service"\nCROSS JOIN LATERAL (SELECT * FROM "Car_at_work" WHERE "Car_at_work".service_id = "Service".id)\nGROUP BY\n\t"Service".id,\n\t"Service".name,\n\t"Service".price,\n\t"Car_at_work".id,\n\t"Car_at_work".order_id,\n\t"Car_at_work".status\nORDER BY\n\t"Service".id', error: UndefinedTable('missing FROM-clause entry for table "Car_at_work"\nLINE 5:  "Car_at_work".id as car_id,\n         ^')
2025-10-22 22:10:24,623 (97379/MainThread) pgcli.pgexecute ERROR - traceback: 'Traceback (most recent call last):\n  File "/usr/lib/python3.13/site-packages/pgcli/pgexecute.py", line 406, in run\n    yield self.execute_normal_sql(sql) + (sql, True, False)\n          ~~~~~~~~~~~~~~~~~~~~~~~^^^^^\n  File "/usr/lib/python3.13/site-packages/pgcli/pgexecute.py", line 460, in execute_normal_sql\n    cur.execute(split_sql)\n    ~~~~~~~~~~~^^^^^^^^^^^\n  File "/usr/lib/python3.13/site-packages/pgcli/pgexecute.py", line 91, in execute\n    super().execute(*args, **kwargs)\n    ~~~~~~~~~~~~~~~^^^^^^^^^^^^^^^^^\n  File "/usr/lib/python3.13/site-packages/psycopg/cursor.py", line 97, in execute\n    raise ex.with_traceback(None)\npsycopg.errors.UndefinedTable: missing FROM-clause entry for table "Car_at_work"\nLINE 5:  "Car_at_work".id as car_id,\n         ^\n'
2025-10-22 22:11:37,501 (97379/MainThread) pgcli.pgexecute ERROR - sql: 'SELECT\n\t"Service".id as service_id,\n\t"Service".name as service,\n\t"Service".price as price,\n\t"Car_at_work".id as caw_id,\n\t"Car_at_work".order_id as order_id,\n\t"Car_at_work".status as status\nFROM "Service"\nCROSS JOIN LATERAL (SELECT * FROM "Car_at_work" WHERE "Car_at_work".service_id = "Service".id)\nGROUP BY\n\t"Service".id,\n\t"Service".name,\n\t"Service".price,\n\t"Car_at_work".id,\n\t"Car_at_work".order_id,\n\t"Car_at_work".status\nORDER BY\n\t"Service".id,\n\t"Car_at_work".id', error: UndefinedTable('missing FROM-clause entry for table "Car_at_work"\nLINE 5:  "Car_at_work".id as caw_id,\n         ^')
2025-10-22 22:11:37,502 (97379/MainThread) pgcli.pgexecute ERROR - traceback: 'Traceback (most recent call last):\n  File "/usr/lib/python3.13/site-packages/pgcli/pgexecute.py", line 406, in run\n    yield self.execute_normal_sql(sql) + (sql, True, False)\n          ~~~~~~~~~~~~~~~~~~~~~~~^^^^^\n  File "/usr/lib/python3.13/site-packages/pgcli/pgexecute.py", line 460, in execute_normal_sql\n    cur.execute(split_sql)\n    ~~~~~~~~~~~^^^^^^^^^^^\n  File "/usr/lib/python3.13/site-packages/pgcli/pgexecute.py", line 91, in execute\n    super().execute(*args, **kwargs)\n    ~~~~~~~~~~~~~~~^^^^^^^^^^^^^^^^^\n  File "/usr/lib/python3.13/site-packages/psycopg/cursor.py", line 97, in execute\n    raise ex.with_traceback(None)\npsycopg.errors.UndefinedTable: missing FROM-clause entry for table "Car_at_work"\nLINE 5:  "Car_at_work".id as caw_id,\n         ^\n'
2025-10-22 22:12:01,642 (97379/MainThread) pgcli.pgexecute ERROR - sql: 'SELECT\n\t"Service".id as service_id,\n\t"Service".name as service,\n\t"Service".price as price,\n\t"Car_at_work".id as caw_id,\n\t"Car_at_work".order_id as order_id,\n\t"Car_at_work".status as status\nFROM "Service"\nCROSS JOIN LATERAL (SELECT * FROM "Car_at_work" WHERE "Car_at_work".service_id = "Service".id)\nGROUP BY\n\t"Service".id,\n\t"Service".name,\n\t"Service".price,\n\t"Car_at_work".id,\n\t"Car_at_work".order_id,\n\t"Car_at_work".status\nORDER BY\n\t"Service".name,\n\t"Service".price,\n\t"Car_at_work".id,\n\t"Car_at_work".order_id,\n\t"Car_at_work".status', error: UndefinedTable('missing FROM-clause entry for table "Car_at_work"\nLINE 5:  "Car_at_work".id as caw_id,\n         ^')
2025-10-22 22:12:01,643 (97379/MainThread) pgcli.pgexecute ERROR - traceback: 'Traceback (most recent call last):\n  File "/usr/lib/python3.13/site-packages/pgcli/pgexecute.py", line 406, in run\n    yield self.execute_normal_sql(sql) + (sql, True, False)\n          ~~~~~~~~~~~~~~~~~~~~~~~^^^^^\n  File "/usr/lib/python3.13/site-packages/pgcli/pgexecute.py", line 460, in execute_normal_sql\n    cur.execute(split_sql)\n    ~~~~~~~~~~~^^^^^^^^^^^\n  File "/usr/lib/python3.13/site-packages/pgcli/pgexecute.py", line 91, in execute\n    super().execute(*args, **kwargs)\n    ~~~~~~~~~~~~~~~^^^^^^^^^^^^^^^^^\n  File "/usr/lib/python3.13/site-packages/psycopg/cursor.py", line 97, in execute\n    raise ex.with_traceback(None)\npsycopg.errors.UndefinedTable: missing FROM-clause entry for table "Car_at_work"\nLINE 5:  "Car_at_work".id as caw_id,\n         ^\n'
2025-10-22 22:12:49,904 (97379/MainThread) pgcli.pgexecute ERROR - sql: 'SELECT\n\t"Service".id as service_id,\n\t"Service".name as service,\n\t"Service".price as price,\n\t"Car_at_work".id as caw_id,\n\t"Car_at_work".order_id as order_id,\n\t"Car_at_work".status as status\nFROM "Service"\nCROSS JOIN LATERAL (SELECT * FROM "Car_at_work" WHERE "Car_at_work".service_id = "Service".id)\nGROUP BY\n\t"Service".id,\n\t"Service".name,\n\t"Service".price,\n\t"Car_at_work".id,\n\t"Car_at_work".order_id,\n\t"Car_at_work".status\nORDER BY\n\t"Service".name,\n\t"Service".name,\n\t"Service".price,\n\t"Car_at_work".id,\n\t"Car_at_work".order_id,\n\t"Car_at_work".status', error: UndefinedTable('missing FROM-clause entry for table "Car_at_work"\nLINE 5:  "Car_at_work".id as caw_id,\n         ^')
2025-10-22 22:12:49,904 (97379/MainThread) pgcli.pgexecute ERROR - traceback: 'Traceback (most recent call last):\n  File "/usr/lib/python3.13/site-packages/pgcli/pgexecute.py", line 406, in run\n    yield self.execute_normal_sql(sql) + (sql, True, False)\n          ~~~~~~~~~~~~~~~~~~~~~~~^^^^^\n  File "/usr/lib/python3.13/site-packages/pgcli/pgexecute.py", line 460, in execute_normal_sql\n    cur.execute(split_sql)\n    ~~~~~~~~~~~^^^^^^^^^^^\n  File "/usr/lib/python3.13/site-packages/pgcli/pgexecute.py", line 91, in execute\n    super().execute(*args, **kwargs)\n    ~~~~~~~~~~~~~~~^^^^^^^^^^^^^^^^^\n  File "/usr/lib/python3.13/site-packages/psycopg/cursor.py", line 97, in execute\n    raise ex.with_traceback(None)\npsycopg.errors.UndefinedTable: missing FROM-clause entry for table "Car_at_work"\nLINE 5:  "Car_at_work".id as caw_id,\n         ^\n'
2025-10-22 22:12:55,566 (264538/MainThread) pgcli.main INFO - Default pager found in PAGER environment variable: "less"
2025-10-22 22:12:55,566 (264538/MainThread) pgcli.main WARNING - import keyring failed: ModuleNotFoundError("No module named 'keyring'").
2025-10-26 13:49:20,726 (69087/MainThread) pgcli.main INFO - Default pager found in PAGER environment variable: "less"
2025-10-26 13:49:20,727 (69087/MainThread) pgcli.main WARNING - import keyring failed: ModuleNotFoundError("No module named 'keyring'").
2025-10-26 13:49:53,891 (69087/MainThread) pgcli.pgexecute ERROR - sql: 'SELECT\n\ts.id as service_id,\n\ts.name as service,\n\ts.price as price,\n\t"Car_at_work".id as car_id,\n\t"Car_at_work".order_id as order_id,\n\t"Car_at_work".status as status\nFROM "Service" s\nFULL JOIN "Car_at_work" ON "Car_at_work".service_id = "Service".id\nORDER BY\n\ts.id,\n\ts.name,\n\ts.price,\n\t"Car_at_work".id,\n\t"Car_at_work".order_id,\n\t"Car_at_work".status', error: UndefinedTable('invalid reference to FROM-clause entry for table "Service"\nLINE 9: ... JOIN "Car_at_work" ON "Car_at_work".service_id = "Service"....\n                                                             ^\nHINT:  Perhaps you meant to reference the table alias "s".')
2025-10-26 13:49:53,893 (69087/MainThread) pgcli.pgexecute ERROR - traceback: 'Traceback (most recent call last):\n  File "/usr/lib/python3.13/site-packages/pgcli/pgexecute.py", line 406, in run\n    yield self.execute_normal_sql(sql) + (sql, True, False)\n          ~~~~~~~~~~~~~~~~~~~~~~~^^^^^\n  File "/usr/lib/python3.13/site-packages/pgcli/pgexecute.py", line 460, in execute_normal_sql\n    cur.execute(split_sql)\n    ~~~~~~~~~~~^^^^^^^^^^^\n  File "/usr/lib/python3.13/site-packages/pgcli/pgexecute.py", line 91, in execute\n    super().execute(*args, **kwargs)\n    ~~~~~~~~~~~~~~~^^^^^^^^^^^^^^^^^\n  File "/usr/lib/python3.13/site-packages/psycopg/cursor.py", line 97, in execute\n    raise ex.with_traceback(None)\npsycopg.errors.UndefinedTable: invalid reference to FROM-clause entry for table "Service"\nLINE 9: ... JOIN "Car_at_work" ON "Car_at_work".service_id = "Service"....\n                                                             ^\nHINT:  Perhaps you meant to reference the table alias "s".\n'
2025-10-26 13:59:19,489 (69087/MainThread) pgcli.pgexecute ERROR - sql: 'SELECT\n\td.name as service,\n\td.name as detail,\n\td.price as price,\n\tdn.number as num,\n\td.price * d.number as total_details_price\nFROM "Detail" d\nJOIN "Detail_needed" dn ON dn.detail_id = d.id\nJOIN "Car_at_work" caw ON caw.id = dn.car_at_work_id\nJOIN "Service" s ON caw.service_id = s.id\nWHERE caw.order_id = 1\nORDER BY\n\ts.name,\n\td.name,\n\td.price,\n\tdn.number', error: UndefinedColumn('column d.number does not exist\nLINE 6:  d.price * d.number as total_details_price\n                   ^\nHINT:  Perhaps you meant to reference the column "dn.number".')
2025-10-26 13:59:19,489 (69087/MainThread) pgcli.pgexecute ERROR - traceback: 'Traceback (most recent call last):\n  File "/usr/lib/python3.13/site-packages/pgcli/pgexecute.py", line 406, in run\n    yield self.execute_normal_sql(sql) + (sql, True, False)\n          ~~~~~~~~~~~~~~~~~~~~~~~^^^^^\n  File "/usr/lib/python3.13/site-packages/pgcli/pgexecute.py", line 460, in execute_normal_sql\n    cur.execute(split_sql)\n    ~~~~~~~~~~~^^^^^^^^^^^\n  File "/usr/lib/python3.13/site-packages/pgcli/pgexecute.py", line 91, in execute\n    super().execute(*args, **kwargs)\n    ~~~~~~~~~~~~~~~^^^^^^^^^^^^^^^^^\n  File "/usr/lib/python3.13/site-packages/psycopg/cursor.py", line 97, in execute\n    raise ex.with_traceback(None)\npsycopg.errors.UndefinedColumn: column d.number does not exist\nLINE 6:  d.price * d.number as total_details_price\n                   ^\nHINT:  Perhaps you meant to reference the column "dn.number".\n'
2025-10-26 13:59:34,339 (69087/MainThread) pgcli.pgexecute ERROR - sql: '-- Получить все цены за сервисы для заказа с id = 1\nSELECT\n\ts.name as service,\n\ts.price as price\nFROM "Service"\nJOIN "Car_at_work" ON "Car_at_work".service_id = "Service".id\nWHERE "Car_at_work".order_id = 1\nORDER BY\n\ts.name,\n\ts.price', error: UndefinedTable('missing FROM-clause entry for table "s"\nLINE 3:  s.name as service,\n         ^')
2025-10-26 13:59:34,339 (69087/MainThread) pgcli.pgexecute ERROR - traceback: 'Traceback (most recent call last):\n  File "/usr/lib/python3.13/site-packages/pgcli/pgexecute.py", line 406, in run\n    yield self.execute_normal_sql(sql) + (sql, True, False)\n          ~~~~~~~~~~~~~~~~~~~~~~~^^^^^\n  File "/usr/lib/python3.13/site-packages/pgcli/pgexecute.py", line 460, in execute_normal_sql\n    cur.execute(split_sql)\n    ~~~~~~~~~~~^^^^^^^^^^^\n  File "/usr/lib/python3.13/site-packages/pgcli/pgexecute.py", line 91, in execute\n    super().execute(*args, **kwargs)\n    ~~~~~~~~~~~~~~~^^^^^^^^^^^^^^^^^\n  File "/usr/lib/python3.13/site-packages/psycopg/cursor.py", line 97, in execute\n    raise ex.with_traceback(None)\npsycopg.errors.UndefinedTable: missing FROM-clause entry for table "s"\nLINE 3:  s.name as service,\n         ^\n'
2025-10-26 14:20:54,550 (69087/MainThread) pgcli.pgexecute ERROR - sql: 'SELECT\n\tcrs.id as shop_id,\n\tcrs.name as shop,\n\td.id as employee_id,\n\td.name as employee,\n\td.salary as salary\nFROM "Car_Repair_Shop" crs\nCROSS JOIN LATERAL (\n\tSELECT\n\t\te.id as id,\n\t\te.full_name as name,\n\t\te.salary as salary\n\tFROM "Employee" e\n\tWHERE e.car_repair_shop = crs.id\n) d', error: UndefinedTable('relation "Car_Repair_Shop" does not exist\nLINE 7: FROM "Car_Repair_Shop" crs\n             ^')
2025-10-26 14:20:54,551 (69087/MainThread) pgcli.pgexecute ERROR - traceback: 'Traceback (most recent call last):\n  File "/usr/lib/python3.13/site-packages/pgcli/pgexecute.py", line 406, in run\n    yield self.execute_normal_sql(sql) + (sql, True, False)\n          ~~~~~~~~~~~~~~~~~~~~~~~^^^^^\n  File "/usr/lib/python3.13/site-packages/pgcli/pgexecute.py", line 460, in execute_normal_sql\n    cur.execute(split_sql)\n    ~~~~~~~~~~~^^^^^^^^^^^\n  File "/usr/lib/python3.13/site-packages/pgcli/pgexecute.py", line 91, in execute\n    super().execute(*args, **kwargs)\n    ~~~~~~~~~~~~~~~^^^^^^^^^^^^^^^^^\n  File "/usr/lib/python3.13/site-packages/psycopg/cursor.py", line 97, in execute\n    raise ex.with_traceback(None)\npsycopg.errors.UndefinedTable: relation "Car_Repair_Shop" does not exist\nLINE 7: FROM "Car_Repair_Shop" crs\n             ^\n'
2025-10-26 14:21:20,878 (69087/MainThread) pgcli.pgexecute ERROR - sql: 'SELECT\n\tcrs.id as shop_id,\n\tcrs.name as shop,\n\td.id as employee_id,\n\td.name as employee,\n\td.salary as salary\nFROM "Car_repair_shop" crs\nCROSS JOIN LATERAL (\n\tSELECT\n\t\te.id as id,\n\t\te.full_name as name,\n\t\te.salary as salary\n\tFROM "Employee" e\n\tWHERE e.car_repair_shop = crs.id\n) d', error: UndefinedColumn('column e.full_name does not exist\nLINE 11:   e.full_name as name,\n           ^')
2025-10-26 14:21:20,879 (69087/MainThread) pgcli.pgexecute ERROR - traceback: 'Traceback (most recent call last):\n  File "/usr/lib/python3.13/site-packages/pgcli/pgexecute.py", line 406, in run\n    yield self.execute_normal_sql(sql) + (sql, True, False)\n          ~~~~~~~~~~~~~~~~~~~~~~~^^^^^\n  File "/usr/lib/python3.13/site-packages/pgcli/pgexecute.py", line 460, in execute_normal_sql\n    cur.execute(split_sql)\n    ~~~~~~~~~~~^^^^^^^^^^^\n  File "/usr/lib/python3.13/site-packages/pgcli/pgexecute.py", line 91, in execute\n    super().execute(*args, **kwargs)\n    ~~~~~~~~~~~~~~~^^^^^^^^^^^^^^^^^\n  File "/usr/lib/python3.13/site-packages/psycopg/cursor.py", line 97, in execute\n    raise ex.with_traceback(None)\npsycopg.errors.UndefinedColumn: column e.full_name does not exist\nLINE 11:   e.full_name as name,\n           ^\n'
2025-10-26 19:18:33,507 (640617/MainThread) pgcli.main INFO - Default pager found in PAGER environment variable: "less"
2025-10-26 19:18:33,507 (640617/MainThread) pgcli.main WARNING - import keyring failed: ModuleNotFoundError("No module named 'keyring'").
2025-10-31 19:59:00,122 (48706/MainThread) pgcli.main INFO - Default pager found in PAGER environment variable: "less"
2025-10-31 19:59:00,122 (48706/MainThread) pgcli.main WARNING - import keyring failed: ModuleNotFoundError("No module named 'keyring'").
2025-10-31 19:59:12,635 (48706/MainThread) pgcli.pgexecute ERROR - sql: 'SELECT\n\temp.id as id\n\temp.position as position\n\temp.salary as salary\n\temp.rating as rating\nFROM "Employee" emp\nUNION\nSELECT\n\temp_info.full_name as full_name\n\temp_info.phone as phone\nFROM "Employee_info" emp_info', error: SyntaxError('syntax error at or near "emp"\nLINE 3:  emp.position as position\n         ^')
2025-10-31 19:59:12,639 (48706/MainThread) pgcli.pgexecute ERROR - traceback: 'Traceback (most recent call last):\n  File "/usr/lib/python3.13/site-packages/pgcli/pgexecute.py", line 406, in run\n    yield self.execute_normal_sql(sql) + (sql, True, False)\n          ~~~~~~~~~~~~~~~~~~~~~~~^^^^^\n  File "/usr/lib/python3.13/site-packages/pgcli/pgexecute.py", line 460, in execute_normal_sql\n    cur.execute(split_sql)\n    ~~~~~~~~~~~^^^^^^^^^^^\n  File "/usr/lib/python3.13/site-packages/pgcli/pgexecute.py", line 91, in execute\n    super().execute(*args, **kwargs)\n    ~~~~~~~~~~~~~~~^^^^^^^^^^^^^^^^^\n  File "/usr/lib/python3.13/site-packages/psycopg/cursor.py", line 97, in execute\n    raise ex.with_traceback(None)\npsycopg.errors.SyntaxError: syntax error at or near "emp"\nLINE 3:  emp.position as position\n         ^\n'
2025-10-31 19:59:23,935 (48706/MainThread) pgcli.pgexecute ERROR - sql: 'SELECT\n\temp.id as id\n\temp.position as position\n\temp.salary as salary\n\temp.rating as rating\nFROM "Employee" emp\nUNION\nSELECT\n\temp_info.full_name as full_name\n\temp_info.phone as phone\nFROM "Employee_info" emp_info', error: SyntaxError('syntax error at or near "emp"\nLINE 3:  emp.position as position\n         ^')
2025-10-31 19:59:23,937 (48706/MainThread) pgcli.pgexecute ERROR - traceback: 'Traceback (most recent call last):\n  File "/usr/lib/python3.13/site-packages/pgcli/pgexecute.py", line 406, in run\n    yield self.execute_normal_sql(sql) + (sql, True, False)\n          ~~~~~~~~~~~~~~~~~~~~~~~^^^^^\n  File "/usr/lib/python3.13/site-packages/pgcli/pgexecute.py", line 460, in execute_normal_sql\n    cur.execute(split_sql)\n    ~~~~~~~~~~~^^^^^^^^^^^\n  File "/usr/lib/python3.13/site-packages/pgcli/pgexecute.py", line 91, in execute\n    super().execute(*args, **kwargs)\n    ~~~~~~~~~~~~~~~^^^^^^^^^^^^^^^^^\n  File "/usr/lib/python3.13/site-packages/psycopg/cursor.py", line 97, in execute\n    raise ex.with_traceback(None)\npsycopg.errors.SyntaxError: syntax error at or near "emp"\nLINE 3:  emp.position as position\n         ^\n'
2025-10-31 20:00:15,078 (48706/MainThread) pgcli.pgexecute ERROR - sql: 'SELECT\n\temp.id as id\n\temp.salary as salary\n\temp.rating as rating\nFROM "Employee" emp\nUNION\nSELECT\n\temp_info.full_name as full_name\n\temp_info.phone as phone\nFROM "Employee_info" emp_info', error: SyntaxError('syntax error at or near "emp"\nLINE 3:  emp.salary as salary\n         ^')
2025-10-31 20:00:15,079 (48706/MainThread) pgcli.pgexecute ERROR - traceback: 'Traceback (most recent call last):\n  File "/usr/lib/python3.13/site-packages/pgcli/pgexecute.py", line 406, in run\n    yield self.execute_normal_sql(sql) + (sql, True, False)\n          ~~~~~~~~~~~~~~~~~~~~~~~^^^^^\n  File "/usr/lib/python3.13/site-packages/pgcli/pgexecute.py", line 460, in execute_normal_sql\n    cur.execute(split_sql)\n    ~~~~~~~~~~~^^^^^^^^^^^\n  File "/usr/lib/python3.13/site-packages/pgcli/pgexecute.py", line 91, in execute\n    super().execute(*args, **kwargs)\n    ~~~~~~~~~~~~~~~^^^^^^^^^^^^^^^^^\n  File "/usr/lib/python3.13/site-packages/psycopg/cursor.py", line 97, in execute\n    raise ex.with_traceback(None)\npsycopg.errors.SyntaxError: syntax error at or near "emp"\nLINE 3:  emp.salary as salary\n         ^\n'
2025-10-31 20:01:18,425 (48706/MainThread) pgcli.pgexecute ERROR - sql: 'SELECT * FROM "Employee"\nUNION\nSELECT * FROM "Employee_info"', error: SyntaxError('each UNION query must have the same number of columns\nLINE 3: SELECT * FROM "Employee_info"\n               ^')
2025-10-31 20:01:18,428 (48706/MainThread) pgcli.pgexecute ERROR - traceback: 'Traceback (most recent call last):\n  File "/usr/lib/python3.13/site-packages/pgcli/pgexecute.py", line 406, in run\n    yield self.execute_normal_sql(sql) + (sql, True, False)\n          ~~~~~~~~~~~~~~~~~~~~~~~^^^^^\n  File "/usr/lib/python3.13/site-packages/pgcli/pgexecute.py", line 460, in execute_normal_sql\n    cur.execute(split_sql)\n    ~~~~~~~~~~~^^^^^^^^^^^\n  File "/usr/lib/python3.13/site-packages/pgcli/pgexecute.py", line 91, in execute\n    super().execute(*args, **kwargs)\n    ~~~~~~~~~~~~~~~^^^^^^^^^^^^^^^^^\n  File "/usr/lib/python3.13/site-packages/psycopg/cursor.py", line 97, in execute\n    raise ex.with_traceback(None)\npsycopg.errors.SyntaxError: each UNION query must have the same number of columns\nLINE 3: SELECT * FROM "Employee_info"\n               ^\n'
2025-10-31 20:01:46,960 (48706/MainThread) pgcli.pgexecute ERROR - sql: 'SELECT\n\temp.id as id\n\temp.rating as rating\nFROM "Employee" emp\nUNION\nSELECT\n\temp_info.full_name as full_name\n\temp_info.phone as phone\nFROM "Employee_info" emp_info', error: SyntaxError('syntax error at or near "emp"\nLINE 3:  emp.rating as rating\n         ^')
2025-10-31 20:01:46,961 (48706/MainThread) pgcli.pgexecute ERROR - traceback: 'Traceback (most recent call last):\n  File "/usr/lib/python3.13/site-packages/pgcli/pgexecute.py", line 406, in run\n    yield self.execute_normal_sql(sql) + (sql, True, False)\n          ~~~~~~~~~~~~~~~~~~~~~~~^^^^^\n  File "/usr/lib/python3.13/site-packages/pgcli/pgexecute.py", line 460, in execute_normal_sql\n    cur.execute(split_sql)\n    ~~~~~~~~~~~^^^^^^^^^^^\n  File "/usr/lib/python3.13/site-packages/pgcli/pgexecute.py", line 91, in execute\n    super().execute(*args, **kwargs)\n    ~~~~~~~~~~~~~~~^^^^^^^^^^^^^^^^^\n  File "/usr/lib/python3.13/site-packages/psycopg/cursor.py", line 97, in execute\n    raise ex.with_traceback(None)\npsycopg.errors.SyntaxError: syntax error at or near "emp"\nLINE 3:  emp.rating as rating\n         ^\n'
2025-10-31 20:03:22,002 (48706/MainThread) pgcli.pgexecute ERROR - sql: 'SELECT  FROM "Employee"\nUNION\nSELECT * FROM "Employee"', error: SyntaxError('each UNION query must have the same number of columns\nLINE 3: SELECT * FROM "Employee"\n               ^')
2025-10-31 20:03:22,004 (48706/MainThread) pgcli.pgexecute ERROR - traceback: 'Traceback (most recent call last):\n  File "/usr/lib/python3.13/site-packages/pgcli/pgexecute.py", line 406, in run\n    yield self.execute_normal_sql(sql) + (sql, True, False)\n          ~~~~~~~~~~~~~~~~~~~~~~~^^^^^\n  File "/usr/lib/python3.13/site-packages/pgcli/pgexecute.py", line 460, in execute_normal_sql\n    cur.execute(split_sql)\n    ~~~~~~~~~~~^^^^^^^^^^^\n  File "/usr/lib/python3.13/site-packages/pgcli/pgexecute.py", line 91, in execute\n    super().execute(*args, **kwargs)\n    ~~~~~~~~~~~~~~~^^^^^^^^^^^^^^^^^\n  File "/usr/lib/python3.13/site-packages/psycopg/cursor.py", line 97, in execute\n    raise ex.with_traceback(None)\npsycopg.errors.SyntaxError: each UNION query must have the same number of columns\nLINE 3: SELECT * FROM "Employee"\n               ^\n'
2025-10-31 20:06:10,059 (48706/MainThread) pgcli.pgexecute ERROR - sql: 'SELECT\n  e.id as id,\n  e.salary as salary\nFROM "Employee" e\nUNION\nSELECT\n  ei.employee_id as id,\n  ei.full_name as full_name\nFROM "Employee_info" as ei', error: DatatypeMismatch('UNION types integer and character varying cannot be matched\nLINE 8:   ei.full_name as full_name\n          ^')
2025-10-31 20:06:10,061 (48706/MainThread) pgcli.pgexecute ERROR - traceback: 'Traceback (most recent call last):\n  File "/usr/lib/python3.13/site-packages/pgcli/pgexecute.py", line 406, in run\n    yield self.execute_normal_sql(sql) + (sql, True, False)\n          ~~~~~~~~~~~~~~~~~~~~~~~^^^^^\n  File "/usr/lib/python3.13/site-packages/pgcli/pgexecute.py", line 460, in execute_normal_sql\n    cur.execute(split_sql)\n    ~~~~~~~~~~~^^^^^^^^^^^\n  File "/usr/lib/python3.13/site-packages/pgcli/pgexecute.py", line 91, in execute\n    super().execute(*args, **kwargs)\n    ~~~~~~~~~~~~~~~^^^^^^^^^^^^^^^^^\n  File "/usr/lib/python3.13/site-packages/psycopg/cursor.py", line 97, in execute\n    raise ex.with_traceback(None)\npsycopg.errors.DatatypeMismatch: UNION types integer and character varying cannot be matched\nLINE 8:   ei.full_name as full_name\n          ^\n'
2025-10-31 20:06:57,462 (48706/MainThread) pgcli.pgexecute ERROR - sql: 'SELECT\n\temp.id as id\n\temp.salary as salary\nFROM "Employee" emp\nUNION\nSELECT\n\temp_info.full_name as full_name\n\temp_info.phone as phone\nFROM "Employee_info" emp_info', error: SyntaxError('syntax error at or near "emp"\nLINE 3:  emp.salary as salary\n         ^')
2025-10-31 20:06:57,464 (48706/MainThread) pgcli.pgexecute ERROR - traceback: 'Traceback (most recent call last):\n  File "/usr/lib/python3.13/site-packages/pgcli/pgexecute.py", line 406, in run\n    yield self.execute_normal_sql(sql) + (sql, True, False)\n          ~~~~~~~~~~~~~~~~~~~~~~~^^^^^\n  File "/usr/lib/python3.13/site-packages/pgcli/pgexecute.py", line 460, in execute_normal_sql\n    cur.execute(split_sql)\n    ~~~~~~~~~~~^^^^^^^^^^^\n  File "/usr/lib/python3.13/site-packages/pgcli/pgexecute.py", line 91, in execute\n    super().execute(*args, **kwargs)\n    ~~~~~~~~~~~~~~~^^^^^^^^^^^^^^^^^\n  File "/usr/lib/python3.13/site-packages/psycopg/cursor.py", line 97, in execute\n    raise ex.with_traceback(None)\npsycopg.errors.SyntaxError: syntax error at or near "emp"\nLINE 3:  emp.salary as salary\n         ^\n'
2025-10-31 20:07:22,609 (48706/MainThread) pgcli.pgexecute ERROR - sql: 'SELECT\n  e.id as id,\n  e.salary as salary\nFROM "Employee" e\nUNION\nSELECT\n  ei.employee_id as id,\n  ei.phone as phone\nFROM "Employee_info" as ei', error: DatatypeMismatch('UNION types integer and character varying cannot be matched\nLINE 8:   ei.phone as phone\n          ^')
2025-10-31 20:07:22,609 (48706/MainThread) pgcli.pgexecute ERROR - traceback: 'Traceback (most recent call last):\n  File "/usr/lib/python3.13/site-packages/pgcli/pgexecute.py", line 406, in run\n    yield self.execute_normal_sql(sql) + (sql, True, False)\n          ~~~~~~~~~~~~~~~~~~~~~~~^^^^^\n  File "/usr/lib/python3.13/site-packages/pgcli/pgexecute.py", line 460, in execute_normal_sql\n    cur.execute(split_sql)\n    ~~~~~~~~~~~^^^^^^^^^^^\n  File "/usr/lib/python3.13/site-packages/pgcli/pgexecute.py", line 91, in execute\n    super().execute(*args, **kwargs)\n    ~~~~~~~~~~~~~~~^^^^^^^^^^^^^^^^^\n  File "/usr/lib/python3.13/site-packages/psycopg/cursor.py", line 97, in execute\n    raise ex.with_traceback(None)\npsycopg.errors.DatatypeMismatch: UNION types integer and character varying cannot be matched\nLINE 8:   ei.phone as phone\n          ^\n'
2025-10-31 20:08:05,920 (48706/MainThread) pgcli.pgexecute ERROR - sql: 'SELECT\n\temp.id as id\n\temp.salary as salary\n\temp.rating as rating\nFROM "Employee" emp\nUNION\nSELECT\n\temp_info.full_name as full_name\n\temp_info.phone as phone\n\temp_info.email as email\nFROM "Employee_info" emp_info', error: SyntaxError('syntax error at or near "emp"\nLINE 3:  emp.salary as salary\n         ^')
2025-10-31 20:08:05,922 (48706/MainThread) pgcli.pgexecute ERROR - traceback: 'Traceback (most recent call last):\n  File "/usr/lib/python3.13/site-packages/pgcli/pgexecute.py", line 406, in run\n    yield self.execute_normal_sql(sql) + (sql, True, False)\n          ~~~~~~~~~~~~~~~~~~~~~~~^^^^^\n  File "/usr/lib/python3.13/site-packages/pgcli/pgexecute.py", line 460, in execute_normal_sql\n    cur.execute(split_sql)\n    ~~~~~~~~~~~^^^^^^^^^^^\n  File "/usr/lib/python3.13/site-packages/pgcli/pgexecute.py", line 91, in execute\n    super().execute(*args, **kwargs)\n    ~~~~~~~~~~~~~~~^^^^^^^^^^^^^^^^^\n  File "/usr/lib/python3.13/site-packages/psycopg/cursor.py", line 97, in execute\n    raise ex.with_traceback(None)\npsycopg.errors.SyntaxError: syntax error at or near "emp"\nLINE 3:  emp.salary as salary\n         ^\n'
2025-10-31 20:21:39,693 (48706/MainThread) pgcli.pgexecute ERROR - sql: 'SELECT\n\temp1.id as id,\n\temp1.salary as salary,\n\temp1.rating as rating,\n\temp1.position as position\nFROM "Employee" emp1\nWHERE emp1.rating > 5\nUNION\nSELECT\n\temp2.id as id,\n\temp2.salary as salary,\n\temp2.rating as rating,\n\temp2.position as position\nFROM "Employee" emp2\nWHERE emp2.salary > 50000\nORDER BY\n\temp1.id', error: UndefinedTable('missing FROM-clause entry for table "emp1"\nLINE 17:  emp1.id\n          ^')
2025-10-31 20:21:39,694 (48706/MainThread) pgcli.pgexecute ERROR - traceback: 'Traceback (most recent call last):\n  File "/usr/lib/python3.13/site-packages/pgcli/pgexecute.py", line 406, in run\n    yield self.execute_normal_sql(sql) + (sql, True, False)\n          ~~~~~~~~~~~~~~~~~~~~~~~^^^^^\n  File "/usr/lib/python3.13/site-packages/pgcli/pgexecute.py", line 460, in execute_normal_sql\n    cur.execute(split_sql)\n    ~~~~~~~~~~~^^^^^^^^^^^\n  File "/usr/lib/python3.13/site-packages/pgcli/pgexecute.py", line 91, in execute\n    super().execute(*args, **kwargs)\n    ~~~~~~~~~~~~~~~^^^^^^^^^^^^^^^^^\n  File "/usr/lib/python3.13/site-packages/psycopg/cursor.py", line 97, in execute\n    raise ex.with_traceback(None)\npsycopg.errors.UndefinedTable: missing FROM-clause entry for table "emp1"\nLINE 17:  emp1.id\n          ^\n'
2025-10-31 20:21:58,104 (48706/MainThread) pgcli.pgexecute ERROR - sql: 'SELECT\n\temp1.id as id,\n\temp1.salary as salary,\n\temp1.rating as rating,\n\temp1.position as position\nFROM "Employee" emp1\nWHERE emp1.rating > 5\nUNION\nSELECT\n\temp2.id as id,\n\temp2.salary as salary,\n\temp2.rating as rating,\n\temp2.position as position\nFROM "Employee" emp2\nWHERE emp2.salary > 50000\nORDER BY\n\t"Employee".id', error: UndefinedTable('missing FROM-clause entry for table "Employee"\nLINE 17:  "Employee".id\n          ^')
2025-10-31 20:21:58,104 (48706/MainThread) pgcli.pgexecute ERROR - traceback: 'Traceback (most recent call last):\n  File "/usr/lib/python3.13/site-packages/pgcli/pgexecute.py", line 406, in run\n    yield self.execute_normal_sql(sql) + (sql, True, False)\n          ~~~~~~~~~~~~~~~~~~~~~~~^^^^^\n  File "/usr/lib/python3.13/site-packages/pgcli/pgexecute.py", line 460, in execute_normal_sql\n    cur.execute(split_sql)\n    ~~~~~~~~~~~^^^^^^^^^^^\n  File "/usr/lib/python3.13/site-packages/pgcli/pgexecute.py", line 91, in execute\n    super().execute(*args, **kwargs)\n    ~~~~~~~~~~~~~~~^^^^^^^^^^^^^^^^^\n  File "/usr/lib/python3.13/site-packages/psycopg/cursor.py", line 97, in execute\n    raise ex.with_traceback(None)\npsycopg.errors.UndefinedTable: missing FROM-clause entry for table "Employee"\nLINE 17:  "Employee".id\n          ^\n'
2025-11-01 18:31:01,580 (481289/MainThread) pgcli.main INFO - Default pager found in PAGER environment variable: "less"
2025-11-01 18:31:01,581 (481289/MainThread) pgcli.main WARNING - import keyring failed: ModuleNotFoundError("No module named 'keyring'").
2025-11-01 18:31:05,329 (481289/MainThread) pgcli.pgexecute ERROR - sql: 'SELECT\n\temp.id as id\nFROM "Employee" emp\nWHERE\n\temp.salary > 50000 & EXISTS(\n\t\tSELECT\n\t\t\t1\n\t\tFROM "Employee_works" emp_w\n\t\tWHERE COUNT(emp_w.employee_id) < 2\n\t)\nORDER BY id', error: GroupingError('aggregate functions are not allowed in WHERE\nLINE 9:   WHERE COUNT(emp_w.employee_id) < 2\n                ^')
2025-11-01 18:31:05,331 (481289/MainThread) pgcli.pgexecute ERROR - traceback: 'Traceback (most recent call last):\n  File "/usr/lib/python3.13/site-packages/pgcli/pgexecute.py", line 406, in run\n    yield self.execute_normal_sql(sql) + (sql, True, False)\n          ~~~~~~~~~~~~~~~~~~~~~~~^^^^^\n  File "/usr/lib/python3.13/site-packages/pgcli/pgexecute.py", line 460, in execute_normal_sql\n    cur.execute(split_sql)\n    ~~~~~~~~~~~^^^^^^^^^^^\n  File "/usr/lib/python3.13/site-packages/pgcli/pgexecute.py", line 91, in execute\n    super().execute(*args, **kwargs)\n    ~~~~~~~~~~~~~~~^^^^^^^^^^^^^^^^^\n  File "/usr/lib/python3.13/site-packages/psycopg/cursor.py", line 97, in execute\n    raise ex.with_traceback(None)\npsycopg.errors.GroupingError: aggregate functions are not allowed in WHERE\nLINE 9:   WHERE COUNT(emp_w.employee_id) < 2\n                ^\n'
2025-11-01 18:31:22,676 (481289/MainThread) pgcli.pgexecute ERROR - sql: 'SELECT\n\temp.id as id\nFROM "Employee" emp\nWHERE\n\temp.salary > 50000 & EXISTS(\n\t\tSELECT\n\t\t\t1\n\t\tFROM "Employee_works" emp_w\n\t\tWHERE (COUNT(emp_w.employee_id) < 2)\n\t)\nORDER BY id', error: GroupingError('aggregate functions are not allowed in WHERE\nLINE 9:   WHERE (COUNT(emp_w.employee_id) < 2)\n                 ^')
2025-11-01 18:31:22,676 (481289/MainThread) pgcli.pgexecute ERROR - traceback: 'Traceback (most recent call last):\n  File "/usr/lib/python3.13/site-packages/pgcli/pgexecute.py", line 406, in run\n    yield self.execute_normal_sql(sql) + (sql, True, False)\n          ~~~~~~~~~~~~~~~~~~~~~~~^^^^^\n  File "/usr/lib/python3.13/site-packages/pgcli/pgexecute.py", line 460, in execute_normal_sql\n    cur.execute(split_sql)\n    ~~~~~~~~~~~^^^^^^^^^^^\n  File "/usr/lib/python3.13/site-packages/pgcli/pgexecute.py", line 91, in execute\n    super().execute(*args, **kwargs)\n    ~~~~~~~~~~~~~~~^^^^^^^^^^^^^^^^^\n  File "/usr/lib/python3.13/site-packages/psycopg/cursor.py", line 97, in execute\n    raise ex.with_traceback(None)\npsycopg.errors.GroupingError: aggregate functions are not allowed in WHERE\nLINE 9:   WHERE (COUNT(emp_w.employee_id) < 2)\n                 ^\n'
2025-11-01 18:34:30,392 (481289/MainThread) pgcli.pgexecute ERROR - sql: 'SELECT\n\temp.id as id\nFROM "Employee" emp\nWHERE\n\temp.salary > 50000\n\tAND EXISTS(\n\t\tSELECT 1\n\t\tFROM "Employee_works" emp_w\n\t\tWHERE emp.ed = emp_w.employee_id\n\t\tGROUP BY emp_w.employee_id\n\t\tHAVING COUNT(emp_w.employee_id) < 2\n\t)\nORDER BY id', error: UndefinedColumn('column emp.ed does not exist\nLINE 9:   WHERE emp.ed = emp_w.employee_id\n                ^\nHINT:  Perhaps you meant to reference the column "emp.id".')
2025-11-01 18:34:30,394 (481289/MainThread) pgcli.pgexecute ERROR - traceback: 'Traceback (most recent call last):\n  File "/usr/lib/python3.13/site-packages/pgcli/pgexecute.py", line 406, in run\n    yield self.execute_normal_sql(sql) + (sql, True, False)\n          ~~~~~~~~~~~~~~~~~~~~~~~^^^^^\n  File "/usr/lib/python3.13/site-packages/pgcli/pgexecute.py", line 460, in execute_normal_sql\n    cur.execute(split_sql)\n    ~~~~~~~~~~~^^^^^^^^^^^\n  File "/usr/lib/python3.13/site-packages/pgcli/pgexecute.py", line 91, in execute\n    super().execute(*args, **kwargs)\n    ~~~~~~~~~~~~~~~^^^^^^^^^^^^^^^^^\n  File "/usr/lib/python3.13/site-packages/psycopg/cursor.py", line 97, in execute\n    raise ex.with_traceback(None)\npsycopg.errors.UndefinedColumn: column emp.ed does not exist\nLINE 9:   WHERE emp.ed = emp_w.employee_id\n                ^\nHINT:  Perhaps you meant to reference the column "emp.id".\n'
2025-11-01 18:38:37,662 (481289/MainThread) pgcli.pgexecute ERROR - sql: 'SELECT\n\temp.id as id,\n\temp_info.full_name as name,\n\temp_info.phone as phone\nFROM "Employee" emp\nJOIN "Employee_info" emp_info\nWHERE\n\temp.salary > 40000\n\tAND EXISTS(\n\t\tSELECT 1\n\t\tFROM "Employee_works" emp_w\n\t\tWHERE emp.id = emp_w.employee_id\n\t\tGROUP BY emp_w.employee_id\n\t\tHAVING COUNT(emp_w.employee_id) < 2\n\t)\nORDER BY id', error: SyntaxError('syntax error at or near "WHERE"\nLINE 7: WHERE\n        ^')
2025-11-01 18:38:37,665 (481289/MainThread) pgcli.pgexecute ERROR - traceback: 'Traceback (most recent call last):\n  File "/usr/lib/python3.13/site-packages/pgcli/pgexecute.py", line 406, in run\n    yield self.execute_normal_sql(sql) + (sql, True, False)\n          ~~~~~~~~~~~~~~~~~~~~~~~^^^^^\n  File "/usr/lib/python3.13/site-packages/pgcli/pgexecute.py", line 460, in execute_normal_sql\n    cur.execute(split_sql)\n    ~~~~~~~~~~~^^^^^^^^^^^\n  File "/usr/lib/python3.13/site-packages/pgcli/pgexecute.py", line 91, in execute\n    super().execute(*args, **kwargs)\n    ~~~~~~~~~~~~~~~^^^^^^^^^^^^^^^^^\n  File "/usr/lib/python3.13/site-packages/psycopg/cursor.py", line 97, in execute\n    raise ex.with_traceback(None)\npsycopg.errors.SyntaxError: syntax error at or near "WHERE"\nLINE 7: WHERE\n        ^\n'
2025-11-01 18:38:50,119 (481289/MainThread) pgcli.pgexecute ERROR - sql: 'SELECT\n\temp.id as id,\n\temp_info.full_name as name,\n\temp_info.phone as phone\nFROM "Employee" emp\nJOIN "Employee_info" emp_info,\nWHERE\n\temp.salary > 40000\n\tAND EXISTS(\n\t\tSELECT 1\n\t\tFROM "Employee_works" emp_w\n\t\tWHERE emp.id = emp_w.employee_id\n\t\tGROUP BY emp_w.employee_id\n\t\tHAVING COUNT(emp_w.employee_id) < 2\n\t)\nORDER BY id', error: SyntaxError('syntax error at or near ","\nLINE 6: JOIN "Employee_info" emp_info,\n                                     ^')
2025-11-01 18:38:50,120 (481289/MainThread) pgcli.pgexecute ERROR - traceback: 'Traceback (most recent call last):\n  File "/usr/lib/python3.13/site-packages/pgcli/pgexecute.py", line 406, in run\n    yield self.execute_normal_sql(sql) + (sql, True, False)\n          ~~~~~~~~~~~~~~~~~~~~~~~^^^^^\n  File "/usr/lib/python3.13/site-packages/pgcli/pgexecute.py", line 460, in execute_normal_sql\n    cur.execute(split_sql)\n    ~~~~~~~~~~~^^^^^^^^^^^\n  File "/usr/lib/python3.13/site-packages/pgcli/pgexecute.py", line 91, in execute\n    super().execute(*args, **kwargs)\n    ~~~~~~~~~~~~~~~^^^^^^^^^^^^^^^^^\n  File "/usr/lib/python3.13/site-packages/psycopg/cursor.py", line 97, in execute\n    raise ex.with_traceback(None)\npsycopg.errors.SyntaxError: syntax error at or near ","\nLINE 6: JOIN "Employee_info" emp_info,\n                                     ^\n'
2025-11-01 18:56:49,632 (528433/MainThread) pgcli.main INFO - Default pager found in PAGER environment variable: "less"
2025-11-01 18:56:49,632 (528433/MainThread) pgcli.main WARNING - import keyring failed: ModuleNotFoundError("No module named 'keyring'").
2025-11-01 18:59:46,518 (528433/MainThread) pgcli.pgexecute ERROR - sql: 'SELECT\n\temp.id as id,\n\temp_info.full_name as name,\n\temp_info.phone as phone\nFROM "Employee" emp\nJOIN "Employee_info" emp_info ON emp.id = emp_info.employee_id\nWHERE\n\temp.salary > 40000\n\tAND EXISTS(\n\t\tSELECT 1\n\t\tFROM "Employee_works" emp_w\n\t\tJOIN "Car_at_work" caw ON emp_w.car_at_work_id = caw.id\n\t\tWHERE emp.id = emp_w.employee_id\n\t\tGROUP BY emp_w.employee_id\n\t\tHAVING COUNT(emp_w.employee_id) < 2 AND caw.end_date BETWEEN CURRENT_DATE AND NOW()::date - INTERVAL \'10 days\'\n\t)\nORDER BY id', error: GroupingError('column "caw.end_date" must appear in the GROUP BY clause or be used in an aggregate function\nLINE 15:   HAVING COUNT(emp_w.employee_id) < 2 AND caw.end_date BETWE...\n                                                   ^')
2025-11-01 18:59:46,519 (528433/MainThread) pgcli.pgexecute ERROR - traceback: 'Traceback (most recent call last):\n  File "/usr/lib/python3.13/site-packages/pgcli/pgexecute.py", line 406, in run\n    yield self.execute_normal_sql(sql) + (sql, True, False)\n          ~~~~~~~~~~~~~~~~~~~~~~~^^^^^\n  File "/usr/lib/python3.13/site-packages/pgcli/pgexecute.py", line 460, in execute_normal_sql\n    cur.execute(split_sql)\n    ~~~~~~~~~~~^^^^^^^^^^^\n  File "/usr/lib/python3.13/site-packages/pgcli/pgexecute.py", line 91, in execute\n    super().execute(*args, **kwargs)\n    ~~~~~~~~~~~~~~~^^^^^^^^^^^^^^^^^\n  File "/usr/lib/python3.13/site-packages/psycopg/cursor.py", line 97, in execute\n    raise ex.with_traceback(None)\npsycopg.errors.GroupingError: column "caw.end_date" must appear in the GROUP BY clause or be used in an aggregate function\nLINE 15:   HAVING COUNT(emp_w.employee_id) < 2 AND caw.end_date BETWE...\n                                                   ^\n'
2025-11-01 19:04:33,662 (528433/MainThread) pgcli.pgexecute ERROR - sql: 'SELECT * FROM "Employee_works" emp_w JOIN "Car_at_work" caw ON caw.id = emp_w.car_at_work_id\nGROUP BY emp_w employee_id, caw.end_date\nHAVING COUNT(emp_w.employee_id) < 2 AND caw.end_date BETWEEN CURRENT_DATE AND CURRENT_DATE - INTERVAL "1000 days"', error: SyntaxError('syntax error at or near "employee_id"\nLINE 2: GROUP BY emp_w employee_id, caw.end_date\n                       ^')
2025-11-01 19:04:33,662 (528433/MainThread) pgcli.pgexecute ERROR - traceback: 'Traceback (most recent call last):\n  File "/usr/lib/python3.13/site-packages/pgcli/pgexecute.py", line 406, in run\n    yield self.execute_normal_sql(sql) + (sql, True, False)\n          ~~~~~~~~~~~~~~~~~~~~~~~^^^^^\n  File "/usr/lib/python3.13/site-packages/pgcli/pgexecute.py", line 460, in execute_normal_sql\n    cur.execute(split_sql)\n    ~~~~~~~~~~~^^^^^^^^^^^\n  File "/usr/lib/python3.13/site-packages/pgcli/pgexecute.py", line 91, in execute\n    super().execute(*args, **kwargs)\n    ~~~~~~~~~~~~~~~^^^^^^^^^^^^^^^^^\n  File "/usr/lib/python3.13/site-packages/psycopg/cursor.py", line 97, in execute\n    raise ex.with_traceback(None)\npsycopg.errors.SyntaxError: syntax error at or near "employee_id"\nLINE 2: GROUP BY emp_w employee_id, caw.end_date\n                       ^\n'
2025-11-01 19:04:54,669 (528433/MainThread) pgcli.pgexecute ERROR - sql: 'SELECT * FROM "Employee_works" emp_w JOIN "Car_at_work" caw ON caw.id = emp_w.car_at_work_id\nGROUP BY emp_w.employee_id, caw.end_date\nHAVING COUNT(emp_w.employee_id) < 2 AND caw.end_date BETWEEN CURRENT_DATE AND CURRENT_DATE - INTERVAL "1000 days"', error: SyntaxError('syntax error at or near ""1000 days""\nLINE 3: ... BETWEEN CURRENT_DATE AND CURRENT_DATE - INTERVAL "1000 days...\n                                                             ^')
2025-11-01 19:04:54,669 (528433/MainThread) pgcli.pgexecute ERROR - traceback: 'Traceback (most recent call last):\n  File "/usr/lib/python3.13/site-packages/pgcli/pgexecute.py", line 406, in run\n    yield self.execute_normal_sql(sql) + (sql, True, False)\n          ~~~~~~~~~~~~~~~~~~~~~~~^^^^^\n  File "/usr/lib/python3.13/site-packages/pgcli/pgexecute.py", line 460, in execute_normal_sql\n    cur.execute(split_sql)\n    ~~~~~~~~~~~^^^^^^^^^^^\n  File "/usr/lib/python3.13/site-packages/pgcli/pgexecute.py", line 91, in execute\n    super().execute(*args, **kwargs)\n    ~~~~~~~~~~~~~~~^^^^^^^^^^^^^^^^^\n  File "/usr/lib/python3.13/site-packages/psycopg/cursor.py", line 97, in execute\n    raise ex.with_traceback(None)\npsycopg.errors.SyntaxError: syntax error at or near ""1000 days""\nLINE 3: ... BETWEEN CURRENT_DATE AND CURRENT_DATE - INTERVAL "1000 days...\n                                                             ^\n'
2025-11-01 19:05:02,464 (528433/MainThread) pgcli.pgexecute ERROR - sql: 'SELECT * FROM "Employee_works" emp_w JOIN "Car_at_work" caw ON caw.id = emp_w.car_at_work_id\nGROUP BY emp_w.employee_id, caw.end_date\nHAVING COUNT(emp_w.employee_id) < 2 AND caw.end_date BETWEEN CURRENT_DATE AND CURRENT_DATE - INTERVAL \'1000 days\'', error: GroupingError('column "emp_w.car_at_work_id" must appear in the GROUP BY clause or be used in an aggregate function\nLINE 1: SELECT * FROM "Employee_works" emp_w JOIN "Car_at_work" caw ...\n               ^')
2025-11-01 19:05:02,465 (528433/MainThread) pgcli.pgexecute ERROR - traceback: 'Traceback (most recent call last):\n  File "/usr/lib/python3.13/site-packages/pgcli/pgexecute.py", line 406, in run\n    yield self.execute_normal_sql(sql) + (sql, True, False)\n          ~~~~~~~~~~~~~~~~~~~~~~~^^^^^\n  File "/usr/lib/python3.13/site-packages/pgcli/pgexecute.py", line 460, in execute_normal_sql\n    cur.execute(split_sql)\n    ~~~~~~~~~~~^^^^^^^^^^^\n  File "/usr/lib/python3.13/site-packages/pgcli/pgexecute.py", line 91, in execute\n    super().execute(*args, **kwargs)\n    ~~~~~~~~~~~~~~~^^^^^^^^^^^^^^^^^\n  File "/usr/lib/python3.13/site-packages/psycopg/cursor.py", line 97, in execute\n    raise ex.with_traceback(None)\npsycopg.errors.GroupingError: column "emp_w.car_at_work_id" must appear in the GROUP BY clause or be used in an aggregate function\nLINE 1: SELECT * FROM "Employee_works" emp_w JOIN "Car_at_work" caw ...\n               ^\n'
2025-11-01 19:05:56,675 (528433/MainThread) pgcli.pgexecute ERROR - sql: 'SELECT\ncaw.id, caw.end_date FROM "Employee_works" emp_w JOIN "Car_at_work" caw ON caw.id = emp_w.car_at_work_id\nGROUP BY emp_w.employee_id, caw.end_date\nHAVING COUNT(emp_w.employee_id) < 2 AND caw.end_date BETWEEN CURRENT_DATE AND CURRENT_DATE - INTERVAL \'1000 days\'', error: GroupingError('column "caw.id" must appear in the GROUP BY clause or be used in an aggregate function\nLINE 2: caw.id, caw.end_date FROM "Employee_works" emp_w JOIN "Car_a...\n        ^')
2025-11-01 19:05:56,675 (528433/MainThread) pgcli.pgexecute ERROR - traceback: 'Traceback (most recent call last):\n  File "/usr/lib/python3.13/site-packages/pgcli/pgexecute.py", line 406, in run\n    yield self.execute_normal_sql(sql) + (sql, True, False)\n          ~~~~~~~~~~~~~~~~~~~~~~~^^^^^\n  File "/usr/lib/python3.13/site-packages/pgcli/pgexecute.py", line 460, in execute_normal_sql\n    cur.execute(split_sql)\n    ~~~~~~~~~~~^^^^^^^^^^^\n  File "/usr/lib/python3.13/site-packages/pgcli/pgexecute.py", line 91, in execute\n    super().execute(*args, **kwargs)\n    ~~~~~~~~~~~~~~~^^^^^^^^^^^^^^^^^\n  File "/usr/lib/python3.13/site-packages/psycopg/cursor.py", line 97, in execute\n    raise ex.with_traceback(None)\npsycopg.errors.GroupingError: column "caw.id" must appear in the GROUP BY clause or be used in an aggregate function\nLINE 2: caw.id, caw.end_date FROM "Employee_works" emp_w JOIN "Car_a...\n        ^\n'
2025-11-01 19:08:56,519 (528433/MainThread) pgcli.pgexecute ERROR - sql: 'CURRENT_DATE', error: SyntaxError('syntax error at or near "CURRENT_DATE"\nLINE 1: CURRENT_DATE\n        ^')
2025-11-01 19:08:56,521 (528433/MainThread) pgcli.pgexecute ERROR - traceback: 'Traceback (most recent call last):\n  File "/usr/lib/python3.13/site-packages/pgcli/pgexecute.py", line 406, in run\n    yield self.execute_normal_sql(sql) + (sql, True, False)\n          ~~~~~~~~~~~~~~~~~~~~~~~^^^^^\n  File "/usr/lib/python3.13/site-packages/pgcli/pgexecute.py", line 460, in execute_normal_sql\n    cur.execute(split_sql)\n    ~~~~~~~~~~~^^^^^^^^^^^\n  File "/usr/lib/python3.13/site-packages/pgcli/pgexecute.py", line 91, in execute\n    super().execute(*args, **kwargs)\n    ~~~~~~~~~~~~~~~^^^^^^^^^^^^^^^^^\n  File "/usr/lib/python3.13/site-packages/psycopg/cursor.py", line 97, in execute\n    raise ex.with_traceback(None)\npsycopg.errors.SyntaxError: syntax error at or near "CURRENT_DATE"\nLINE 1: CURRENT_DATE\n        ^\n'
2025-11-01 19:09:43,157 (528433/MainThread) pgcli.pgexecute ERROR - sql: "SELECT CURRENT_DATE INTERVAL '10 days'", error: SyntaxError('syntax error at or near "\'10 days\'"\nLINE 1: SELECT CURRENT_DATE INTERVAL \'10 days\'\n                                     ^')
2025-11-01 19:09:43,159 (528433/MainThread) pgcli.pgexecute ERROR - traceback: 'Traceback (most recent call last):\n  File "/usr/lib/python3.13/site-packages/pgcli/pgexecute.py", line 406, in run\n    yield self.execute_normal_sql(sql) + (sql, True, False)\n          ~~~~~~~~~~~~~~~~~~~~~~~^^^^^\n  File "/usr/lib/python3.13/site-packages/pgcli/pgexecute.py", line 460, in execute_normal_sql\n    cur.execute(split_sql)\n    ~~~~~~~~~~~^^^^^^^^^^^\n  File "/usr/lib/python3.13/site-packages/pgcli/pgexecute.py", line 91, in execute\n    super().execute(*args, **kwargs)\n    ~~~~~~~~~~~~~~~^^^^^^^^^^^^^^^^^\n  File "/usr/lib/python3.13/site-packages/psycopg/cursor.py", line 97, in execute\n    raise ex.with_traceback(None)\npsycopg.errors.SyntaxError: syntax error at or near "\'10 days\'"\nLINE 1: SELECT CURRENT_DATE INTERVAL \'10 days\'\n                                     ^\n'
2025-11-01 19:11:35,987 (528433/MainThread) pgcli.pgexecute ERROR - sql: 'SELECT 1\n\t\tFROM "Employee_works" emp_w\n\t\tJOIN "Car_at_work" caw ON emp_w.car_at_work_id = caw.id\n\t\tWHERE emp.id = emp_w.employee_id\n\t\tGROUP BY\n\t\t\temp_w.employee_id,\n\t\t\tcaw.end_date\n\t\tHAVING COUNT(emp_w.employee_id) < 2 AND caw.end_date BETWEEN CURRENT_DATE AND NOW()::date - INTERVAL \'60 days\'', error: UndefinedTable('missing FROM-clause entry for table "emp"\nLINE 4:   WHERE emp.id = emp_w.employee_id\n                ^')
2025-11-01 19:11:35,988 (528433/MainThread) pgcli.pgexecute ERROR - traceback: 'Traceback (most recent call last):\n  File "/usr/lib/python3.13/site-packages/pgcli/pgexecute.py", line 406, in run\n    yield self.execute_normal_sql(sql) + (sql, True, False)\n          ~~~~~~~~~~~~~~~~~~~~~~~^^^^^\n  File "/usr/lib/python3.13/site-packages/pgcli/pgexecute.py", line 460, in execute_normal_sql\n    cur.execute(split_sql)\n    ~~~~~~~~~~~^^^^^^^^^^^\n  File "/usr/lib/python3.13/site-packages/pgcli/pgexecute.py", line 91, in execute\n    super().execute(*args, **kwargs)\n    ~~~~~~~~~~~~~~~^^^^^^^^^^^^^^^^^\n  File "/usr/lib/python3.13/site-packages/psycopg/cursor.py", line 97, in execute\n    raise ex.with_traceback(None)\npsycopg.errors.UndefinedTable: missing FROM-clause entry for table "emp"\nLINE 4:   WHERE emp.id = emp_w.employee_id\n                ^\n'
2025-11-01 19:11:55,112 (528433/MainThread) pgcli.pgexecute ERROR - sql: 'SELECT *\n\t\tFROM "Employee_works" emp_w\n\t\tJOIN "Car_at_work" caw ON emp_w.car_at_work_id = caw.id\n\t\tGROUP BY\n\t\t\temp_w.employee_id,\n\t\t\tcaw.end_date\n\t\tHAVING COUNT(emp_w.employee_id) < 2 AND caw.end_date BETWEEN CURRENT_DATE AND NOW()::date - INTERVAL \'60 days\'', error: GroupingError('column "emp_w.car_at_work_id" must appear in the GROUP BY clause or be used in an aggregate function\nLINE 1: SELECT *\n               ^')
2025-11-01 19:11:55,113 (528433/MainThread) pgcli.pgexecute ERROR - traceback: 'Traceback (most recent call last):\n  File "/usr/lib/python3.13/site-packages/pgcli/pgexecute.py", line 406, in run\n    yield self.execute_normal_sql(sql) + (sql, True, False)\n          ~~~~~~~~~~~~~~~~~~~~~~~^^^^^\n  File "/usr/lib/python3.13/site-packages/pgcli/pgexecute.py", line 460, in execute_normal_sql\n    cur.execute(split_sql)\n    ~~~~~~~~~~~^^^^^^^^^^^\n  File "/usr/lib/python3.13/site-packages/pgcli/pgexecute.py", line 91, in execute\n    super().execute(*args, **kwargs)\n    ~~~~~~~~~~~~~~~^^^^^^^^^^^^^^^^^\n  File "/usr/lib/python3.13/site-packages/psycopg/cursor.py", line 97, in execute\n    raise ex.with_traceback(None)\npsycopg.errors.GroupingError: column "emp_w.car_at_work_id" must appear in the GROUP BY clause or be used in an aggregate function\nLINE 1: SELECT *\n               ^\n'
2025-11-01 19:12:04,234 (528433/MainThread) pgcli.pgexecute ERROR - sql: 'SELECT emp_w.car_at_work_id, caw.end_date\n\t\tFROM "Employee_works" emp_w\n\t\tJOIN "Car_at_work" caw ON emp_w.car_at_work_id = caw.id\n\t\tGROUP BY\n\t\t\temp_w.employee_id,\n\t\t\tcaw.end_date\n\t\tHAVING COUNT(emp_w.employee_id) < 2 AND caw.end_date BETWEEN CURRENT_DATE AND NOW()::date - INTERVAL \'60 days\'', error: GroupingError('column "emp_w.car_at_work_id" must appear in the GROUP BY clause or be used in an aggregate function\nLINE 1: SELECT emp_w.car_at_work_id, caw.end_date\n               ^')
2025-11-01 19:12:04,236 (528433/MainThread) pgcli.pgexecute ERROR - traceback: 'Traceback (most recent call last):\n  File "/usr/lib/python3.13/site-packages/pgcli/pgexecute.py", line 406, in run\n    yield self.execute_normal_sql(sql) + (sql, True, False)\n          ~~~~~~~~~~~~~~~~~~~~~~~^^^^^\n  File "/usr/lib/python3.13/site-packages/pgcli/pgexecute.py", line 460, in execute_normal_sql\n    cur.execute(split_sql)\n    ~~~~~~~~~~~^^^^^^^^^^^\n  File "/usr/lib/python3.13/site-packages/pgcli/pgexecute.py", line 91, in execute\n    super().execute(*args, **kwargs)\n    ~~~~~~~~~~~~~~~^^^^^^^^^^^^^^^^^\n  File "/usr/lib/python3.13/site-packages/psycopg/cursor.py", line 97, in execute\n    raise ex.with_traceback(None)\npsycopg.errors.GroupingError: column "emp_w.car_at_work_id" must appear in the GROUP BY clause or be used in an aggregate function\nLINE 1: SELECT emp_w.car_at_work_id, caw.end_date\n               ^\n'
2025-11-01 19:21:36,002 (571366/MainThread) pgcli.main INFO - Default pager found in PAGER environment variable: "less"
2025-11-01 19:21:36,002 (571366/MainThread) pgcli.main WARNING - import keyring failed: ModuleNotFoundError("No module named 'keyring'").
2025-11-01 19:25:03,795 (571366/MainThread) pgcli.pgexecute ERROR - sql: 'SELECT\n    emp_w.employee_id as id,\n    caw.end_date as end_date\nFROM "Employee_works" emp_w\nJOIN "Car_at_work" caw ON emp_w.car_at_work_id = caw.id\nWHERE emp.id = emp_w.employee_id\nGROUP BY\n    emp_w.employee_id,\n    caw.end_date\nHAVING COUNT(emp_w.employee_id) > 0 AND caw.end_date BETWEEN CURRENT_DATE AND (NOW()::date - INTERVAL \'60 days\')\nORDER BY id', error: UndefinedTable('missing FROM-clause entry for table "emp"\nLINE 6: WHERE emp.id = emp_w.employee_id\n              ^')
2025-11-01 19:25:03,796 (571366/MainThread) pgcli.pgexecute ERROR - traceback: 'Traceback (most recent call last):\n  File "/usr/lib/python3.13/site-packages/pgcli/pgexecute.py", line 406, in run\n    yield self.execute_normal_sql(sql) + (sql, True, False)\n          ~~~~~~~~~~~~~~~~~~~~~~~^^^^^\n  File "/usr/lib/python3.13/site-packages/pgcli/pgexecute.py", line 460, in execute_normal_sql\n    cur.execute(split_sql)\n    ~~~~~~~~~~~^^^^^^^^^^^\n  File "/usr/lib/python3.13/site-packages/pgcli/pgexecute.py", line 91, in execute\n    super().execute(*args, **kwargs)\n    ~~~~~~~~~~~~~~~^^^^^^^^^^^^^^^^^\n  File "/usr/lib/python3.13/site-packages/psycopg/cursor.py", line 97, in execute\n    raise ex.with_traceback(None)\npsycopg.errors.UndefinedTable: missing FROM-clause entry for table "emp"\nLINE 6: WHERE emp.id = emp_w.employee_id\n              ^\n'
2025-11-01 19:30:02,343 (586615/MainThread) pgcli.main INFO - Default pager found in PAGER environment variable: "less"
2025-11-01 19:30:02,343 (586615/MainThread) pgcli.main WARNING - import keyring failed: ModuleNotFoundError("No module named 'keyring'").
2025-11-01 19:30:10,553 (586615/MainThread) pgcli.main ERROR - traceback: 'Traceback (most recent call last):\n  File "/usr/lib/python3.13/site-packages/pgcli/main.py", line 737, in connect\n    pgexecute = PGExecute(\n        database,\n    ...<6 lines>...\n        **kwargs,\n    )\n  File "/usr/lib/python3.13/site-packages/pgcli/pgexecute.py", line 184, in __init__\n    self.connect(database, user, password, host, port, dsn, **kwargs)\n    ~~~~~~~~~~~~^^^^^^^^^^^^^^^^^^^^^^^^^^^^^^^^^^^^^^^^^^^^^^^^^^^^^\n  File "/usr/lib/python3.13/site-packages/pgcli/pgexecute.py", line 233, in connect\n    conn = psycopg.connect(conn_info)\n  File "/usr/lib/python3.13/site-packages/psycopg/connection.py", line 120, in connect\n    raise last_ex.with_traceback(None)\npsycopg.OperationalError: connection failed: connection to server at "10.100.0.2", port 5431 failed: fe_sendauth: no password supplied\n\nDuring handling of the above exception, another exception occurred:\n\nTraceback (most recent call last):\n  File "/usr/lib/python3.13/site-packages/pgcli/main.py", line 755, in connect\n    pgexecute = PGExecute(\n        database,\n    ...<6 lines>...\n        **kwargs,\n    )\n  File "/usr/lib/python3.13/site-packages/pgcli/pgexecute.py", line 184, in __init__\n    self.connect(database, user, password, host, port, dsn, **kwargs)\n    ~~~~~~~~~~~~^^^^^^^^^^^^^^^^^^^^^^^^^^^^^^^^^^^^^^^^^^^^^^^^^^^^^\n  File "/usr/lib/python3.13/site-packages/pgcli/pgexecute.py", line 233, in connect\n    conn = psycopg.connect(conn_info)\n  File "/usr/lib/python3.13/site-packages/psycopg/connection.py", line 120, in connect\n    raise last_ex.with_traceback(None)\npsycopg.OperationalError: connection failed: connection to server at "10.100.0.2", port 5431 failed: FATAL:  password authentication failed for user "aragami"\n'
2025-11-01 19:30:12,986 (586992/MainThread) pgcli.main INFO - Default pager found in PAGER environment variable: "less"
2025-11-01 19:30:12,986 (586992/MainThread) pgcli.main WARNING - import keyring failed: ModuleNotFoundError("No module named 'keyring'").
2025-11-01 19:31:07,549 (586992/MainThread) pgcli.pgexecute ERROR - sql: 'SELECT\n    emp_w.employee_id as id,\n    caw.end_date as end_date\nFROM "Employee_works" emp_w\nJOIN "Car_at_work" caw ON emp_w.car_at_work_id = caw.id\nWHERE caw.end_date BETWEEN (NOW()::date - INTERVAL \'10 days\') AND CURRENT_DATE\nGROUP BY\n    emp_w.employee_id,\n    caw.end_vdate\nHAVING COUNT(emp_w.employee_id) < 2\nORDER BY id', error: UndefinedColumn('column caw.end_vdate does not exist\nLINE 9:     caw.end_vdate\n            ^\nHINT:  Perhaps you meant to reference the column "caw.end_date".')
2025-11-01 19:31:07,550 (586992/MainThread) pgcli.pgexecute ERROR - traceback: 'Traceback (most recent call last):\n  File "/usr/lib/python3.13/site-packages/pgcli/pgexecute.py", line 406, in run\n    yield self.execute_normal_sql(sql) + (sql, True, False)\n          ~~~~~~~~~~~~~~~~~~~~~~~^^^^^\n  File "/usr/lib/python3.13/site-packages/pgcli/pgexecute.py", line 460, in execute_normal_sql\n    cur.execute(split_sql)\n    ~~~~~~~~~~~^^^^^^^^^^^\n  File "/usr/lib/python3.13/site-packages/pgcli/pgexecute.py", line 91, in execute\n    super().execute(*args, **kwargs)\n    ~~~~~~~~~~~~~~~^^^^^^^^^^^^^^^^^\n  File "/usr/lib/python3.13/site-packages/psycopg/cursor.py", line 97, in execute\n    raise ex.with_traceback(None)\npsycopg.errors.UndefinedColumn: column caw.end_vdate does not exist\nLINE 9:     caw.end_vdate\n            ^\nHINT:  Perhaps you meant to reference the column "caw.end_date".\n'
2025-11-01 19:31:33,796 (586992/MainThread) pgcli.pgexecute ERROR - sql: 'SELECT\n    emp_w.employee_id as id,\n    caw.end_date as end_date\nFROM "Employee_works" emp_w\nJOIN "Car_at_work" caw ON emp_w.car_at_work_id = caw.id\nWHERE caw.end_date BETWEEN (NOW()::date - INTERVAL \'10 days\') AND CURRENT_DATE\nGROUP BY\n    emp_w.employee_id\nHAVING COUNT(emp_w.employee_id) < 2\nORDER BY id', error: GroupingError('column "caw.end_date" must appear in the GROUP BY clause or be used in an aggregate function\nLINE 3:     caw.end_date as end_date\n            ^')
2025-11-01 19:31:33,797 (586992/MainThread) pgcli.pgexecute ERROR - traceback: 'Traceback (most recent call last):\n  File "/usr/lib/python3.13/site-packages/pgcli/pgexecute.py", line 406, in run\n    yield self.execute_normal_sql(sql) + (sql, True, False)\n          ~~~~~~~~~~~~~~~~~~~~~~~^^^^^\n  File "/usr/lib/python3.13/site-packages/pgcli/pgexecute.py", line 460, in execute_normal_sql\n    cur.execute(split_sql)\n    ~~~~~~~~~~~^^^^^^^^^^^\n  File "/usr/lib/python3.13/site-packages/pgcli/pgexecute.py", line 91, in execute\n    super().execute(*args, **kwargs)\n    ~~~~~~~~~~~~~~~^^^^^^^^^^^^^^^^^\n  File "/usr/lib/python3.13/site-packages/psycopg/cursor.py", line 97, in execute\n    raise ex.with_traceback(None)\npsycopg.errors.GroupingError: column "caw.end_date" must appear in the GROUP BY clause or be used in an aggregate function\nLINE 3:     caw.end_date as end_date\n            ^\n'
2025-11-01 19:32:21,960 (586992/MainThread) pgcli.pgexecute ERROR - sql: 'SELECT\n    emp_w.employee_id as id,\n    caw.end_date as end_date\nFROM "Employee_works" emp_w\nJOIN "Car_at_work" caw ON emp_w.car_at_work_id = caw.id\nWHERE caw.end_date BETWEEN (NOW()::date - INTERVAL \'10 days\') AND CURRENT_DATE\nGROUP BY\n    emp_w.employee_id\nHAVING COUNT(emp_w.employee_id) < 2\nORDER BY id', error: GroupingError('column "caw.end_date" must appear in the GROUP BY clause or be used in an aggregate function\nLINE 3:     caw.end_date as end_date\n            ^')
2025-11-01 19:32:21,960 (586992/MainThread) pgcli.pgexecute ERROR - traceback: 'Traceback (most recent call last):\n  File "/usr/lib/python3.13/site-packages/pgcli/pgexecute.py", line 406, in run\n    yield self.execute_normal_sql(sql) + (sql, True, False)\n          ~~~~~~~~~~~~~~~~~~~~~~~^^^^^\n  File "/usr/lib/python3.13/site-packages/pgcli/pgexecute.py", line 460, in execute_normal_sql\n    cur.execute(split_sql)\n    ~~~~~~~~~~~^^^^^^^^^^^\n  File "/usr/lib/python3.13/site-packages/pgcli/pgexecute.py", line 91, in execute\n    super().execute(*args, **kwargs)\n    ~~~~~~~~~~~~~~~^^^^^^^^^^^^^^^^^\n  File "/usr/lib/python3.13/site-packages/psycopg/cursor.py", line 97, in execute\n    raise ex.with_traceback(None)\npsycopg.errors.GroupingError: column "caw.end_date" must appear in the GROUP BY clause or be used in an aggregate function\nLINE 3:     caw.end_date as end_date\n            ^\n'
2025-11-01 19:33:23,755 (586992/MainThread) pgcli.pgexecute ERROR - sql: 'SELECT\n\temp.id as id,\n\temp_info.full_name as name,\n\temp_info.phone as phone\nFROM "Employee" emp\nJOIN "Employee_info" emp_info ON emp.id = emp_info.employee_id\nWHERE\n\temp.salary > 40000\n\tAND EXISTS(\n\t\tSELECT 1\n\t\tFROM "Employee_works" emp_w\n\t\tJOIN "Car_at_work" caw ON emp_w.car_at_work_id = caw.id\n\t\tWHERE emp.id = emp_w.employee_id\n\t\t\tAND caw.end_date BETWEEN CURRENT_DATE AND NOW()::date - INTERVAL \'60 days\'\n\t\tGROUP BY\n\t\t\temp_w.employee_id,\n\t\t\tcaw.end_date\n\n-- EXISTS\n-- Находит всех работников у которых зарплата > 40000, а количество выполняемых\n-- услуг в меньше 2\nSELECT\n\temp.id as id,\n\temp_info.full_name as name,\n\temp_info.phone as phone\nFROM "Employee" emp\nJOIN "Employee_info" emp_info ON emp.id = emp_info.employee_id\nWHERE\n\temp.salary > 40000\n\tAND EXISTS(\n\t\tSELECT 1\n\t\tFROM "Employee_works" emp_w\n\t\tJOIN "Car_at_work" caw ON emp_w.car_at_work_id = caw.id\n\t\tWHERE emp.id = emp_w.employee_id\n\t\t\tAND caw.end_date BETWEEN CURRENT_DATE AND NOW()::date - INTERVAL \'60 days\'\n\t\tGROUP BY\n\t\t\temp_w.employee_id,\n\t\t\tcaw.end_date\n\t\tHAVING COUNT(emp_w.employee_id) > 0\n)\nORDER BY id;\n\n-- IN\n\n\n\t\tHAVING COUNT(emp_w.employee_id) < 2 \t)\nORDER BY id', error: SyntaxError('syntax error at or near "SELECT"\nLINE 22: SELECT\n         ^')
2025-11-01 19:33:23,755 (586992/MainThread) pgcli.pgexecute ERROR - traceback: 'Traceback (most recent call last):\n  File "/usr/lib/python3.13/site-packages/pgcli/pgexecute.py", line 406, in run\n    yield self.execute_normal_sql(sql) + (sql, True, False)\n          ~~~~~~~~~~~~~~~~~~~~~~~^^^^^\n  File "/usr/lib/python3.13/site-packages/pgcli/pgexecute.py", line 460, in execute_normal_sql\n    cur.execute(split_sql)\n    ~~~~~~~~~~~^^^^^^^^^^^\n  File "/usr/lib/python3.13/site-packages/pgcli/pgexecute.py", line 91, in execute\n    super().execute(*args, **kwargs)\n    ~~~~~~~~~~~~~~~^^^^^^^^^^^^^^^^^\n  File "/usr/lib/python3.13/site-packages/psycopg/cursor.py", line 97, in execute\n    raise ex.with_traceback(None)\npsycopg.errors.SyntaxError: syntax error at or near "SELECT"\nLINE 22: SELECT\n         ^\n'
2025-11-01 19:33:47,950 (586992/MainThread) pgcli.pgexecute ERROR - sql: 'SELECT\n\temp.id as id,\n\temp_info.full_name as name,\n\temp_info.phone as phone\nFROM "Employee" emp\nJOIN "Employee_info" emp_info ON emp.id = emp_info.employee_id\nWHERE\n\temp.salary > 40000\n\tAND EXISTS(\n\t\tSELECT *\n\t\tFROM "Employee_works" emp_w\n\t\tJOIN "Car_at_work" caw ON emp_w.car_at_work_id = caw.id\n\t\tWHERE emp.id = emp_w.employee_id\n\t\t\tAND caw.end_date BETWEEN CURRENT_DATE AND NOW()::date - INTERVAL \'60 days\'\n\t\tGROUP BY\n\t\t\temp_w.employee_id,\n\t\t\tcaw.end_date\n\t\tHAVING COUNT(emp_w.employee_id) > 0\n)\nORDER BY id', error: GroupingError('column "emp_w.car_at_work_id" must appear in the GROUP BY clause or be used in an aggregate function\nLINE 10:   SELECT *\n                  ^')
2025-11-01 19:33:47,951 (586992/MainThread) pgcli.pgexecute ERROR - traceback: 'Traceback (most recent call last):\n  File "/usr/lib/python3.13/site-packages/pgcli/pgexecute.py", line 406, in run\n    yield self.execute_normal_sql(sql) + (sql, True, False)\n          ~~~~~~~~~~~~~~~~~~~~~~~^^^^^\n  File "/usr/lib/python3.13/site-packages/pgcli/pgexecute.py", line 460, in execute_normal_sql\n    cur.execute(split_sql)\n    ~~~~~~~~~~~^^^^^^^^^^^\n  File "/usr/lib/python3.13/site-packages/pgcli/pgexecute.py", line 91, in execute\n    super().execute(*args, **kwargs)\n    ~~~~~~~~~~~~~~~^^^^^^^^^^^^^^^^^\n  File "/usr/lib/python3.13/site-packages/psycopg/cursor.py", line 97, in execute\n    raise ex.with_traceback(None)\npsycopg.errors.GroupingError: column "emp_w.car_at_work_id" must appear in the GROUP BY clause or be used in an aggregate function\nLINE 10:   SELECT *\n                  ^\n'
2025-11-01 19:36:27,144 (586992/MainThread) pgcli.pgexecute ERROR - sql: 'SELECT 1\n\t\tFROM "Employee_works" emp_w\n\t\tJOIN "Car_at_work" caw ON emp_w.car_at_work_id = caw.id\n\t\tWHERE emp.id = emp_w.employee_id\n\t\t\tAND caw.end_date BETWEEN CURRENT_DATE AND NOW()::date - INTERVAL \'60 days\'\n\t\tGROUP BY\n\t\t\temp_w.employee_id,\n\t\t\tcaw.end_date\n\t\tHAVING COUNT(emp_w.employee_id) < 2', error: UndefinedTable('missing FROM-clause entry for table "emp"\nLINE 4:   WHERE emp.id = emp_w.employee_id\n                ^')
2025-11-01 19:36:27,144 (586992/MainThread) pgcli.pgexecute ERROR - traceback: 'Traceback (most recent call last):\n  File "/usr/lib/python3.13/site-packages/pgcli/pgexecute.py", line 406, in run\n    yield self.execute_normal_sql(sql) + (sql, True, False)\n          ~~~~~~~~~~~~~~~~~~~~~~~^^^^^\n  File "/usr/lib/python3.13/site-packages/pgcli/pgexecute.py", line 460, in execute_normal_sql\n    cur.execute(split_sql)\n    ~~~~~~~~~~~^^^^^^^^^^^\n  File "/usr/lib/python3.13/site-packages/pgcli/pgexecute.py", line 91, in execute\n    super().execute(*args, **kwargs)\n    ~~~~~~~~~~~~~~~^^^^^^^^^^^^^^^^^\n  File "/usr/lib/python3.13/site-packages/psycopg/cursor.py", line 97, in execute\n    raise ex.with_traceback(None)\npsycopg.errors.UndefinedTable: missing FROM-clause entry for table "emp"\nLINE 4:   WHERE emp.id = emp_w.employee_id\n                ^\n'
2025-11-01 19:42:10,263 (607851/MainThread) pgcli.main INFO - Default pager found in PAGER environment variable: "less"
2025-11-01 19:42:10,263 (607851/MainThread) pgcli.main WARNING - import keyring failed: ModuleNotFoundError("No module named 'keyring'").
2025-11-01 19:44:45,927 (612921/MainThread) pgcli.main INFO - Default pager found in PAGER environment variable: "less"
2025-11-01 19:44:45,927 (612921/MainThread) pgcli.main WARNING - import keyring failed: ModuleNotFoundError("No module named 'keyring'").
2025-11-01 21:15:46,922 (612921/MainThread) pgcli.pgexecute ERROR - sql: 'SELECT * FROM "Employee" emp\nWHERE emp.position = "Механик"', error: UndefinedColumn('column "Механик" does not exist\nLINE 2: WHERE emp.position = "Механик"\n                             ^')
2025-11-01 21:15:46,925 (612921/MainThread) pgcli.pgexecute ERROR - traceback: 'Traceback (most recent call last):\n  File "/usr/lib/python3.13/site-packages/pgcli/pgexecute.py", line 406, in run\n    yield self.execute_normal_sql(sql) + (sql, True, False)\n          ~~~~~~~~~~~~~~~~~~~~~~~^^^^^\n  File "/usr/lib/python3.13/site-packages/pgcli/pgexecute.py", line 460, in execute_normal_sql\n    cur.execute(split_sql)\n    ~~~~~~~~~~~^^^^^^^^^^^\n  File "/usr/lib/python3.13/site-packages/pgcli/pgexecute.py", line 91, in execute\n    super().execute(*args, **kwargs)\n    ~~~~~~~~~~~~~~~^^^^^^^^^^^^^^^^^\n  File "/usr/lib/python3.13/site-packages/psycopg/cursor.py", line 97, in execute\n    raise ex.with_traceback(None)\npsycopg.errors.UndefinedColumn: column "Механик" does not exist\nLINE 2: WHERE emp.position = "Механик"\n                             ^\n'
2025-11-01 21:20:19,280 (612921/MainThread) pgcli.pgexecute ERROR - sql: 'SELECT *,\n\tCASE position\n\t\tWHEN \'Механик\'\n\tEND\nFROM "Employee" emp', error: SyntaxError('syntax error at or near "END"\nLINE 4:  END\n         ^')
2025-11-01 21:20:19,282 (612921/MainThread) pgcli.pgexecute ERROR - traceback: 'Traceback (most recent call last):\n  File "/usr/lib/python3.13/site-packages/pgcli/pgexecute.py", line 406, in run\n    yield self.execute_normal_sql(sql) + (sql, True, False)\n          ~~~~~~~~~~~~~~~~~~~~~~~^^^^^\n  File "/usr/lib/python3.13/site-packages/pgcli/pgexecute.py", line 460, in execute_normal_sql\n    cur.execute(split_sql)\n    ~~~~~~~~~~~^^^^^^^^^^^\n  File "/usr/lib/python3.13/site-packages/pgcli/pgexecute.py", line 91, in execute\n    super().execute(*args, **kwargs)\n    ~~~~~~~~~~~~~~~^^^^^^^^^^^^^^^^^\n  File "/usr/lib/python3.13/site-packages/psycopg/cursor.py", line 97, in execute\n    raise ex.with_traceback(None)\npsycopg.errors.SyntaxError: syntax error at or near "END"\nLINE 4:  END\n         ^\n'
2025-11-01 21:32:06,854 (612921/MainThread) pgcli.pgexecute ERROR - sql: 'SELECT\n             empl.salary\n         FROM "Employee" empl\n         WHERE emp.position = \'Программист\'', error: UndefinedTable('missing FROM-clause entry for table "emp"\nLINE 4:          WHERE emp.position = \'Программист\'\n                       ^')
2025-11-01 21:32:06,856 (612921/MainThread) pgcli.pgexecute ERROR - traceback: 'Traceback (most recent call last):\n  File "/usr/lib/python3.13/site-packages/pgcli/pgexecute.py", line 406, in run\n    yield self.execute_normal_sql(sql) + (sql, True, False)\n          ~~~~~~~~~~~~~~~~~~~~~~~^^^^^\n  File "/usr/lib/python3.13/site-packages/pgcli/pgexecute.py", line 460, in execute_normal_sql\n    cur.execute(split_sql)\n    ~~~~~~~~~~~^^^^^^^^^^^\n  File "/usr/lib/python3.13/site-packages/pgcli/pgexecute.py", line 91, in execute\n    super().execute(*args, **kwargs)\n    ~~~~~~~~~~~~~~~^^^^^^^^^^^^^^^^^\n  File "/usr/lib/python3.13/site-packages/psycopg/cursor.py", line 97, in execute\n    raise ex.with_traceback(None)\npsycopg.errors.UndefinedTable: missing FROM-clause entry for table "emp"\nLINE 4:          WHERE emp.position = \'Программист\'\n                       ^\n'
2025-11-02 01:12:33,121 (612921/MainThread) pgcli.pgexecute ERROR - sql: 'SELECT * FROM "Detail"\nWHERE model LIKE \'Honda%\'', error: UndefinedColumn('column "model" does not exist\nLINE 2: WHERE model LIKE \'Honda%\'\n              ^')
2025-11-02 01:12:33,122 (612921/MainThread) pgcli.pgexecute ERROR - traceback: 'Traceback (most recent call last):\n  File "/usr/lib/python3.13/site-packages/pgcli/pgexecute.py", line 406, in run\n    yield self.execute_normal_sql(sql) + (sql, True, False)\n          ~~~~~~~~~~~~~~~~~~~~~~~^^^^^\n  File "/usr/lib/python3.13/site-packages/pgcli/pgexecute.py", line 460, in execute_normal_sql\n    cur.execute(split_sql)\n    ~~~~~~~~~~~^^^^^^^^^^^\n  File "/usr/lib/python3.13/site-packages/pgcli/pgexecute.py", line 91, in execute\n    super().execute(*args, **kwargs)\n    ~~~~~~~~~~~~~~~^^^^^^^^^^^^^^^^^\n  File "/usr/lib/python3.13/site-packages/psycopg/cursor.py", line 97, in execute\n    raise ex.with_traceback(None)\npsycopg.errors.UndefinedColumn: column "model" does not exist\nLINE 2: WHERE model LIKE \'Honda%\'\n              ^\n'
2025-11-02 01:29:51,007 (612921/MainThread) pgcli.pgexecute ERROR - sql: 'SELECT\n\t*,\n\tCASE rating\n\t\tWHEN rating < 5 THEN "Плохой",\n\t\tWHEN rating = 5 THEN "Средний",\n\tELSE\n\t\t\t"Плохой"\n\tEND\nFROM "Employee"', error: SyntaxError('syntax error at or near ","\nLINE 4:   WHEN rating < 5 THEN "Плохой",\n                                       ^')
2025-11-02 01:29:51,008 (612921/MainThread) pgcli.pgexecute ERROR - traceback: 'Traceback (most recent call last):\n  File "/usr/lib/python3.13/site-packages/pgcli/pgexecute.py", line 406, in run\n    yield self.execute_normal_sql(sql) + (sql, True, False)\n          ~~~~~~~~~~~~~~~~~~~~~~~^^^^^\n  File "/usr/lib/python3.13/site-packages/pgcli/pgexecute.py", line 460, in execute_normal_sql\n    cur.execute(split_sql)\n    ~~~~~~~~~~~^^^^^^^^^^^\n  File "/usr/lib/python3.13/site-packages/pgcli/pgexecute.py", line 91, in execute\n    super().execute(*args, **kwargs)\n    ~~~~~~~~~~~~~~~^^^^^^^^^^^^^^^^^\n  File "/usr/lib/python3.13/site-packages/psycopg/cursor.py", line 97, in execute\n    raise ex.with_traceback(None)\npsycopg.errors.SyntaxError: syntax error at or near ","\nLINE 4:   WHEN rating < 5 THEN "Плохой",\n                                       ^\n'
2025-11-02 01:30:00,070 (612921/MainThread) pgcli.pgexecute ERROR - sql: 'SELECT\n\t*,\n\tCASE rating\n\t\tWHEN rating < 5 THEN "Плохой"\n\t\tWHEN rating = 5 THEN "Средний"\n\tELSE\n\t\t\t"Плохой"\n\tEND\nFROM "Employee"', error: UndefinedFunction('operator does not exist: integer = boolean\nLINE 4:   WHEN rating < 5 THEN "Плохой"\n          ^\nHINT:  No operator matches the given name and argument types. You might need to add explicit type casts.')
2025-11-02 01:30:00,071 (612921/MainThread) pgcli.pgexecute ERROR - traceback: 'Traceback (most recent call last):\n  File "/usr/lib/python3.13/site-packages/pgcli/pgexecute.py", line 406, in run\n    yield self.execute_normal_sql(sql) + (sql, True, False)\n          ~~~~~~~~~~~~~~~~~~~~~~~^^^^^\n  File "/usr/lib/python3.13/site-packages/pgcli/pgexecute.py", line 460, in execute_normal_sql\n    cur.execute(split_sql)\n    ~~~~~~~~~~~^^^^^^^^^^^\n  File "/usr/lib/python3.13/site-packages/pgcli/pgexecute.py", line 91, in execute\n    super().execute(*args, **kwargs)\n    ~~~~~~~~~~~~~~~^^^^^^^^^^^^^^^^^\n  File "/usr/lib/python3.13/site-packages/psycopg/cursor.py", line 97, in execute\n    raise ex.with_traceback(None)\npsycopg.errors.UndefinedFunction: operator does not exist: integer = boolean\nLINE 4:   WHEN rating < 5 THEN "Плохой"\n          ^\nHINT:  No operator matches the given name and argument types. You might need to add explicit type casts.\n'
2025-11-02 01:31:48,592 (612921/MainThread) pgcli.pgexecute ERROR - sql: 'SELECT\n\t*,\n\tCASE rating\n\t\tWHEN rating BETWEEN 0 AND 4 THEN "Плохой"\n\t\tWHEN 5 THEN "Средний"\n\tELSE\n\t\t\t"Плохой"\n\tEND\nFROM "Employee"', error: UndefinedFunction('operator does not exist: integer = boolean\nLINE 4:   WHEN rating BETWEEN 0 AND 4 THEN "Плохой"\n          ^\nHINT:  No operator matches the given name and argument types. You might need to add explicit type casts.')
2025-11-02 01:31:48,593 (612921/MainThread) pgcli.pgexecute ERROR - traceback: 'Traceback (most recent call last):\n  File "/usr/lib/python3.13/site-packages/pgcli/pgexecute.py", line 406, in run\n    yield self.execute_normal_sql(sql) + (sql, True, False)\n          ~~~~~~~~~~~~~~~~~~~~~~~^^^^^\n  File "/usr/lib/python3.13/site-packages/pgcli/pgexecute.py", line 460, in execute_normal_sql\n    cur.execute(split_sql)\n    ~~~~~~~~~~~^^^^^^^^^^^\n  File "/usr/lib/python3.13/site-packages/pgcli/pgexecute.py", line 91, in execute\n    super().execute(*args, **kwargs)\n    ~~~~~~~~~~~~~~~^^^^^^^^^^^^^^^^^\n  File "/usr/lib/python3.13/site-packages/psycopg/cursor.py", line 97, in execute\n    raise ex.with_traceback(None)\npsycopg.errors.UndefinedFunction: operator does not exist: integer = boolean\nLINE 4:   WHEN rating BETWEEN 0 AND 4 THEN "Плохой"\n          ^\nHINT:  No operator matches the given name and argument types. You might need to add explicit type casts.\n'
2025-11-02 01:31:57,293 (612921/MainThread) pgcli.pgexecute ERROR - sql: 'SELECT\n\t*,\n\tCASE rating\n\t\tWHEN  BETWEEN 0 AND 4 THEN "Плохой"\n\t\tWHEN 5 THEN "Средний"\n\tELSE\n\t\t\t"Плохой"\n\tEND\nFROM "Employee"', error: SyntaxError('syntax error at or near "0"\nLINE 4:   WHEN  BETWEEN 0 AND 4 THEN "Плохой"\n                        ^')
2025-11-02 01:31:57,294 (612921/MainThread) pgcli.pgexecute ERROR - traceback: 'Traceback (most recent call last):\n  File "/usr/lib/python3.13/site-packages/pgcli/pgexecute.py", line 406, in run\n    yield self.execute_normal_sql(sql) + (sql, True, False)\n          ~~~~~~~~~~~~~~~~~~~~~~~^^^^^\n  File "/usr/lib/python3.13/site-packages/pgcli/pgexecute.py", line 460, in execute_normal_sql\n    cur.execute(split_sql)\n    ~~~~~~~~~~~^^^^^^^^^^^\n  File "/usr/lib/python3.13/site-packages/pgcli/pgexecute.py", line 91, in execute\n    super().execute(*args, **kwargs)\n    ~~~~~~~~~~~~~~~^^^^^^^^^^^^^^^^^\n  File "/usr/lib/python3.13/site-packages/psycopg/cursor.py", line 97, in execute\n    raise ex.with_traceback(None)\npsycopg.errors.SyntaxError: syntax error at or near "0"\nLINE 4:   WHEN  BETWEEN 0 AND 4 THEN "Плохой"\n                        ^\n'
2025-11-02 01:32:29,568 (612921/MainThread) pgcli.pgexecute ERROR - sql: 'SELECT\n\t*,\n\tCASE rating\n\t\tWHEN 0 THEN "Плохой"\n\t\tWHEN 5 THEN "Средний"\n\tELSE\n\t\t\t"Плохой"\n\tEND\nFROM "Employee"', error: UndefinedColumn('column "Плохой" does not exist\nLINE 4:   WHEN 0 THEN "Плохой"\n                      ^')
2025-11-02 01:32:29,569 (612921/MainThread) pgcli.pgexecute ERROR - traceback: 'Traceback (most recent call last):\n  File "/usr/lib/python3.13/site-packages/pgcli/pgexecute.py", line 406, in run\n    yield self.execute_normal_sql(sql) + (sql, True, False)\n          ~~~~~~~~~~~~~~~~~~~~~~~^^^^^\n  File "/usr/lib/python3.13/site-packages/pgcli/pgexecute.py", line 460, in execute_normal_sql\n    cur.execute(split_sql)\n    ~~~~~~~~~~~^^^^^^^^^^^\n  File "/usr/lib/python3.13/site-packages/pgcli/pgexecute.py", line 91, in execute\n    super().execute(*args, **kwargs)\n    ~~~~~~~~~~~~~~~^^^^^^^^^^^^^^^^^\n  File "/usr/lib/python3.13/site-packages/psycopg/cursor.py", line 97, in execute\n    raise ex.with_traceback(None)\npsycopg.errors.UndefinedColumn: column "Плохой" does not exist\nLINE 4:   WHEN 0 THEN "Плохой"\n                      ^\n'
2025-11-02 01:34:12,394 (1206937/MainThread) pgcli.main INFO - Default pager found in PAGER environment variable: "less"
2025-11-02 01:34:12,394 (1206937/MainThread) pgcli.main WARNING - import keyring failed: ModuleNotFoundError("No module named 'keyring'").
2025-11-02 01:34:24,197 (1206937/MainThread) pgcli.pgexecute ERROR - sql: 'SELECT\n\t*,\n\tCASE rating\n\t\tWHEN rating < 5 THEN "Плохой",\n\t\tWHEN rating = 5 THEN "Средний",\n\tELSE\n\t\t\t"Плохой"\n\tEND\nFROM "Employee"', error: SyntaxError('syntax error at or near ","\nLINE 4:   WHEN rating < 5 THEN "Плохой",\n                                       ^')
2025-11-02 01:34:24,198 (1206937/MainThread) pgcli.pgexecute ERROR - traceback: 'Traceback (most recent call last):\n  File "/usr/lib/python3.13/site-packages/pgcli/pgexecute.py", line 406, in run\n    yield self.execute_normal_sql(sql) + (sql, True, False)\n          ~~~~~~~~~~~~~~~~~~~~~~~^^^^^\n  File "/usr/lib/python3.13/site-packages/pgcli/pgexecute.py", line 460, in execute_normal_sql\n    cur.execute(split_sql)\n    ~~~~~~~~~~~^^^^^^^^^^^\n  File "/usr/lib/python3.13/site-packages/pgcli/pgexecute.py", line 91, in execute\n    super().execute(*args, **kwargs)\n    ~~~~~~~~~~~~~~~^^^^^^^^^^^^^^^^^\n  File "/usr/lib/python3.13/site-packages/psycopg/cursor.py", line 97, in execute\n    raise ex.with_traceback(None)\npsycopg.errors.SyntaxError: syntax error at or near ","\nLINE 4:   WHEN rating < 5 THEN "Плохой",\n                                       ^\n'
2025-11-02 01:34:50,264 (1206937/MainThread) pgcli.pgexecute ERROR - sql: 'SELECT\n\t*,\n\tCASE rating\n\t\tWHEN rating < 5 THEN \'Плохой\',\n\t\tWHEN rating = 5 THEN \'Средний\',\n\tELSE\n\t\t\'Хороший\'\n\tEND\nFROM "Employee"', error: SyntaxError('syntax error at or near ","\nLINE 4:   WHEN rating < 5 THEN \'Плохой\',\n                                       ^')
2025-11-02 01:34:50,265 (1206937/MainThread) pgcli.pgexecute ERROR - traceback: 'Traceback (most recent call last):\n  File "/usr/lib/python3.13/site-packages/pgcli/pgexecute.py", line 406, in run\n    yield self.execute_normal_sql(sql) + (sql, True, False)\n          ~~~~~~~~~~~~~~~~~~~~~~~^^^^^\n  File "/usr/lib/python3.13/site-packages/pgcli/pgexecute.py", line 460, in execute_normal_sql\n    cur.execute(split_sql)\n    ~~~~~~~~~~~^^^^^^^^^^^\n  File "/usr/lib/python3.13/site-packages/pgcli/pgexecute.py", line 91, in execute\n    super().execute(*args, **kwargs)\n    ~~~~~~~~~~~~~~~^^^^^^^^^^^^^^^^^\n  File "/usr/lib/python3.13/site-packages/psycopg/cursor.py", line 97, in execute\n    raise ex.with_traceback(None)\npsycopg.errors.SyntaxError: syntax error at or near ","\nLINE 4:   WHEN rating < 5 THEN \'Плохой\',\n                                       ^\n'
2025-11-02 01:35:00,179 (1206937/MainThread) pgcli.pgexecute ERROR - sql: 'SELECT\n\t*,\n\tCASE rating\n\t\tWHEN rating < 5 THEN \'Плохой\'\n\t\tWHEN rating = 5 THEN \'Средний\'\n\tELSE\n\t\t\'Хороший\'\n\tEND\nFROM "Employee"', error: UndefinedFunction("operator does not exist: integer = boolean\nLINE 4:   WHEN rating < 5 THEN 'Плохой'\n          ^\nHINT:  No operator matches the given name and argument types. You might need to add explicit type casts.")
2025-11-02 01:35:00,181 (1206937/MainThread) pgcli.pgexecute ERROR - traceback: 'Traceback (most recent call last):\n  File "/usr/lib/python3.13/site-packages/pgcli/pgexecute.py", line 406, in run\n    yield self.execute_normal_sql(sql) + (sql, True, False)\n          ~~~~~~~~~~~~~~~~~~~~~~~^^^^^\n  File "/usr/lib/python3.13/site-packages/pgcli/pgexecute.py", line 460, in execute_normal_sql\n    cur.execute(split_sql)\n    ~~~~~~~~~~~^^^^^^^^^^^\n  File "/usr/lib/python3.13/site-packages/pgcli/pgexecute.py", line 91, in execute\n    super().execute(*args, **kwargs)\n    ~~~~~~~~~~~~~~~^^^^^^^^^^^^^^^^^\n  File "/usr/lib/python3.13/site-packages/psycopg/cursor.py", line 97, in execute\n    raise ex.with_traceback(None)\npsycopg.errors.UndefinedFunction: operator does not exist: integer = boolean\nLINE 4:   WHEN rating < 5 THEN \'Плохой\'\n          ^\nHINT:  No operator matches the given name and argument types. You might need to add explicit type casts.\n'
2025-11-02 01:36:14,417 (1206937/MainThread) pgcli.pgexecute ERROR - sql: 'SELECT\n\t*,\n\tCASE rating\n\t\tWHEN Number 4 THEN \'Плохой\'\n\t\tWHEN 5 THEN \'Средний\'\n\tELSE\n\t\t\'Хороший\'\n\tEND\nFROM "Employee"', error: SyntaxError('syntax error at or near "4"\nLINE 4:   WHEN Number 4 THEN \'Плохой\'\n                      ^')
2025-11-02 01:36:14,418 (1206937/MainThread) pgcli.pgexecute ERROR - traceback: 'Traceback (most recent call last):\n  File "/usr/lib/python3.13/site-packages/pgcli/pgexecute.py", line 406, in run\n    yield self.execute_normal_sql(sql) + (sql, True, False)\n          ~~~~~~~~~~~~~~~~~~~~~~~^^^^^\n  File "/usr/lib/python3.13/site-packages/pgcli/pgexecute.py", line 460, in execute_normal_sql\n    cur.execute(split_sql)\n    ~~~~~~~~~~~^^^^^^^^^^^\n  File "/usr/lib/python3.13/site-packages/pgcli/pgexecute.py", line 91, in execute\n    super().execute(*args, **kwargs)\n    ~~~~~~~~~~~~~~~^^^^^^^^^^^^^^^^^\n  File "/usr/lib/python3.13/site-packages/psycopg/cursor.py", line 97, in execute\n    raise ex.with_traceback(None)\npsycopg.errors.SyntaxError: syntax error at or near "4"\nLINE 4:   WHEN Number 4 THEN \'Плохой\'\n                      ^\n'
2025-11-02 01:36:32,371 (1206937/MainThread) pgcli.pgexecute ERROR - sql: 'SELECT\n\t*,\n\tCASE rating\n\t\tWHEN Number BETWEEN 0 AND 4 THEN \'Плохой\'\n\t\tWHEN 5 THEN \'Средний\'\n\tELSE\n\t\t\'Хороший\'\n\tEND\nFROM "Employee"', error: UndefinedColumn('column "number" does not exist\nLINE 4:   WHEN Number BETWEEN 0 AND 4 THEN \'Плохой\'\n               ^')
2025-11-02 01:36:32,373 (1206937/MainThread) pgcli.pgexecute ERROR - traceback: 'Traceback (most recent call last):\n  File "/usr/lib/python3.13/site-packages/pgcli/pgexecute.py", line 406, in run\n    yield self.execute_normal_sql(sql) + (sql, True, False)\n          ~~~~~~~~~~~~~~~~~~~~~~~^^^^^\n  File "/usr/lib/python3.13/site-packages/pgcli/pgexecute.py", line 460, in execute_normal_sql\n    cur.execute(split_sql)\n    ~~~~~~~~~~~^^^^^^^^^^^\n  File "/usr/lib/python3.13/site-packages/pgcli/pgexecute.py", line 91, in execute\n    super().execute(*args, **kwargs)\n    ~~~~~~~~~~~~~~~^^^^^^^^^^^^^^^^^\n  File "/usr/lib/python3.13/site-packages/psycopg/cursor.py", line 97, in execute\n    raise ex.with_traceback(None)\npsycopg.errors.UndefinedColumn: column "number" does not exist\nLINE 4:   WHEN Number BETWEEN 0 AND 4 THEN \'Плохой\'\n               ^\n'
2025-11-02 01:38:29,506 (1206937/MainThread) pgcli.pgexecute ERROR - sql: 'SELECT\n\t*,\n\tCASE rating\n\t\tWHEN Number < 5 THEN \'Плохой\'\n\t\tWHEN 5 THEN \'Средний\'\n\tELSE\n\t\t\'Хороший\'\n\tEND text_rating\nFROM "Employee"', error: UndefinedColumn('column "number" does not exist\nLINE 4:   WHEN Number < 5 THEN \'Плохой\'\n               ^')
2025-11-02 01:38:29,508 (1206937/MainThread) pgcli.pgexecute ERROR - traceback: 'Traceback (most recent call last):\n  File "/usr/lib/python3.13/site-packages/pgcli/pgexecute.py", line 406, in run\n    yield self.execute_normal_sql(sql) + (sql, True, False)\n          ~~~~~~~~~~~~~~~~~~~~~~~^^^^^\n  File "/usr/lib/python3.13/site-packages/pgcli/pgexecute.py", line 460, in execute_normal_sql\n    cur.execute(split_sql)\n    ~~~~~~~~~~~^^^^^^^^^^^\n  File "/usr/lib/python3.13/site-packages/pgcli/pgexecute.py", line 91, in execute\n    super().execute(*args, **kwargs)\n    ~~~~~~~~~~~~~~~^^^^^^^^^^^^^^^^^\n  File "/usr/lib/python3.13/site-packages/psycopg/cursor.py", line 97, in execute\n    raise ex.with_traceback(None)\npsycopg.errors.UndefinedColumn: column "number" does not exist\nLINE 4:   WHEN Number < 5 THEN \'Плохой\'\n               ^\n'
2025-11-02 01:38:39,750 (1206937/MainThread) pgcli.pgexecute ERROR - sql: 'SELECT\n\t*,\n\tCASE rating\n\t\tWHEN rating < 5 THEN \'Плохой\'\n\t\tWHEN 5 THEN \'Средний\'\n\tELSE\n\t\t\'Хороший\'\n\tEND text_rating\nFROM "Employee"', error: UndefinedFunction("operator does not exist: integer = boolean\nLINE 4:   WHEN rating < 5 THEN 'Плохой'\n          ^\nHINT:  No operator matches the given name and argument types. You might need to add explicit type casts.")
2025-11-02 01:38:39,751 (1206937/MainThread) pgcli.pgexecute ERROR - traceback: 'Traceback (most recent call last):\n  File "/usr/lib/python3.13/site-packages/pgcli/pgexecute.py", line 406, in run\n    yield self.execute_normal_sql(sql) + (sql, True, False)\n          ~~~~~~~~~~~~~~~~~~~~~~~^^^^^\n  File "/usr/lib/python3.13/site-packages/pgcli/pgexecute.py", line 460, in execute_normal_sql\n    cur.execute(split_sql)\n    ~~~~~~~~~~~^^^^^^^^^^^\n  File "/usr/lib/python3.13/site-packages/pgcli/pgexecute.py", line 91, in execute\n    super().execute(*args, **kwargs)\n    ~~~~~~~~~~~~~~~^^^^^^^^^^^^^^^^^\n  File "/usr/lib/python3.13/site-packages/psycopg/cursor.py", line 97, in execute\n    raise ex.with_traceback(None)\npsycopg.errors.UndefinedFunction: operator does not exist: integer = boolean\nLINE 4:   WHEN rating < 5 THEN \'Плохой\'\n          ^\nHINT:  No operator matches the given name and argument types. You might need to add explicit type casts.\n'
2025-11-02 02:09:57,228 (1206937/MainThread) pgcli.pgexecute ERROR - sql: "SELECT\n\tCAST('9.9' AS INTEGER),\n\tCAST('10.1' AS DOUBLE),\n  CAST ('2025-11-01' AS DATE),\n  CAST ('01-NOV-2025' AS DATE)", error: InvalidTextRepresentation('invalid input syntax for type integer: "9.9"\nLINE 2:  CAST(\'9.9\' AS INTEGER),\n              ^')
2025-11-02 02:09:57,230 (1206937/MainThread) pgcli.pgexecute ERROR - traceback: 'Traceback (most recent call last):\n  File "/usr/lib/python3.13/site-packages/pgcli/pgexecute.py", line 406, in run\n    yield self.execute_normal_sql(sql) + (sql, True, False)\n          ~~~~~~~~~~~~~~~~~~~~~~~^^^^^\n  File "/usr/lib/python3.13/site-packages/pgcli/pgexecute.py", line 460, in execute_normal_sql\n    cur.execute(split_sql)\n    ~~~~~~~~~~~^^^^^^^^^^^\n  File "/usr/lib/python3.13/site-packages/pgcli/pgexecute.py", line 91, in execute\n    super().execute(*args, **kwargs)\n    ~~~~~~~~~~~~~~~^^^^^^^^^^^^^^^^^\n  File "/usr/lib/python3.13/site-packages/psycopg/cursor.py", line 97, in execute\n    raise ex.with_traceback(None)\npsycopg.errors.InvalidTextRepresentation: invalid input syntax for type integer: "9.9"\nLINE 2:  CAST(\'9.9\' AS INTEGER),\n              ^\n'
2025-11-02 02:10:16,136 (1206937/MainThread) pgcli.pgexecute ERROR - sql: "SELECT\n\tCAST(9.9 AS INTEGER),\n\tCAST('10.1' AS DOUBLE),\n  CAST ('2025-11-01' AS DATE),\n  CAST ('01-NOV-2025' AS DATE)", error: UndefinedObject('type "double" does not exist\nLINE 3:  CAST(\'10.1\' AS DOUBLE),\n                        ^')
2025-11-02 02:10:16,137 (1206937/MainThread) pgcli.pgexecute ERROR - traceback: 'Traceback (most recent call last):\n  File "/usr/lib/python3.13/site-packages/pgcli/pgexecute.py", line 406, in run\n    yield self.execute_normal_sql(sql) + (sql, True, False)\n          ~~~~~~~~~~~~~~~~~~~~~~~^^^^^\n  File "/usr/lib/python3.13/site-packages/pgcli/pgexecute.py", line 460, in execute_normal_sql\n    cur.execute(split_sql)\n    ~~~~~~~~~~~^^^^^^^^^^^\n  File "/usr/lib/python3.13/site-packages/pgcli/pgexecute.py", line 91, in execute\n    super().execute(*args, **kwargs)\n    ~~~~~~~~~~~~~~~^^^^^^^^^^^^^^^^^\n  File "/usr/lib/python3.13/site-packages/psycopg/cursor.py", line 97, in execute\n    raise ex.with_traceback(None)\npsycopg.errors.UndefinedObject: type "double" does not exist\nLINE 3:  CAST(\'10.1\' AS DOUBLE),\n                        ^\n'
2025-11-02 02:10:25,669 (1206937/MainThread) pgcli.pgexecute ERROR - sql: "'", error: SyntaxError('unterminated quoted string at or near "\'"\nLINE 1: \'\n        ^')
2025-11-02 02:10:25,671 (1206937/MainThread) pgcli.pgexecute ERROR - traceback: 'Traceback (most recent call last):\n  File "/usr/lib/python3.13/site-packages/pgcli/pgexecute.py", line 406, in run\n    yield self.execute_normal_sql(sql) + (sql, True, False)\n          ~~~~~~~~~~~~~~~~~~~~~~~^^^^^\n  File "/usr/lib/python3.13/site-packages/pgcli/pgexecute.py", line 460, in execute_normal_sql\n    cur.execute(split_sql)\n    ~~~~~~~~~~~^^^^^^^^^^^\n  File "/usr/lib/python3.13/site-packages/pgcli/pgexecute.py", line 91, in execute\n    super().execute(*args, **kwargs)\n    ~~~~~~~~~~~~~~~^^^^^^^^^^^^^^^^^\n  File "/usr/lib/python3.13/site-packages/psycopg/cursor.py", line 97, in execute\n    raise ex.with_traceback(None)\npsycopg.errors.SyntaxError: unterminated quoted string at or near "\'"\nLINE 1: \'\n        ^\n'
2025-11-02 02:10:30,288 (1206937/MainThread) pgcli.pgexecute ERROR - sql: "SELECT\n\tCAST(9.9 AS INTEGER),\n\tCAST(10.1 AS DOUBLE),\n  CAST ('2025-11-01' AS DATE),\n  CAST ('01-NOV-2025' AS DATE)", error: UndefinedObject('type "double" does not exist\nLINE 3:  CAST(10.1 AS DOUBLE),\n                      ^')
2025-11-02 02:10:30,288 (1206937/MainThread) pgcli.pgexecute ERROR - traceback: 'Traceback (most recent call last):\n  File "/usr/lib/python3.13/site-packages/pgcli/pgexecute.py", line 406, in run\n    yield self.execute_normal_sql(sql) + (sql, True, False)\n          ~~~~~~~~~~~~~~~~~~~~~~~^^^^^\n  File "/usr/lib/python3.13/site-packages/pgcli/pgexecute.py", line 460, in execute_normal_sql\n    cur.execute(split_sql)\n    ~~~~~~~~~~~^^^^^^^^^^^\n  File "/usr/lib/python3.13/site-packages/pgcli/pgexecute.py", line 91, in execute\n    super().execute(*args, **kwargs)\n    ~~~~~~~~~~~~~~~^^^^^^^^^^^^^^^^^\n  File "/usr/lib/python3.13/site-packages/psycopg/cursor.py", line 97, in execute\n    raise ex.with_traceback(None)\npsycopg.errors.UndefinedObject: type "double" does not exist\nLINE 3:  CAST(10.1 AS DOUBLE),\n                      ^\n'
2025-11-02 02:17:40,733 (1206937/MainThread) pgcli.pgexecute ERROR - sql: "SELECT\n\tCAST(9.9 AS INTEGER),\n\tCAST('10.1' AS FLOAT),\n  CAST('01-NOV-2025' AS DATE),\n\tCAST('3 month 1 day 2 hour 15 minute' :: INTERVAL AS DATE)", error: CannotCoerce("cannot cast type interval to date\nLINE 5:  CAST('3 month 1 day 2 hour 15 minute' :: INTERVAL AS DATE)\n         ^")
2025-11-02 02:17:40,735 (1206937/MainThread) pgcli.pgexecute ERROR - traceback: 'Traceback (most recent call last):\n  File "/usr/lib/python3.13/site-packages/pgcli/pgexecute.py", line 406, in run\n    yield self.execute_normal_sql(sql) + (sql, True, False)\n          ~~~~~~~~~~~~~~~~~~~~~~~^^^^^\n  File "/usr/lib/python3.13/site-packages/pgcli/pgexecute.py", line 460, in execute_normal_sql\n    cur.execute(split_sql)\n    ~~~~~~~~~~~^^^^^^^^^^^\n  File "/usr/lib/python3.13/site-packages/pgcli/pgexecute.py", line 91, in execute\n    super().execute(*args, **kwargs)\n    ~~~~~~~~~~~~~~~^^^^^^^^^^^^^^^^^\n  File "/usr/lib/python3.13/site-packages/psycopg/cursor.py", line 97, in execute\n    raise ex.with_traceback(None)\npsycopg.errors.CannotCoerce: cannot cast type interval to date\nLINE 5:  CAST(\'3 month 1 day 2 hour 15 minute\' :: INTERVAL AS DATE)\n         ^\n'
2025-11-02 02:21:10,070 (1206937/MainThread) pgcli.pgexecute ERROR - sql: 'SELECT\n\t*,\n\tCOALESCE(end_date, \'пока не закончен\')\nFROM "Order"', error: InvalidDatetimeFormat('invalid input syntax for type date: "пока не закончен"\nLINE 3:  COALESCE(end_date, \'пока не закончен\')\n                            ^')
2025-11-02 02:21:10,072 (1206937/MainThread) pgcli.pgexecute ERROR - traceback: 'Traceback (most recent call last):\n  File "/usr/lib/python3.13/site-packages/pgcli/pgexecute.py", line 406, in run\n    yield self.execute_normal_sql(sql) + (sql, True, False)\n          ~~~~~~~~~~~~~~~~~~~~~~~^^^^^\n  File "/usr/lib/python3.13/site-packages/pgcli/pgexecute.py", line 460, in execute_normal_sql\n    cur.execute(split_sql)\n    ~~~~~~~~~~~^^^^^^^^^^^\n  File "/usr/lib/python3.13/site-packages/pgcli/pgexecute.py", line 91, in execute\n    super().execute(*args, **kwargs)\n    ~~~~~~~~~~~~~~~^^^^^^^^^^^^^^^^^\n  File "/usr/lib/python3.13/site-packages/psycopg/cursor.py", line 97, in execute\n    raise ex.with_traceback(None)\npsycopg.errors.InvalidDatetimeFormat: invalid input syntax for type date: "пока не закончен"\nLINE 3:  COALESCE(end_date, \'пока не закончен\')\n                            ^\n'
2025-11-02 02:21:24,488 (1206937/MainThread) pgcli.pgexecute ERROR - sql: 'SELECT\n\tCOALESCE(end_date, \'пока не закончен\')\nFROM "Order"', error: InvalidDatetimeFormat('invalid input syntax for type date: "пока не закончен"\nLINE 2:  COALESCE(end_date, \'пока не закончен\')\n                            ^')
2025-11-02 02:21:24,490 (1206937/MainThread) pgcli.pgexecute ERROR - traceback: 'Traceback (most recent call last):\n  File "/usr/lib/python3.13/site-packages/pgcli/pgexecute.py", line 406, in run\n    yield self.execute_normal_sql(sql) + (sql, True, False)\n          ~~~~~~~~~~~~~~~~~~~~~~~^^^^^\n  File "/usr/lib/python3.13/site-packages/pgcli/pgexecute.py", line 460, in execute_normal_sql\n    cur.execute(split_sql)\n    ~~~~~~~~~~~^^^^^^^^^^^\n  File "/usr/lib/python3.13/site-packages/pgcli/pgexecute.py", line 91, in execute\n    super().execute(*args, **kwargs)\n    ~~~~~~~~~~~~~~~^^^^^^^^^^^^^^^^^\n  File "/usr/lib/python3.13/site-packages/psycopg/cursor.py", line 97, in execute\n    raise ex.with_traceback(None)\npsycopg.errors.InvalidDatetimeFormat: invalid input syntax for type date: "пока не закончен"\nLINE 2:  COALESCE(end_date, \'пока не закончен\')\n                            ^\n'
2025-11-02 02:48:14,508 (1206937/MainThread) pgcli.pgexecute ERROR - sql: 'SELECT\n\t*,\n  NULLIF(end_date, NOT null)\nFROM "Order"', error: UndefinedFunction('operator does not exist: date = boolean\nLINE 3:   NULLIF(end_date, NOT null)\n          ^\nHINT:  No operator matches the given name and argument types. You might need to add explicit type casts.')
2025-11-02 02:48:14,510 (1206937/MainThread) pgcli.pgexecute ERROR - traceback: 'Traceback (most recent call last):\n  File "/usr/lib/python3.13/site-packages/pgcli/pgexecute.py", line 406, in run\n    yield self.execute_normal_sql(sql) + (sql, True, False)\n          ~~~~~~~~~~~~~~~~~~~~~~~^^^^^\n  File "/usr/lib/python3.13/site-packages/pgcli/pgexecute.py", line 460, in execute_normal_sql\n    cur.execute(split_sql)\n    ~~~~~~~~~~~^^^^^^^^^^^\n  File "/usr/lib/python3.13/site-packages/pgcli/pgexecute.py", line 91, in execute\n    super().execute(*args, **kwargs)\n    ~~~~~~~~~~~~~~~^^^^^^^^^^^^^^^^^\n  File "/usr/lib/python3.13/site-packages/psycopg/cursor.py", line 97, in execute\n    raise ex.with_traceback(None)\npsycopg.errors.UndefinedFunction: operator does not exist: date = boolean\nLINE 3:   NULLIF(end_date, NOT null)\n          ^\nHINT:  No operator matches the given name and argument types. You might need to add explicit type casts.\n'
2025-11-02 02:48:32,308 (1206937/MainThread) pgcli.pgexecute ERROR - sql: 'SELECT\n\t*,\n  NOT NULLIF(end_date, null)\nFROM "Order"', error: DatatypeMismatch('argument of NOT must be type boolean, not type date\nLINE 3:   NOT NULLIF(end_date, null)\n              ^')
2025-11-02 02:48:32,310 (1206937/MainThread) pgcli.pgexecute ERROR - traceback: 'Traceback (most recent call last):\n  File "/usr/lib/python3.13/site-packages/pgcli/pgexecute.py", line 406, in run\n    yield self.execute_normal_sql(sql) + (sql, True, False)\n          ~~~~~~~~~~~~~~~~~~~~~~~^^^^^\n  File "/usr/lib/python3.13/site-packages/pgcli/pgexecute.py", line 460, in execute_normal_sql\n    cur.execute(split_sql)\n    ~~~~~~~~~~~^^^^^^^^^^^\n  File "/usr/lib/python3.13/site-packages/pgcli/pgexecute.py", line 91, in execute\n    super().execute(*args, **kwargs)\n    ~~~~~~~~~~~~~~~^^^^^^^^^^^^^^^^^\n  File "/usr/lib/python3.13/site-packages/psycopg/cursor.py", line 97, in execute\n    raise ex.with_traceback(None)\npsycopg.errors.DatatypeMismatch: argument of NOT must be type boolean, not type date\nLINE 3:   NOT NULLIF(end_date, null)\n              ^\n'
2025-11-02 02:48:47,536 (1206937/MainThread) pgcli.pgexecute ERROR - sql: 'SELECT\n\t*,\n  NULLIF(end_date, \'%\')\nFROM "Order"', error: InvalidDatetimeFormat('invalid input syntax for type date: "%"\nLINE 3:   NULLIF(end_date, \'%\')\n                           ^')
2025-11-02 02:48:47,538 (1206937/MainThread) pgcli.pgexecute ERROR - traceback: 'Traceback (most recent call last):\n  File "/usr/lib/python3.13/site-packages/pgcli/pgexecute.py", line 406, in run\n    yield self.execute_normal_sql(sql) + (sql, True, False)\n          ~~~~~~~~~~~~~~~~~~~~~~~^^^^^\n  File "/usr/lib/python3.13/site-packages/pgcli/pgexecute.py", line 460, in execute_normal_sql\n    cur.execute(split_sql)\n    ~~~~~~~~~~~^^^^^^^^^^^\n  File "/usr/lib/python3.13/site-packages/pgcli/pgexecute.py", line 91, in execute\n    super().execute(*args, **kwargs)\n    ~~~~~~~~~~~~~~~^^^^^^^^^^^^^^^^^\n  File "/usr/lib/python3.13/site-packages/psycopg/cursor.py", line 97, in execute\n    raise ex.with_traceback(None)\npsycopg.errors.InvalidDatetimeFormat: invalid input syntax for type date: "%"\nLINE 3:   NULLIF(end_date, \'%\')\n                           ^\n'
2025-11-02 02:49:08,929 (1206937/MainThread) pgcli.pgexecute ERROR - sql: 'SELECT\n\t*,\n  NULLIF(end_date, \'yyyy-mm-dd\')\nFROM "Order"', error: InvalidDatetimeFormat('invalid input syntax for type date: "yyyy-mm-dd"\nLINE 3:   NULLIF(end_date, \'yyyy-mm-dd\')\n                           ^')
2025-11-02 02:49:08,930 (1206937/MainThread) pgcli.pgexecute ERROR - traceback: 'Traceback (most recent call last):\n  File "/usr/lib/python3.13/site-packages/pgcli/pgexecute.py", line 406, in run\n    yield self.execute_normal_sql(sql) + (sql, True, False)\n          ~~~~~~~~~~~~~~~~~~~~~~~^^^^^\n  File "/usr/lib/python3.13/site-packages/pgcli/pgexecute.py", line 460, in execute_normal_sql\n    cur.execute(split_sql)\n    ~~~~~~~~~~~^^^^^^^^^^^\n  File "/usr/lib/python3.13/site-packages/pgcli/pgexecute.py", line 91, in execute\n    super().execute(*args, **kwargs)\n    ~~~~~~~~~~~~~~~^^^^^^^^^^^^^^^^^\n  File "/usr/lib/python3.13/site-packages/psycopg/cursor.py", line 97, in execute\n    raise ex.with_traceback(None)\npsycopg.errors.InvalidDatetimeFormat: invalid input syntax for type date: "yyyy-mm-dd"\nLINE 3:   NULLIF(end_date, \'yyyy-mm-dd\')\n                           ^\n'
2025-11-02 02:59:15,480 (1206937/MainThread) pgcli.pgexecute ERROR - sql: 'SELECT\n  name,\n  LENGTH(name) AS name_length\n\tname || CHR (49) AS name_with_0\nFROM "Service"', error: SyntaxError('syntax error at or near "name"\nLINE 4:  name || CHR (49) AS name_with_0\n         ^')
2025-11-02 02:59:15,482 (1206937/MainThread) pgcli.pgexecute ERROR - traceback: 'Traceback (most recent call last):\n  File "/usr/lib/python3.13/site-packages/pgcli/pgexecute.py", line 406, in run\n    yield self.execute_normal_sql(sql) + (sql, True, False)\n          ~~~~~~~~~~~~~~~~~~~~~~~^^^^^\n  File "/usr/lib/python3.13/site-packages/pgcli/pgexecute.py", line 460, in execute_normal_sql\n    cur.execute(split_sql)\n    ~~~~~~~~~~~^^^^^^^^^^^\n  File "/usr/lib/python3.13/site-packages/pgcli/pgexecute.py", line 91, in execute\n    super().execute(*args, **kwargs)\n    ~~~~~~~~~~~~~~~^^^^^^^^^^^^^^^^^\n  File "/usr/lib/python3.13/site-packages/psycopg/cursor.py", line 97, in execute\n    raise ex.with_traceback(None)\npsycopg.errors.SyntaxError: syntax error at or near "name"\nLINE 4:  name || CHR (49) AS name_with_0\n         ^\n'
2025-11-02 03:03:24,668 (1206937/MainThread) pgcli.pgexecute ERROR - sql: 'SELECT\n  name,\n  LENGTH(name) AS name_length\n  SELECT\n  name,\n  LENGTH(name) AS name_length\n\tname || CHR (65) AS name_with_0\nFROM "Service"', error: SyntaxError('syntax error at or near "SELECT"\nLINE 4:   SELECT\n          ^')
2025-11-02 03:03:24,670 (1206937/MainThread) pgcli.pgexecute ERROR - traceback: 'Traceback (most recent call last):\n  File "/usr/lib/python3.13/site-packages/pgcli/pgexecute.py", line 406, in run\n    yield self.execute_normal_sql(sql) + (sql, True, False)\n          ~~~~~~~~~~~~~~~~~~~~~~~^^^^^\n  File "/usr/lib/python3.13/site-packages/pgcli/pgexecute.py", line 460, in execute_normal_sql\n    cur.execute(split_sql)\n    ~~~~~~~~~~~^^^^^^^^^^^\n  File "/usr/lib/python3.13/site-packages/pgcli/pgexecute.py", line 91, in execute\n    super().execute(*args, **kwargs)\n    ~~~~~~~~~~~~~~~^^^^^^^^^^^^^^^^^\n  File "/usr/lib/python3.13/site-packages/psycopg/cursor.py", line 97, in execute\n    raise ex.with_traceback(None)\npsycopg.errors.SyntaxError: syntax error at or near "SELECT"\nLINE 4:   SELECT\n          ^\n'
2025-11-02 03:03:26,168 (1206937/MainThread) pgcli.pgexecute ERROR - sql: 'SELECT\n  name,\n  LENGTH(name) AS name_length\n\tname || CHR (65) AS name_with_0\nFROM "Service"', error: SyntaxError('syntax error at or near "name"\nLINE 4:  name || CHR (65) AS name_with_0\n         ^')
2025-11-02 03:03:26,170 (1206937/MainThread) pgcli.pgexecute ERROR - traceback: 'Traceback (most recent call last):\n  File "/usr/lib/python3.13/site-packages/pgcli/pgexecute.py", line 406, in run\n    yield self.execute_normal_sql(sql) + (sql, True, False)\n          ~~~~~~~~~~~~~~~~~~~~~~~^^^^^\n  File "/usr/lib/python3.13/site-packages/pgcli/pgexecute.py", line 460, in execute_normal_sql\n    cur.execute(split_sql)\n    ~~~~~~~~~~~^^^^^^^^^^^\n  File "/usr/lib/python3.13/site-packages/pgcli/pgexecute.py", line 91, in execute\n    super().execute(*args, **kwargs)\n    ~~~~~~~~~~~~~~~^^^^^^^^^^^^^^^^^\n  File "/usr/lib/python3.13/site-packages/psycopg/cursor.py", line 97, in execute\n    raise ex.with_traceback(None)\npsycopg.errors.SyntaxError: syntax error at or near "name"\nLINE 4:  name || CHR (65) AS name_with_0\n         ^\n'
2025-11-02 03:03:46,316 (1206937/MainThread) pgcli.pgexecute ERROR - sql: 'SELECT\n  name,\n  LENGTH(name) AS name_length\n  "Service".name || CHR (65) AS name_with_0\nFROM "Service"', error: SyntaxError('syntax error at or near ""Service""\nLINE 4:   "Service".name || CHR (65) AS name_with_0\n          ^')
2025-11-02 03:03:46,317 (1206937/MainThread) pgcli.pgexecute ERROR - traceback: 'Traceback (most recent call last):\n  File "/usr/lib/python3.13/site-packages/pgcli/pgexecute.py", line 406, in run\n    yield self.execute_normal_sql(sql) + (sql, True, False)\n          ~~~~~~~~~~~~~~~~~~~~~~~^^^^^\n  File "/usr/lib/python3.13/site-packages/pgcli/pgexecute.py", line 460, in execute_normal_sql\n    cur.execute(split_sql)\n    ~~~~~~~~~~~^^^^^^^^^^^\n  File "/usr/lib/python3.13/site-packages/pgcli/pgexecute.py", line 91, in execute\n    super().execute(*args, **kwargs)\n    ~~~~~~~~~~~~~~~^^^^^^^^^^^^^^^^^\n  File "/usr/lib/python3.13/site-packages/psycopg/cursor.py", line 97, in execute\n    raise ex.with_traceback(None)\npsycopg.errors.SyntaxError: syntax error at or near ""Service""\nLINE 4:   "Service".name || CHR (65) AS name_with_0\n          ^\n'
2025-11-02 03:06:47,552 (1206937/MainThread) pgcli.pgexecute ERROR - sql: 'SELECT\n  name,\n  LENGTH(name) AS name_length,\n\tname || CHR (48) AS name_with_0\n\tSTRPOS(name, \'Ремонт\') AS pos_in_name\nFROM "Service"', error: SyntaxError('syntax error at or near "STRPOS"\nLINE 5:  STRPOS(name, \'Ремонт\') AS pos_in_name\n         ^')
2025-11-02 03:06:47,554 (1206937/MainThread) pgcli.pgexecute ERROR - traceback: 'Traceback (most recent call last):\n  File "/usr/lib/python3.13/site-packages/pgcli/pgexecute.py", line 406, in run\n    yield self.execute_normal_sql(sql) + (sql, True, False)\n          ~~~~~~~~~~~~~~~~~~~~~~~^^^^^\n  File "/usr/lib/python3.13/site-packages/pgcli/pgexecute.py", line 460, in execute_normal_sql\n    cur.execute(split_sql)\n    ~~~~~~~~~~~^^^^^^^^^^^\n  File "/usr/lib/python3.13/site-packages/pgcli/pgexecute.py", line 91, in execute\n    super().execute(*args, **kwargs)\n    ~~~~~~~~~~~~~~~^^^^^^^^^^^^^^^^^\n  File "/usr/lib/python3.13/site-packages/psycopg/cursor.py", line 97, in execute\n    raise ex.with_traceback(None)\npsycopg.errors.SyntaxError: syntax error at or near "STRPOS"\nLINE 5:  STRPOS(name, \'Ремонт\') AS pos_in_name\n         ^\n'
2025-11-02 03:09:21,702 (1206937/MainThread) pgcli.pgexecute ERROR - sql: 'SELECT\n  name,\n  LENGTH(name) AS name_length,\n\tname || CHR (48) AS name_with_0,\n\tSTRPOS(name, \'Ремонт\') AS pos_in_name,\n\tOVERLAY(name \'Оверлэй\' FROM 5 FOR 10) AS overlay_name\nFROM "Service"', error: SyntaxError('syntax error at or near "FROM"\nLINE 6:  OVERLAY(name \'Оверлэй\' FROM 5 FOR 10) AS overlay_name\n                                ^')
2025-11-02 03:09:21,703 (1206937/MainThread) pgcli.pgexecute ERROR - traceback: 'Traceback (most recent call last):\n  File "/usr/lib/python3.13/site-packages/pgcli/pgexecute.py", line 406, in run\n    yield self.execute_normal_sql(sql) + (sql, True, False)\n          ~~~~~~~~~~~~~~~~~~~~~~~^^^^^\n  File "/usr/lib/python3.13/site-packages/pgcli/pgexecute.py", line 460, in execute_normal_sql\n    cur.execute(split_sql)\n    ~~~~~~~~~~~^^^^^^^^^^^\n  File "/usr/lib/python3.13/site-packages/pgcli/pgexecute.py", line 91, in execute\n    super().execute(*args, **kwargs)\n    ~~~~~~~~~~~~~~~^^^^^^^^^^^^^^^^^\n  File "/usr/lib/python3.13/site-packages/psycopg/cursor.py", line 97, in execute\n    raise ex.with_traceback(None)\npsycopg.errors.SyntaxError: syntax error at or near "FROM"\nLINE 6:  OVERLAY(name \'Оверлэй\' FROM 5 FOR 10) AS overlay_name\n                                ^\n'
2025-11-02 03:09:37,593 (1206937/MainThread) pgcli.pgexecute ERROR - sql: 'SELECT\n  name,\n  LENGTH(name) AS name_length,\n\tname || CHR (48) AS name_with_0,\n\tSTRPOS(name, \'Ремонт\') AS pos_in_name,\n\tOVERLAY(name o \'Оверлэй\' FROM 5 FOR 10) AS overlay_name\nFROM "Service"', error: SyntaxError('syntax error at or near "o"\nLINE 6:  OVERLAY(name o \'Оверлэй\' FROM 5 FOR 10) AS overlay_name\n                      ^')
2025-11-02 03:09:37,594 (1206937/MainThread) pgcli.pgexecute ERROR - traceback: 'Traceback (most recent call last):\n  File "/usr/lib/python3.13/site-packages/pgcli/pgexecute.py", line 406, in run\n    yield self.execute_normal_sql(sql) + (sql, True, False)\n          ~~~~~~~~~~~~~~~~~~~~~~~^^^^^\n  File "/usr/lib/python3.13/site-packages/pgcli/pgexecute.py", line 460, in execute_normal_sql\n    cur.execute(split_sql)\n    ~~~~~~~~~~~^^^^^^^^^^^\n  File "/usr/lib/python3.13/site-packages/pgcli/pgexecute.py", line 91, in execute\n    super().execute(*args, **kwargs)\n    ~~~~~~~~~~~~~~~^^^^^^^^^^^^^^^^^\n  File "/usr/lib/python3.13/site-packages/psycopg/cursor.py", line 97, in execute\n    raise ex.with_traceback(None)\npsycopg.errors.SyntaxError: syntax error at or near "o"\nLINE 6:  OVERLAY(name o \'Оверлэй\' FROM 5 FOR 10) AS overlay_name\n                      ^\n'
2025-11-02 03:14:56,390 (1206937/MainThread) pgcli.pgexecute ERROR - sql: '2SELECT\n  name,\n\tSUBSTRING(name FROM 2 FOR 8) AS substring,\n\tPOSITION(\'а\' IN name) as pos,\n\tREPLACE(name, \'Ремонт\', \'Устранение неполадок\') as replace\nFROM "Service"', error: SyntaxError('trailing junk after numeric literal at or near "2SELECT"\nLINE 1: 2SELECT\n        ^')
2025-11-02 03:14:56,390 (1206937/MainThread) pgcli.pgexecute ERROR - traceback: 'Traceback (most recent call last):\n  File "/usr/lib/python3.13/site-packages/pgcli/pgexecute.py", line 406, in run\n    yield self.execute_normal_sql(sql) + (sql, True, False)\n          ~~~~~~~~~~~~~~~~~~~~~~~^^^^^\n  File "/usr/lib/python3.13/site-packages/pgcli/pgexecute.py", line 460, in execute_normal_sql\n    cur.execute(split_sql)\n    ~~~~~~~~~~~^^^^^^^^^^^\n  File "/usr/lib/python3.13/site-packages/pgcli/pgexecute.py", line 91, in execute\n    super().execute(*args, **kwargs)\n    ~~~~~~~~~~~~~~~^^^^^^^^^^^^^^^^^\n  File "/usr/lib/python3.13/site-packages/psycopg/cursor.py", line 97, in execute\n    raise ex.with_traceback(None)\npsycopg.errors.SyntaxError: trailing junk after numeric literal at or near "2SELECT"\nLINE 1: 2SELECT\n        ^\n'
2025-11-02 03:16:46,990 (1206937/MainThread) pgcli.pgexecute ERROR - sql: 'SELECT\n  name,\n\tSUBSTRING(name FROM 2 FOR 8) AS substring,\n\tPOSITION(\'а\' IN name) as pos,\n\tREPLACE(name, \'Ремонт\', \'Устранение неполадок\') as replace,\n\tLOWER(name) AS name_lower,\n  UPPER(name) AS name_upper,\n\tBTRIM(name + \'   \') AS BTRIM\nFROM "Service"', error: UndefinedFunction("operator does not exist: character varying + unknown\nLINE 8:  BTRIM(name + '   ') AS BTRIM\n                    ^\nHINT:  No operator matches the given name and argument types. You might need to add explicit type casts.")
2025-11-02 03:16:46,990 (1206937/MainThread) pgcli.pgexecute ERROR - traceback: 'Traceback (most recent call last):\n  File "/usr/lib/python3.13/site-packages/pgcli/pgexecute.py", line 406, in run\n    yield self.execute_normal_sql(sql) + (sql, True, False)\n          ~~~~~~~~~~~~~~~~~~~~~~~^^^^^\n  File "/usr/lib/python3.13/site-packages/pgcli/pgexecute.py", line 460, in execute_normal_sql\n    cur.execute(split_sql)\n    ~~~~~~~~~~~^^^^^^^^^^^\n  File "/usr/lib/python3.13/site-packages/pgcli/pgexecute.py", line 91, in execute\n    super().execute(*args, **kwargs)\n    ~~~~~~~~~~~~~~~^^^^^^^^^^^^^^^^^\n  File "/usr/lib/python3.13/site-packages/psycopg/cursor.py", line 97, in execute\n    raise ex.with_traceback(None)\npsycopg.errors.UndefinedFunction: operator does not exist: character varying + unknown\nLINE 8:  BTRIM(name + \'   \') AS BTRIM\n                    ^\nHINT:  No operator matches the given name and argument types. You might need to add explicit type casts.\n'
2025-11-02 16:52:47,739 (452823/MainThread) pgcli.main INFO - Default pager found in PAGER environment variable: "less"
2025-11-02 16:52:47,739 (452823/MainThread) pgcli.main WARNING - import keyring failed: ModuleNotFoundError("No module named 'keyring'").
2025-11-02 16:52:50,705 (452823/MainThread) pgcli.main ERROR - traceback: 'Traceback (most recent call last):\n  File "/usr/lib/python3.13/site-packages/pgcli/main.py", line 737, in connect\n    pgexecute = PGExecute(\n        database,\n    ...<6 lines>...\n        **kwargs,\n    )\n  File "/usr/lib/python3.13/site-packages/pgcli/pgexecute.py", line 184, in __init__\n    self.connect(database, user, password, host, port, dsn, **kwargs)\n    ~~~~~~~~~~~~^^^^^^^^^^^^^^^^^^^^^^^^^^^^^^^^^^^^^^^^^^^^^^^^^^^^^\n  File "/usr/lib/python3.13/site-packages/pgcli/pgexecute.py", line 233, in connect\n    conn = psycopg.connect(conn_info)\n  File "/usr/lib/python3.13/site-packages/psycopg/connection.py", line 120, in connect\n    raise last_ex.with_traceback(None)\npsycopg.OperationalError: connection failed: connection to server at "10.100.0.2", port 5431 failed: fe_sendauth: no password supplied\n\nDuring handling of the above exception, another exception occurred:\n\nTraceback (most recent call last):\n  File "/usr/lib/python3.13/site-packages/pgcli/main.py", line 755, in connect\n    pgexecute = PGExecute(\n        database,\n    ...<6 lines>...\n        **kwargs,\n    )\n  File "/usr/lib/python3.13/site-packages/pgcli/pgexecute.py", line 184, in __init__\n    self.connect(database, user, password, host, port, dsn, **kwargs)\n    ~~~~~~~~~~~~^^^^^^^^^^^^^^^^^^^^^^^^^^^^^^^^^^^^^^^^^^^^^^^^^^^^^\n  File "/usr/lib/python3.13/site-packages/pgcli/pgexecute.py", line 233, in connect\n    conn = psycopg.connect(conn_info)\n  File "/usr/lib/python3.13/site-packages/psycopg/connection.py", line 120, in connect\n    raise last_ex.with_traceback(None)\npsycopg.OperationalError: connection failed: connection to server at "10.100.0.2", port 5431 failed: FATAL:  password authentication failed for user "aragami"\n'
2025-11-02 16:52:52,194 (453090/MainThread) pgcli.main INFO - Default pager found in PAGER environment variable: "less"
2025-11-02 16:52:52,194 (453090/MainThread) pgcli.main WARNING - import keyring failed: ModuleNotFoundError("No module named 'keyring'").
2025-11-02 17:54:26,171 (453090/MainThread) pgcli.pgexecute ERROR - sql: 'SELECT\n\tid,\n\tname,\n\taddress,\n\tstart_work_time AS start_time,\n\tAGE(start_work_time) AS worked_time,\n\tend_work_time AS end_time,\n\tend_work_time - CURRENT_TIME  AS remaining_time,\n\tCURRENT_TIMESTAMP AS current_date_with_time\nFROM "Car_repair_shop"', error: UndefinedFunction('function age(time without time zone) does not exist\nLINE 6:  AGE(start_work_time) AS worked_time,\n         ^\nHINT:  No function matches the given name and argument types. You might need to add explicit type casts.')
2025-11-02 17:54:26,174 (453090/MainThread) pgcli.pgexecute ERROR - traceback: 'Traceback (most recent call last):\n  File "/usr/lib/python3.13/site-packages/pgcli/pgexecute.py", line 406, in run\n    yield self.execute_normal_sql(sql) + (sql, True, False)\n          ~~~~~~~~~~~~~~~~~~~~~~~^^^^^\n  File "/usr/lib/python3.13/site-packages/pgcli/pgexecute.py", line 460, in execute_normal_sql\n    cur.execute(split_sql)\n    ~~~~~~~~~~~^^^^^^^^^^^\n  File "/usr/lib/python3.13/site-packages/pgcli/pgexecute.py", line 91, in execute\n    super().execute(*args, **kwargs)\n    ~~~~~~~~~~~~~~~^^^^^^^^^^^^^^^^^\n  File "/usr/lib/python3.13/site-packages/psycopg/cursor.py", line 97, in execute\n    raise ex.with_traceback(None)\npsycopg.errors.UndefinedFunction: function age(time without time zone) does not exist\nLINE 6:  AGE(start_work_time) AS worked_time,\n         ^\nHINT:  No function matches the given name and argument types. You might need to add explicit type casts.\n'
2025-11-02 17:54:42,148 (453090/MainThread) pgcli.pgexecute ERROR - sql: 'SELECT\n\tid,\n\tname,\n\taddress,\n\tstart_work_time AS start_time,\n\tCURRENT_TIME - start_work_time AS worked_time,\n\tend_work_time AS end_time,\n\tend_work_time - CURRENT_TIME  AS remaining_time,\n\tCURRENT_TIMESTAMP AS current_date_with_time\nFROM "Car_repair_shop"', error: UndefinedFunction('operator does not exist: time without time zone - time with time zone\nLINE 8:  end_work_time - CURRENT_TIME  AS remaining_time,\n                       ^\nHINT:  No operator matches the given name and argument types. You might need to add explicit type casts.')
2025-11-02 17:54:42,150 (453090/MainThread) pgcli.pgexecute ERROR - traceback: 'Traceback (most recent call last):\n  File "/usr/lib/python3.13/site-packages/pgcli/pgexecute.py", line 406, in run\n    yield self.execute_normal_sql(sql) + (sql, True, False)\n          ~~~~~~~~~~~~~~~~~~~~~~~^^^^^\n  File "/usr/lib/python3.13/site-packages/pgcli/pgexecute.py", line 460, in execute_normal_sql\n    cur.execute(split_sql)\n    ~~~~~~~~~~~^^^^^^^^^^^\n  File "/usr/lib/python3.13/site-packages/pgcli/pgexecute.py", line 91, in execute\n    super().execute(*args, **kwargs)\n    ~~~~~~~~~~~~~~~^^^^^^^^^^^^^^^^^\n  File "/usr/lib/python3.13/site-packages/psycopg/cursor.py", line 97, in execute\n    raise ex.with_traceback(None)\npsycopg.errors.UndefinedFunction: operator does not exist: time without time zone - time with time zone\nLINE 8:  end_work_time - CURRENT_TIME  AS remaining_time,\n                       ^\nHINT:  No operator matches the given name and argument types. You might need to add explicit type casts.\n'
2025-11-02 18:05:33,115 (453090/MainThread) pgcli.pgexecute ERROR - sql: 'SELECT\n  id,\n  DATE_PART(\'month\', start_date) AS start_month,\n\tEXTRACT(YEAR FROM starte_date) AS start_year\nFROM "Order"', error: UndefinedColumn('column "starte_date" does not exist\nLINE 4:  EXTRACT(YEAR FROM starte_date) AS start_year\n                           ^\nHINT:  Perhaps you meant to reference the column "Order.start_date".')
2025-11-02 18:05:33,117 (453090/MainThread) pgcli.pgexecute ERROR - traceback: 'Traceback (most recent call last):\n  File "/usr/lib/python3.13/site-packages/pgcli/pgexecute.py", line 406, in run\n    yield self.execute_normal_sql(sql) + (sql, True, False)\n          ~~~~~~~~~~~~~~~~~~~~~~~^^^^^\n  File "/usr/lib/python3.13/site-packages/pgcli/pgexecute.py", line 460, in execute_normal_sql\n    cur.execute(split_sql)\n    ~~~~~~~~~~~^^^^^^^^^^^\n  File "/usr/lib/python3.13/site-packages/pgcli/pgexecute.py", line 91, in execute\n    super().execute(*args, **kwargs)\n    ~~~~~~~~~~~~~~~^^^^^^^^^^^^^^^^^\n  File "/usr/lib/python3.13/site-packages/psycopg/cursor.py", line 97, in execute\n    raise ex.with_traceback(None)\npsycopg.errors.UndefinedColumn: column "starte_date" does not exist\nLINE 4:  EXTRACT(YEAR FROM starte_date) AS start_year\n                           ^\nHINT:  Perhaps you meant to reference the column "Order.start_date".\n'
2025-11-02 18:12:03,786 (453090/MainThread) pgcli.pgexecute ERROR - sql: 'SELECT\n  o.id,\n  DATE_PART(\'month\', o.start_date) AS start_month,\n\tEXTRACT(YEAR FROM o.starte_date) AS start_year\nFROM "Order" o', error: UndefinedColumn('column o.starte_date does not exist\nLINE 4:  EXTRACT(YEAR FROM o.starte_date) AS start_year\n                           ^\nHINT:  Perhaps you meant to reference the column "o.start_date".')
2025-11-02 18:12:03,787 (453090/MainThread) pgcli.pgexecute ERROR - traceback: 'Traceback (most recent call last):\n  File "/usr/lib/python3.13/site-packages/pgcli/pgexecute.py", line 406, in run\n    yield self.execute_normal_sql(sql) + (sql, True, False)\n          ~~~~~~~~~~~~~~~~~~~~~~~^^^^^\n  File "/usr/lib/python3.13/site-packages/pgcli/pgexecute.py", line 460, in execute_normal_sql\n    cur.execute(split_sql)\n    ~~~~~~~~~~~^^^^^^^^^^^\n  File "/usr/lib/python3.13/site-packages/pgcli/pgexecute.py", line 91, in execute\n    super().execute(*args, **kwargs)\n    ~~~~~~~~~~~~~~~^^^^^^^^^^^^^^^^^\n  File "/usr/lib/python3.13/site-packages/psycopg/cursor.py", line 97, in execute\n    raise ex.with_traceback(None)\npsycopg.errors.UndefinedColumn: column o.starte_date does not exist\nLINE 4:  EXTRACT(YEAR FROM o.starte_date) AS start_year\n                           ^\nHINT:  Perhaps you meant to reference the column "o.start_date".\n'
2025-11-02 18:31:04,530 (453090/MainThread) pgcli.pgexecute ERROR - sql: 'SELECT\n\td.name as service,\n\td.name as detail,\n\td.price as price,\n\tdn.number as num,\n\td.price * dn.number as total_details_price,\n\tSUM(d.price * dn.number) AS total_for_all\nFROM "Detail" d\nJOIN "Detail_needed" dn ON dn.detail_id = d.id\nJOIN "Car_at_work" caw ON caw.id = dn.car_at_work_id\nJOIN "Service" s ON caw.service_id = s.id\nWHERE caw.order_id = 1\nGROUP BY d.price, dn.number\nORDER BY\ns.name,\nd.name,\nd.price,\ndn.number', error: GroupingError('column "d.name" must appear in the GROUP BY clause or be used in an aggregate function\nLINE 2:  d.name as service,\n         ^')
2025-11-02 18:31:04,531 (453090/MainThread) pgcli.pgexecute ERROR - traceback: 'Traceback (most recent call last):\n  File "/usr/lib/python3.13/site-packages/pgcli/pgexecute.py", line 406, in run\n    yield self.execute_normal_sql(sql) + (sql, True, False)\n          ~~~~~~~~~~~~~~~~~~~~~~~^^^^^\n  File "/usr/lib/python3.13/site-packages/pgcli/pgexecute.py", line 460, in execute_normal_sql\n    cur.execute(split_sql)\n    ~~~~~~~~~~~^^^^^^^^^^^\n  File "/usr/lib/python3.13/site-packages/pgcli/pgexecute.py", line 91, in execute\n    super().execute(*args, **kwargs)\n    ~~~~~~~~~~~~~~~^^^^^^^^^^^^^^^^^\n  File "/usr/lib/python3.13/site-packages/psycopg/cursor.py", line 97, in execute\n    raise ex.with_traceback(None)\npsycopg.errors.GroupingError: column "d.name" must appear in the GROUP BY clause or be used in an aggregate function\nLINE 2:  d.name as service,\n         ^\n'
2025-11-02 20:37:38,181 (453090/MainThread) pgcli.pgexecute ERROR - sql: 'SELECT\n\tSUM(d.price * dn.number) OVER total_for_all\nFROM "Detail" d\nJOIN "Detail_needed" dn ON dn.detail_id = d.id\nJOIN "Car_at_work" caw ON caw.id = dn.car_at_work_id\nJOIN "Service" s ON caw.service_id = s.id\nWHERE caw.order_id = 1\nGROUP BY d.price, dn.number\nORDER BY\nd.price,\ndn.number', error: UndefinedObject('window "total_for_all" does not exist\nLINE 2:  SUM(d.price * dn.number) OVER total_for_all\n                                       ^')
2025-11-02 20:37:38,181 (453090/MainThread) pgcli.pgexecute ERROR - traceback: 'Traceback (most recent call last):\n  File "/usr/lib/python3.13/site-packages/pgcli/pgexecute.py", line 406, in run\n    yield self.execute_normal_sql(sql) + (sql, True, False)\n          ~~~~~~~~~~~~~~~~~~~~~~~^^^^^\n  File "/usr/lib/python3.13/site-packages/pgcli/pgexecute.py", line 460, in execute_normal_sql\n    cur.execute(split_sql)\n    ~~~~~~~~~~~^^^^^^^^^^^\n  File "/usr/lib/python3.13/site-packages/pgcli/pgexecute.py", line 91, in execute\n    super().execute(*args, **kwargs)\n    ~~~~~~~~~~~~~~~^^^^^^^^^^^^^^^^^\n  File "/usr/lib/python3.13/site-packages/psycopg/cursor.py", line 97, in execute\n    raise ex.with_traceback(None)\npsycopg.errors.UndefinedObject: window "total_for_all" does not exist\nLINE 2:  SUM(d.price * dn.number) OVER total_for_all\n                                       ^\n'
2025-11-02 20:38:59,457 (453090/MainThread) pgcli.pgexecute ERROR - sql: 'SELECT\n\td.name as service,\n\td.name as detail,\n\td.price as price,\n\tdn.number as num,\n\td.price * dn.number as total_details_price\n\tSUM(d.price * dn.number) OVER() total_for_all\nFROM "Detail" d\nJOIN "Detail_needed" dn ON dn.detail_id = d.id\nJOIN "Car_at_work" caw ON caw.id = dn.car_at_work_id\nJOIN "Service" s ON caw.service_id = s.id\nWHERE caw.order_id = 1\nGROUP BY d.price, dn.number\nORDER BY\ns.name,\nd.name,\nd.price,\ndn.number', error: SyntaxError('syntax error at or near "SUM"\nLINE 7:  SUM(d.price * dn.number) OVER() total_for_all\n         ^')
2025-11-02 20:38:59,459 (453090/MainThread) pgcli.pgexecute ERROR - traceback: 'Traceback (most recent call last):\n  File "/usr/lib/python3.13/site-packages/pgcli/pgexecute.py", line 406, in run\n    yield self.execute_normal_sql(sql) + (sql, True, False)\n          ~~~~~~~~~~~~~~~~~~~~~~~^^^^^\n  File "/usr/lib/python3.13/site-packages/pgcli/pgexecute.py", line 460, in execute_normal_sql\n    cur.execute(split_sql)\n    ~~~~~~~~~~~^^^^^^^^^^^\n  File "/usr/lib/python3.13/site-packages/pgcli/pgexecute.py", line 91, in execute\n    super().execute(*args, **kwargs)\n    ~~~~~~~~~~~~~~~^^^^^^^^^^^^^^^^^\n  File "/usr/lib/python3.13/site-packages/psycopg/cursor.py", line 97, in execute\n    raise ex.with_traceback(None)\npsycopg.errors.SyntaxError: syntax error at or near "SUM"\nLINE 7:  SUM(d.price * dn.number) OVER() total_for_all\n         ^\n'
2025-11-02 20:39:16,475 (453090/MainThread) pgcli.pgexecute ERROR - sql: 'SELECT\n\td.name as service,\n\td.name as detail,\n\td.price as price,\n\tdn.number as num,\n\td.price * dn.number as total_details_price,\n\tSUM(d.price * dn.number) OVER() total_for_all\nFROM "Detail" d\nJOIN "Detail_needed" dn ON dn.detail_id = d.id\nJOIN "Car_at_work" caw ON caw.id = dn.car_at_work_id\nJOIN "Service" s ON caw.service_id = s.id\nWHERE caw.order_id = 1\nGROUP BY d.price, dn.number\nORDER BY\ns.name,\nd.name,\nd.price,\ndn.number', error: GroupingError('column "d.name" must appear in the GROUP BY clause or be used in an aggregate function\nLINE 2:  d.name as service,\n         ^')
2025-11-02 20:39:16,476 (453090/MainThread) pgcli.pgexecute ERROR - traceback: 'Traceback (most recent call last):\n  File "/usr/lib/python3.13/site-packages/pgcli/pgexecute.py", line 406, in run\n    yield self.execute_normal_sql(sql) + (sql, True, False)\n          ~~~~~~~~~~~~~~~~~~~~~~~^^^^^\n  File "/usr/lib/python3.13/site-packages/pgcli/pgexecute.py", line 460, in execute_normal_sql\n    cur.execute(split_sql)\n    ~~~~~~~~~~~^^^^^^^^^^^\n  File "/usr/lib/python3.13/site-packages/pgcli/pgexecute.py", line 91, in execute\n    super().execute(*args, **kwargs)\n    ~~~~~~~~~~~~~~~^^^^^^^^^^^^^^^^^\n  File "/usr/lib/python3.13/site-packages/psycopg/cursor.py", line 97, in execute\n    raise ex.with_traceback(None)\npsycopg.errors.GroupingError: column "d.name" must appear in the GROUP BY clause or be used in an aggregate function\nLINE 2:  d.name as service,\n         ^\n'
2025-11-02 21:28:49,309 (453090/MainThread) pgcli.pgexecute ERROR - sql: '2SELECT\n  s.name,\n  AVG(s.price) AS avg_price,\n  MAX(s.approximate_time) AS max_time\nFROM "Service" s\nGROUP BY s.name\nHAVING AVG(s.price) > 1000', error: SyntaxError('trailing junk after numeric literal at or near "2SELECT"\nLINE 1: 2SELECT\n        ^')
2025-11-02 21:28:49,311 (453090/MainThread) pgcli.pgexecute ERROR - traceback: 'Traceback (most recent call last):\n  File "/usr/lib/python3.13/site-packages/pgcli/pgexecute.py", line 406, in run\n    yield self.execute_normal_sql(sql) + (sql, True, False)\n          ~~~~~~~~~~~~~~~~~~~~~~~^^^^^\n  File "/usr/lib/python3.13/site-packages/pgcli/pgexecute.py", line 460, in execute_normal_sql\n    cur.execute(split_sql)\n    ~~~~~~~~~~~^^^^^^^^^^^\n  File "/usr/lib/python3.13/site-packages/pgcli/pgexecute.py", line 91, in execute\n    super().execute(*args, **kwargs)\n    ~~~~~~~~~~~~~~~^^^^^^^^^^^^^^^^^\n  File "/usr/lib/python3.13/site-packages/psycopg/cursor.py", line 97, in execute\n    raise ex.with_traceback(None)\npsycopg.errors.SyntaxError: trailing junk after numeric literal at or near "2SELECT"\nLINE 1: 2SELECT\n        ^\n'
2025-11-04 14:20:39,417 (60768/MainThread) pgcli.main INFO - Default pager found in PAGER environment variable: "less"
2025-11-04 14:20:39,417 (60768/MainThread) pgcli.main WARNING - import keyring failed: ModuleNotFoundError("No module named 'keyring'").
2025-11-04 14:23:05,565 (60768/MainThread) pgcli.pgexecute ERROR - sql: 'SELECT\n\ts.id as service_id,\n\ts.name as service,\n\ts.price as price,\n\tcaw.id as car_id,\n\tcaw.order_id as order_id,\n\tcaw.status as status\nFROM Service s\nLEFT JOIN "Car_at_work" caw ON caw.service_id = s.id\nORDER BY\ns.id,\ns.name,\ns.price,\ncaw.id,\ncaw.order_id,\ncaw.status', error: UndefinedTable('relation "service" does not exist\nLINE 8: FROM Service s\n             ^')
2025-11-04 14:23:05,567 (60768/MainThread) pgcli.pgexecute ERROR - traceback: 'Traceback (most recent call last):\n  File "/usr/lib/python3.13/site-packages/pgcli/pgexecute.py", line 406, in run\n    yield self.execute_normal_sql(sql) + (sql, True, False)\n          ~~~~~~~~~~~~~~~~~~~~~~~^^^^^\n  File "/usr/lib/python3.13/site-packages/pgcli/pgexecute.py", line 460, in execute_normal_sql\n    cur.execute(split_sql)\n    ~~~~~~~~~~~^^^^^^^^^^^\n  File "/usr/lib/python3.13/site-packages/pgcli/pgexecute.py", line 91, in execute\n    super().execute(*args, **kwargs)\n    ~~~~~~~~~~~~~~~^^^^^^^^^^^^^^^^^\n  File "/usr/lib/python3.13/site-packages/psycopg/cursor.py", line 97, in execute\n    raise ex.with_traceback(None)\npsycopg.errors.UndefinedTable: relation "service" does not exist\nLINE 8: FROM Service s\n             ^\n'
